#
# There is insufficient memory for the Java Runtime Environment to continue.
# Native memory allocation (malloc) failed to allocate 354832 bytes. Error detail: Chunk::new
# Possible reasons:
#   The system is out of physical RAM or swap space
#   This process is running with CompressedOops enabled, and the Java Heap may be blocking the growth of the native heap
# Possible solutions:
#   Reduce memory load on the system
#   Increase physical memory or swap space
#   Check if swap backing store is full
#   Decrease Java heap size (-Xmx/-Xms)
#   Decrease number of Java threads
#   Decrease Java thread stack sizes (-Xss)
#   Set larger code cache with -XX:ReservedCodeCacheSize=
#   JVM is running with Unscaled Compressed Oops mode in which the Java heap is
#     placed in the first 4GB address space. The Java Heap base address is the
#     maximum limit for the native heap growth. Please use -XX:HeapBaseMinAddress
#     to set the Java Heap base and to place the Java Heap above 4GB virtual address.
# This output file may be truncated or incomplete.
#
#  Out of Memory Error (arena.cpp:168), pid=3616, tid=6040
#
# JRE version: OpenJDK Runtime Environment Temurin-21.0.10+7 (21.0.10+7) (build 21.0.10+7-LTS)
# Java VM: OpenJDK 64-Bit Server VM Temurin-21.0.10+7 (21.0.10+7-LTS, mixed mode, sharing, tiered, compressed oops, compressed class ptrs, parallel gc, windows-amd64)
# No core dump will be written. Minidumps are not enabled by default on client versions of Windows
#

---------------  S U M M A R Y ------------

Command Line: --add-modules=ALL-SYSTEM --add-opens=java.base/java.util=ALL-UNNAMED --add-opens=java.base/java.lang=ALL-UNNAMED --add-opens=java.base/sun.nio.fs=ALL-UNNAMED -Declipse.application=org.eclipse.jdt.ls.core.id1 -Dosgi.bundles.defaultStartLevel=4 -Declipse.product=org.eclipse.jdt.ls.core.product -Djava.import.generatesMetadataFilesAtProjectRoot=false -DDetectVMInstallationsJob.disabled=true -Dfile.encoding=utf8 -XX:+UseParallelGC -XX:GCTimeRatio=4 -XX:AdaptiveSizePolicyWeight=90 -Dsun.zip.disableMemoryMapping=true -Xmx2G -Xms100m -Xlog:disable -javaagent:c:\Users\phoenixSwan69\.vscode\extensions\redhat.java-1.53.0-win32-x64\lombok\lombok-1.18.39-4050.jar -XX:+HeapDumpOnOutOfMemoryError -XX:HeapDumpPath=c:\Users\phoenixSwan69\AppData\Roaming\Code\User\workspaceStorage\836d465897e43005d38983935556b70c\redhat.java -Daether.dependencyCollector.impl=bf c:\Users\phoenixSwan69\.vscode\extensions\redhat.java-1.53.0-win32-x64\server\plugins\org.eclipse.equinox.launcher_1.7.100.v20251111-0406.jar -configuration c:\Users\phoenixSwan69\AppData\Roaming\Code\User\globalStorage\redhat.java\1.53.0\config_win -data c:\Users\phoenixSwan69\AppData\Roaming\Code\User\workspaceStorage\836d465897e43005d38983935556b70c\redhat.java\jdt_ws --pipe=\\.\pipe\lsp-643cd6ebd8ac725b7c4fee7dfe392494-sock

Host: Intel(R) Core(TM) i7-7600U CPU @ 2.80GHz, 4 cores, 7G,  Windows 10 , 64 bit Build 21996 (10.0.21996.1)
Time: Wed Mar 25 01:49:53 2026 South Africa Standard Time elapsed time: 0.536665 seconds (0d 0h 0m 0s)

---------------  T H R E A D  ---------------

Current thread (0x0000027c5c299b90):  JavaThread "C2 CompilerThread1" daemon [_thread_in_native, id=6040, stack(0x00000098a1b00000,0x00000098a1c00000) (1024K)]


Current CompileTask:
C2:536  797       4       lombok.patcher.PatchScript::classMatches (41 bytes)

Stack: [0x00000098a1b00000,0x00000098a1c00000]
Native frames: (J=compiled Java code, j=interpreted, Vv=VM code, C=native code)
V  [jvm.dll+0x6d7a39]
V  [jvm.dll+0x8b4b26]
V  [jvm.dll+0x8b70de]
V  [jvm.dll+0x8b77c3]
V  [jvm.dll+0x284346]
V  [jvm.dll+0xc66ed]
V  [jvm.dll+0xc6c31]
V  [jvm.dll+0x3bec3b]
V  [jvm.dll+0x38b162]
V  [jvm.dll+0x38a5aa]
V  [jvm.dll+0x24c560]
V  [jvm.dll+0x24bb40]
V  [jvm.dll+0x1cb34e]
V  [jvm.dll+0x25b85d]
V  [jvm.dll+0x259dea]
V  [jvm.dll+0x3f857e]
V  [jvm.dll+0x85f59d]
V  [jvm.dll+0x6d626d]
C  [ucrtbase.dll+0x26c0c]
C  [KERNEL32.DLL+0x154e0]
C  [ntdll.dll+0x485b]


---------------  P R O C E S S  ---------------

Threads class SMR info:
_java_thread_list=0x0000027c5c1c6dc0, length=12, elements={
0x0000027c7dcaabb0, 0x0000027c16266460, 0x0000027c16267810, 0x0000027c1626b850,
0x0000027c1626f6d0, 0x0000027c16270a80, 0x0000027c16274160, 0x0000027c16282ac0,
0x0000027c16283710, 0x0000027c5c154e90, 0x0000027c5c299b90, 0x0000027c5c4c7870
}

Java Threads: ( => current thread )
  0x0000027c7dcaabb0 JavaThread "main"                              [_thread_in_native, id=10612, stack(0x00000098a0d00000,0x00000098a0e00000) (1024K)]
  0x0000027c16266460 JavaThread "Reference Handler"          daemon [_thread_blocked, id=11196, stack(0x00000098a1100000,0x00000098a1200000) (1024K)]
  0x0000027c16267810 JavaThread "Finalizer"                  daemon [_thread_blocked, id=8524, stack(0x00000098a1200000,0x00000098a1300000) (1024K)]
  0x0000027c1626b850 JavaThread "Signal Dispatcher"          daemon [_thread_blocked, id=3444, stack(0x00000098a1300000,0x00000098a1400000) (1024K)]
  0x0000027c1626f6d0 JavaThread "Attach Listener"            daemon [_thread_blocked, id=3960, stack(0x00000098a1400000,0x00000098a1500000) (1024K)]
  0x0000027c16270a80 JavaThread "Service Thread"             daemon [_thread_blocked, id=240, stack(0x00000098a1500000,0x00000098a1600000) (1024K)]
  0x0000027c16274160 JavaThread "Monitor Deflation Thread"   daemon [_thread_blocked, id=7040, stack(0x00000098a1600000,0x00000098a1700000) (1024K)]
  0x0000027c16282ac0 JavaThread "C2 CompilerThread0"         daemon [_thread_in_native, id=3516, stack(0x00000098a1700000,0x00000098a1800000) (1024K)]
  0x0000027c16283710 JavaThread "C1 CompilerThread0"         daemon [_thread_blocked, id=11148, stack(0x00000098a1800000,0x00000098a1900000) (1024K)]
  0x0000027c5c154e90 JavaThread "Common-Cleaner"             daemon [_thread_blocked, id=9424, stack(0x00000098a1900000,0x00000098a1a00000) (1024K)]
=>0x0000027c5c299b90 JavaThread "C2 CompilerThread1"         daemon [_thread_in_native, id=6040, stack(0x00000098a1b00000,0x00000098a1c00000) (1024K)]
  0x0000027c5c4c7870 JavaThread "Notification Thread"        daemon [_thread_blocked, id=5536, stack(0x00000098a1c00000,0x00000098a1d00000) (1024K)]
Total: 12

Other Threads:
  0x0000027c1624b8d0 VMThread "VM Thread"                           [id=7316, stack(0x00000098a1000000,0x00000098a1100000) (1024K)]
  0x0000027c7dd71190 WatcherThread "VM Periodic Task Thread"        [id=512, stack(0x00000098a0f00000,0x00000098a1000000) (1024K)]
  0x0000027c7dcc8850 WorkerThread "GC Thread#0"                     [id=5532, stack(0x00000098a0e00000,0x00000098a0f00000) (1024K)]
Total: 3

Threads with active compile tasks:
C2 CompilerThread0  550  796       4       lombok.patcher.scripts.MethodLevelPatchScript::patch (21 bytes)
C2 CompilerThread1  550  797       4       lombok.patcher.PatchScript::classMatches (41 bytes)
Total: 2

VM state: not at safepoint (normal execution)

VM Mutex/Monitor currently owned by a thread: None

Heap address: 0x0000000080000000, size: 2048 MB, Compressed Oops mode: 32-bit

CDS archive(s) mapped at: [0x0000027c17000000-0x0000027c17ba0000-0x0000027c17ba0000), size 12189696, SharedBaseAddress: 0x0000027c17000000, ArchiveRelocationMode: 1.
Compressed class space mapped at: 0x0000027c18000000-0x0000027c58000000, reserved size: 1073741824
Narrow klass base: 0x0000027c17000000, Narrow klass shift: 0, Narrow klass range: 0x100000000

GC Precious Log:
 CardTable entry size: 512
 CPUs: 4 total, 4 available
 Memory: 7971M
 Large Page Support: Disabled
 NUMA Support: Disabled
 Compressed Oops: Enabled (32-bit)
 Alignments: Space 512K, Generation 512K, Heap 2M
 Heap Min Capacity: 100M
 Heap Initial Capacity: 100M
 Heap Max Capacity: 2G
 Pre-touch: Disabled
 Parallel Workers: 4

Heap:
 PSYoungGen      total 29696K, used 17058K [0x00000000d5580000, 0x00000000d7680000, 0x0000000100000000)
  eden space 25600K, 66% used [0x00000000d5580000,0x00000000d6628b30,0x00000000d6e80000)
  from space 4096K, 0% used [0x00000000d7280000,0x00000000d7280000,0x00000000d7680000)
  to   space 4096K, 0% used [0x00000000d6e80000,0x00000000d6e80000,0x00000000d7280000)
 ParOldGen       total 68608K, used 0K [0x0000000080000000, 0x0000000084300000, 0x00000000d5580000)
  object space 68608K, 0% used [0x0000000080000000,0x0000000080000000,0x0000000084300000)
 Metaspace       used 3276K, committed 3456K, reserved 1114112K
  class space    used 349K, committed 448K, reserved 1048576K

Card table byte_map: [0x0000027c7d660000,0x0000027c7da70000] _byte_map_base: 0x0000027c7d260000

Marking Bits: (ParMarkBitMap*) 0x00007ffabcb43450
 Begin Bits: [0x0000027c12140000, 0x0000027c14140000)
 End Bits:   [0x0000027c14140000, 0x0000027c16140000)

Polling page: 0x0000027c7bb50000

Metaspace:

Usage:
  Non-class:      2.86 MB used.
      Class:    349.60 KB used.
       Both:      3.20 MB used.

Virtual space:
  Non-class space:       64.00 MB reserved,       2.94 MB (  5%) committed,  1 nodes.
      Class space:        1.00 GB reserved,     448.00 KB ( <1%) committed,  1 nodes.
             Both:        1.06 GB reserved,       3.38 MB ( <1%) committed. 

Chunk freelists:
   Non-Class:  11.50 MB
       Class:  15.50 MB
        Both:  27.00 MB

MaxMetaspaceSize: unlimited
CompressedClassSpaceSize: 1.00 GB
Initial GC threshold: 21.00 MB
Current GC threshold: 21.00 MB
CDS: on
 - commit_granule_bytes: 65536.
 - commit_granule_words: 8192.
 - virtual_space_node_default_size: 8388608.
 - enlarge_chunks_in_place: 1.
 - use_allocation_guard: 0.


Internal statistics:

num_allocs_failed_limit: 0.
num_arena_births: 146.
num_arena_deaths: 0.
num_vsnodes_births: 2.
num_vsnodes_deaths: 0.
num_space_committed: 54.
num_space_uncommitted: 0.
num_chunks_returned_to_freelist: 0.
num_chunks_taken_from_freelist: 186.
num_chunk_merges: 0.
num_chunk_splits: 122.
num_chunks_enlarged: 67.
num_inconsistent_stats: 0.

CodeHeap 'non-profiled nmethods': size=120000Kb used=313Kb max_used=313Kb free=119686Kb
 bounds [0x0000027c0ac10000, 0x0000027c0ae80000, 0x0000027c12140000]
CodeHeap 'profiled nmethods': size=120000Kb used=1345Kb max_used=1345Kb free=118654Kb
 bounds [0x0000027c03140000, 0x0000027c033b0000, 0x0000027c0a670000]
CodeHeap 'non-nmethods': size=5760Kb used=1188Kb max_used=1217Kb free=4571Kb
 bounds [0x0000027c0a670000, 0x0000027c0a8e0000, 0x0000027c0ac10000]
CodeCache: size=245760Kb, used=2846Kb, max_used=2875Kb, free=242911Kb
 total_blobs=1304, nmethods=857, adapters=354, full_count=0
Compilation: enabled, stopped_count=0, restarted_count=0

Compilation events (20 events):
Event: 0.531 Thread 0x0000027c16283710 nmethod 846 0x0000027c03285310 code [0x0000027c032854c0, 0x0000027c032856f0]
Event: 0.531 Thread 0x0000027c16283710  847       1       java.lang.Integer::intValue (5 bytes)
Event: 0.531 Thread 0x0000027c16283710 nmethod 847 0x0000027c0ac5da90 code [0x0000027c0ac5dc20, 0x0000027c0ac5dce8]
Event: 0.533 Thread 0x0000027c16283710  848       3       jdk.internal.org.objectweb.asm.Frame::<init> (10 bytes)
Event: 0.533 Thread 0x0000027c16283710 nmethod 848 0x0000027c03285810 code [0x0000027c032859c0, 0x0000027c03285b48]
Event: 0.533 Thread 0x0000027c16283710  849       3       jdk.internal.org.objectweb.asm.Type::getDescriptor (93 bytes)
Event: 0.534 Thread 0x0000027c16283710 nmethod 849 0x0000027c03285c10 code [0x0000027c03285e80, 0x0000027c03286568]
Event: 0.534 Thread 0x0000027c16283710  850       3       jdk.internal.org.objectweb.asm.MethodWriter::visitTypeInsn (116 bytes)
Event: 0.534 Thread 0x0000027c16283710 nmethod 850 0x0000027c03286810 code [0x0000027c03286a00, 0x0000027c03286df0]
Event: 0.534 Thread 0x0000027c16283710  851       3       jdk.internal.org.objectweb.asm.Frame::push (59 bytes)
Event: 0.535 Thread 0x0000027c16283710 nmethod 851 0x0000027c03287010 code [0x0000027c03287260, 0x0000027c032879f0]
Event: 0.535 Thread 0x0000027c16283710  853       3       jdk.internal.org.objectweb.asm.Frame::setLocal (65 bytes)
Event: 0.535 Thread 0x0000027c16283710 nmethod 853 0x0000027c03287d90 code [0x0000027c03287f60, 0x0000027c032883e0]
Event: 0.535 Thread 0x0000027c16283710  852       3       java.lang.invoke.MethodHandleStatics::dumper (4 bytes)
Event: 0.535 Thread 0x0000027c16283710 nmethod 852 0x0000027c03288590 code [0x0000027c03288720, 0x0000027c03288818]
Event: 0.535 Thread 0x0000027c16283710  854       3       java.lang.reflect.Modifier::isPrivate (12 bytes)
Event: 0.535 Thread 0x0000027c16283710 nmethod 854 0x0000027c03288890 code [0x0000027c03288a20, 0x0000027c03288b60]
Event: 0.535 Thread 0x0000027c16283710  855       3       java.lang.invoke.LambdaForm$NamedFunction::member (26 bytes)
Event: 0.536 Thread 0x0000027c16283710 nmethod 855 0x0000027c03288c10 code [0x0000027c03288da0, 0x0000027c03288ec0]
Event: 0.536 Thread 0x0000027c16283710  857   !   3       java.lang.invoke.MemberName$Factory::resolve (159 bytes)

GC Heap History (0 events):
No events

Dll operation events (8 events):
Event: 0.006 Loaded shared library c:\Users\phoenixSwan69\.vscode\extensions\redhat.java-1.53.0-win32-x64\jre\21.0.10-win32-x86_64\bin\java.dll
Event: 0.081 Loaded shared library c:\Users\phoenixSwan69\.vscode\extensions\redhat.java-1.53.0-win32-x64\jre\21.0.10-win32-x86_64\bin\zip.dll
Event: 0.106 Loaded shared library C:\Users\phoenixSwan69\.vscode\extensions\redhat.java-1.53.0-win32-x64\jre\21.0.10-win32-x86_64\bin\instrument.dll
Event: 0.112 Loaded shared library C:\Users\phoenixSwan69\.vscode\extensions\redhat.java-1.53.0-win32-x64\jre\21.0.10-win32-x86_64\bin\net.dll
Event: 0.114 Loaded shared library C:\Users\phoenixSwan69\.vscode\extensions\redhat.java-1.53.0-win32-x64\jre\21.0.10-win32-x86_64\bin\nio.dll
Event: 0.117 Loaded shared library C:\Users\phoenixSwan69\.vscode\extensions\redhat.java-1.53.0-win32-x64\jre\21.0.10-win32-x86_64\bin\zip.dll
Event: 0.138 Loaded shared library C:\Users\phoenixSwan69\.vscode\extensions\redhat.java-1.53.0-win32-x64\jre\21.0.10-win32-x86_64\bin\jimage.dll
Event: 0.204 Loaded shared library c:\Users\phoenixSwan69\.vscode\extensions\redhat.java-1.53.0-win32-x64\jre\21.0.10-win32-x86_64\bin\verify.dll

Deoptimization events (20 events):
Event: 0.364 Thread 0x0000027c7dcaabb0 DEOPT PACKING pc=0x0000027c0ac471dc sp=0x00000098a0dfc3d0
Event: 0.364 Thread 0x0000027c7dcaabb0 DEOPT UNPACKING pc=0x0000027c0a6c3aa2 sp=0x00000098a0dfc348 mode 2
Event: 0.372 Thread 0x0000027c7dcaabb0 Uncommon trap: trap_request=0xffffff45 fr.pc=0x0000027c0ac32104 relative=0x00000000000000e4
Event: 0.372 Thread 0x0000027c7dcaabb0 Uncommon trap: reason=unstable_if action=reinterpret pc=0x0000027c0ac32104 method=java.net.URI.match(CJJ)Z @ 45 c2
Event: 0.372 Thread 0x0000027c7dcaabb0 DEOPT PACKING pc=0x0000027c0ac32104 sp=0x00000098a0dfd0c0
Event: 0.372 Thread 0x0000027c7dcaabb0 DEOPT UNPACKING pc=0x0000027c0a6c3aa2 sp=0x00000098a0dfd028 mode 2
Event: 0.436 Thread 0x0000027c7dcaabb0 Uncommon trap: trap_request=0xffffff45 fr.pc=0x0000027c0ac3074c relative=0x00000000000001ac
Event: 0.436 Thread 0x0000027c7dcaabb0 Uncommon trap: reason=unstable_if action=reinterpret pc=0x0000027c0ac3074c method=java.lang.StringUTF16.compress([CI[BII)I @ 20 c2
Event: 0.436 Thread 0x0000027c7dcaabb0 DEOPT PACKING pc=0x0000027c0ac3074c sp=0x00000098a0dfbd50
Event: 0.436 Thread 0x0000027c7dcaabb0 DEOPT UNPACKING pc=0x0000027c0a6c3aa2 sp=0x00000098a0dfbcc0 mode 2
Event: 0.505 Thread 0x0000027c7dcaabb0 Uncommon trap: trap_request=0xffffff45 fr.pc=0x0000027c0ac5462c relative=0x000000000000008c
Event: 0.505 Thread 0x0000027c7dcaabb0 Uncommon trap: reason=unstable_if action=reinterpret pc=0x0000027c0ac5462c method=jdk.internal.misc.Unsafe.convEndian(ZI)I @ 4 c2
Event: 0.505 Thread 0x0000027c7dcaabb0 DEOPT PACKING pc=0x0000027c0ac5462c sp=0x00000098a0dfdc80
Event: 0.505 Thread 0x0000027c7dcaabb0 DEOPT UNPACKING pc=0x0000027c0a6c3aa2 sp=0x00000098a0dfdbb0 mode 2
Event: 0.508 Thread 0x0000027c7dcaabb0 Uncommon trap: trap_request=0xffffff45 fr.pc=0x0000027c0ac3eb88 relative=0x0000000000000628
Event: 0.508 Thread 0x0000027c7dcaabb0 Uncommon trap: reason=unstable_if action=reinterpret pc=0x0000027c0ac3eb88 method=java.lang.AbstractStringBuilder.append(Ljava/lang/String;)Ljava/lang/AbstractStringBuilder; @ 1 c2
Event: 0.508 Thread 0x0000027c7dcaabb0 DEOPT PACKING pc=0x0000027c0ac3eb88 sp=0x00000098a0dfdfe0
Event: 0.508 Thread 0x0000027c7dcaabb0 DEOPT UNPACKING pc=0x0000027c0a6c3aa2 sp=0x00000098a0dfdf70 mode 2
Event: 0.525 Thread 0x0000027c7dcaabb0 DEOPT PACKING pc=0x0000027c0325507b sp=0x00000098a0dfd4c0
Event: 0.525 Thread 0x0000027c7dcaabb0 DEOPT UNPACKING pc=0x0000027c0a6c4242 sp=0x00000098a0dfc938 mode 0

Classes loaded (20 events):
Event: 0.512 Loading class java/util/regex/Pattern$1MatcherIterator
Event: 0.512 Loading class java/util/regex/Pattern$1MatcherIterator done
Event: 0.513 Loading class java/util/ImmutableCollections$Access
Event: 0.513 Loading class java/util/ImmutableCollections$Access done
Event: 0.513 Loading class java/util/ImmutableCollections$Access$1
Event: 0.513 Loading class jdk/internal/access/JavaUtilCollectionAccess
Event: 0.513 Loading class jdk/internal/access/JavaUtilCollectionAccess done
Event: 0.513 Loading class java/util/ImmutableCollections$Access$1 done
Event: 0.515 Loading class java/util/stream/Nodes$SpinedNodeBuilder
Event: 0.515 Loading class java/util/stream/SpinedBuffer
Event: 0.516 Loading class java/util/stream/AbstractSpinedBuffer
Event: 0.516 Loading class java/util/stream/AbstractSpinedBuffer done
Event: 0.516 Loading class java/util/stream/SpinedBuffer done
Event: 0.516 Loading class java/util/stream/Nodes$SpinedNodeBuilder done
Event: 0.522 Loading class java/lang/invoke/DirectMethodHandle$Special
Event: 0.522 Loading class java/lang/invoke/DirectMethodHandle$Special done
Event: 0.531 Loading class java/util/stream/ReduceOps$2
Event: 0.531 Loading class java/util/stream/ReduceOps$2 done
Event: 0.531 Loading class java/util/stream/ReduceOps$2ReducingSink
Event: 0.531 Loading class java/util/stream/ReduceOps$2ReducingSink done

Classes unloaded (0 events):
No events

Classes redefined (0 events):
No events

Internal exceptions (20 events):
Event: 0.170 Thread 0x0000027c7dcaabb0 Exception <a 'java/lang/NoSuchMethodError'{0x00000000d59dcf90}: 'java.lang.Object java.lang.invoke.DirectMethodHandle$Holder.invokeStatic(java.lang.Object, java.lang.Object, java.lang.Object, java.lang.Object, int)'> (0x00000000d59dcf90) 
thrown [s\src\hotspot\share\interpreter\linkResolver.cpp, line 773]
Event: 0.172 Thread 0x0000027c7dcaabb0 Exception <a 'java/lang/NoSuchMethodError'{0x00000000d59e83d0}: 'void java.lang.invoke.DelegatingMethodHandle$Holder.reinvoke_L(java.lang.Object, java.lang.Object, java.lang.Object, int, java.lang.Object)'> (0x00000000d59e83d0) 
thrown [s\src\hotspot\share\interpreter\linkResolver.cpp, line 773]
Event: 0.176 Thread 0x0000027c7dcaabb0 Exception <a 'java/lang/NoSuchMethodError'{0x00000000d59f8d20}: 'int java.lang.invoke.DirectMethodHandle$Holder.invokeSpecial(java.lang.Object, java.lang.Object, java.lang.Object)'> (0x00000000d59f8d20) 
thrown [s\src\hotspot\share\interpreter\linkResolver.cpp, line 773]
Event: 0.178 Thread 0x0000027c7dcaabb0 Exception <a 'java/lang/NoSuchMethodError'{0x00000000d5a049e0}: 'java.lang.Object java.lang.invoke.DirectMethodHandle$Holder.invokeStatic(java.lang.Object, java.lang.Object, int)'> (0x00000000d5a049e0) 
thrown [s\src\hotspot\share\interpreter\linkResolver.cpp, line 773]
Event: 0.178 Thread 0x0000027c7dcaabb0 Exception <a 'java/lang/NoSuchMethodError'{0x00000000d5a09330}: 'void java.lang.invoke.DirectMethodHandle$Holder.invokeStatic(java.lang.Object, java.lang.Object, int, java.lang.Object)'> (0x00000000d5a09330) 
thrown [s\src\hotspot\share\interpreter\linkResolver.cpp, line 773]
Event: 0.179 Thread 0x0000027c7dcaabb0 Exception <a 'java/lang/NoSuchMethodError'{0x00000000d5a0cec0}: 'void java.lang.invoke.DirectMethodHandle$Holder.invokeSpecial(java.lang.Object, java.lang.Object, java.lang.Object, int, java.lang.Object)'> (0x00000000d5a0cec0) 
thrown [s\src\hotspot\share\interpreter\linkResolver.cpp, line 773]
Event: 0.179 Thread 0x0000027c7dcaabb0 Exception <a 'java/lang/NoSuchMethodError'{0x00000000d5a10330}: 'void java.lang.invoke.DelegatingMethodHandle$Holder.delegate(java.lang.Object, java.lang.Object, int, java.lang.Object)'> (0x00000000d5a10330) 
thrown [s\src\hotspot\share\interpreter\linkResolver.cpp, line 773]
Event: 0.221 Thread 0x0000027c7dcaabb0 Exception <a 'java/lang/NoSuchMethodError'{0x00000000d5bd2848}: 'void java.lang.invoke.DelegatingMethodHandle$Holder.reinvoke_L(java.lang.Object, java.lang.Object, java.lang.Object, int)'> (0x00000000d5bd2848) 
thrown [s\src\hotspot\share\interpreter\linkResolver.cpp, line 773]
Event: 0.351 Thread 0x0000027c7dcaabb0 Exception <a 'java/lang/NoSuchMethodError'{0x00000000d6060180}: 'void java.lang.invoke.DirectMethodHandle$Holder.invokeVirtual(java.lang.Object, java.lang.Object)'> (0x00000000d6060180) 
thrown [s\src\hotspot\share\interpreter\linkResolver.cpp, line 773]
Event: 0.485 Thread 0x0000027c7dcaabb0 Exception <a 'java/lang/NoSuchMethodError'{0x00000000d6446c90}: 'void java.lang.invoke.DirectMethodHandle$Holder.invokeStatic(java.lang.Object, java.lang.Object)'> (0x00000000d6446c90) 
thrown [s\src\hotspot\share\interpreter\linkResolver.cpp, line 773]
Event: 0.491 Thread 0x0000027c7dcaabb0 Exception <a 'java/lang/ClassNotFoundException'{0x00000000d646ed98}: sun/net/www/protocol/c/Handler> (0x00000000d646ed98) 
thrown [s\src\hotspot\share\classfile\systemDictionary.cpp, line 312]
Event: 0.503 Thread 0x0000027c7dcaabb0 Exception <a 'java/io/FileNotFoundException'{0x00000000d64d60d0}> (0x00000000d64d60d0) 
thrown [s\src\hotspot\share\prims\jni.cpp, line 520]
Event: 0.504 Thread 0x0000027c7dcaabb0 Exception <a 'java/io/FileNotFoundException'{0x00000000d64d7448}> (0x00000000d64d7448) 
thrown [s\src\hotspot\share\prims\jni.cpp, line 520]
Event: 0.504 Thread 0x0000027c7dcaabb0 Exception <a 'java/io/FileNotFoundException'{0x00000000d64d8110}> (0x00000000d64d8110) 
thrown [s\src\hotspot\share\prims\jni.cpp, line 520]
Event: 0.504 Thread 0x0000027c7dcaabb0 Exception <a 'java/io/FileNotFoundException'{0x00000000d64d8c90}> (0x00000000d64d8c90) 
thrown [s\src\hotspot\share\prims\jni.cpp, line 520]
Event: 0.508 Thread 0x0000027c7dcaabb0 Implicit null exception at 0x0000027c0ac3e5a4 to 0x0000027c0ac3eb70
Event: 0.511 Thread 0x0000027c7dcaabb0 Exception <a 'java/io/FileNotFoundException'{0x00000000d6512e78}> (0x00000000d6512e78) 
thrown [s\src\hotspot\share\prims\jni.cpp, line 520]
Event: 0.523 Thread 0x0000027c7dcaabb0 Exception <a 'java/lang/NoSuchMethodError'{0x00000000d654f920}: 'java.lang.Object java.lang.invoke.DirectMethodHandle$Holder.invokeInterface(java.lang.Object, java.lang.Object)'> (0x00000000d654f920) 
thrown [s\src\hotspot\share\interpreter\linkResolver.cpp, line 773]
Event: 0.527 Thread 0x0000027c7dcaabb0 Exception <a 'java/lang/NoSuchMethodError'{0x00000000d65633d0}: 'java.lang.Object java.lang.invoke.Invokers$Holder.invokeExact_MT(java.lang.Object, java.lang.Object, java.lang.Object, java.lang.Object, java.lang.Object, java.lang.Object)'> (0x00000000d65633d0) 
thrown [s\src\hotspot\share\interpreter\linkResolver.cpp, line 773]
Event: 0.530 Thread 0x0000027c7dcaabb0 Exception <a 'java/lang/NoSuchMethodError'{0x00000000d657a4a8}: 'int java.lang.invoke.DirectMethodHandle$Holder.invokeStatic(java.lang.Object, java.lang.Object, java.lang.Object, java.lang.Object, java.lang.Object)'> (0x00000000d657a4a8) 
thrown [s\src\hotspot\share\interpreter\linkResolver.cpp, line 773]

ZGC Phase Switch (0 events):
No events

VM Operations (8 events):
Event: 0.079 Executing non-safepoint VM operation: HandshakeAllThreads (Deoptimize)
Event: 0.079 Executing non-safepoint VM operation: HandshakeAllThreads (Deoptimize) done
Event: 0.152 Executing non-safepoint VM operation: HandshakeAllThreads (Deoptimize)
Event: 0.152 Executing non-safepoint VM operation: HandshakeAllThreads (Deoptimize) done
Event: 0.462 Executing non-safepoint VM operation: HandshakeAllThreads (Deoptimize)
Event: 0.462 Executing non-safepoint VM operation: HandshakeAllThreads (Deoptimize) done
Event: 0.481 Executing non-safepoint VM operation: HandshakeAllThreads (Deoptimize)
Event: 0.481 Executing non-safepoint VM operation: HandshakeAllThreads (Deoptimize) done

Memory protections (0 events):
No events

Nmethod flushes (0 events):
No events

Events (12 events):
Event: 0.022 Thread 0x0000027c7dcaabb0 Thread added: 0x0000027c7dcaabb0
Event: 0.042 Thread 0x0000027c7dcaabb0 Thread added: 0x0000027c16266460
Event: 0.042 Thread 0x0000027c7dcaabb0 Thread added: 0x0000027c16267810
Event: 0.043 Thread 0x0000027c7dcaabb0 Thread added: 0x0000027c1626b850
Event: 0.043 Thread 0x0000027c7dcaabb0 Thread added: 0x0000027c1626f6d0
Event: 0.043 Thread 0x0000027c7dcaabb0 Thread added: 0x0000027c16270a80
Event: 0.043 Thread 0x0000027c7dcaabb0 Thread added: 0x0000027c16274160
Event: 0.043 Thread 0x0000027c7dcaabb0 Thread added: 0x0000027c16282ac0
Event: 0.043 Thread 0x0000027c7dcaabb0 Thread added: 0x0000027c16283710
Event: 0.109 Thread 0x0000027c7dcaabb0 Thread added: 0x0000027c5c154e90
Event: 0.203 Thread 0x0000027c16283710 Thread added: 0x0000027c5c299b90
Event: 0.288 Thread 0x0000027c7dcaabb0 Thread added: 0x0000027c5c4c7870


Dynamic libraries:
0x00007ff7ba990000 - 0x00007ff7ba99e000 	c:\Users\phoenixSwan69\.vscode\extensions\redhat.java-1.53.0-win32-x64\jre\21.0.10-win32-x86_64\bin\java.exe
0x00007ffb49180000 - 0x00007ffb49387000 	C:\Windows\SYSTEM32\ntdll.dll
0x00007ffb474c0000 - 0x00007ffb4757d000 	C:\Windows\System32\KERNEL32.DLL
0x00007ffb46c20000 - 0x00007ffb46f92000 	C:\Windows\System32\KERNELBASE.dll
0x00007ffb46860000 - 0x00007ffb46971000 	C:\Windows\System32\ucrtbase.dll
0x00007ffb42290000 - 0x00007ffb422a8000 	c:\Users\phoenixSwan69\.vscode\extensions\redhat.java-1.53.0-win32-x64\jre\21.0.10-win32-x86_64\bin\jli.dll
0x00007ffb48ee0000 - 0x00007ffb4908c000 	C:\Windows\System32\USER32.dll
0x00007ffb47020000 - 0x00007ffb47046000 	C:\Windows\System32\win32u.dll
0x00007ffb484d0000 - 0x00007ffb484f9000 	C:\Windows\System32\GDI32.dll
0x00007ffb46740000 - 0x00007ffb46852000 	C:\Windows\System32\gdi32full.dll
0x00007ffb466a0000 - 0x00007ffb4673d000 	C:\Windows\System32\msvcp_win.dll
0x00007ffb39030000 - 0x00007ffb3904e000 	c:\Users\phoenixSwan69\.vscode\extensions\redhat.java-1.53.0-win32-x64\jre\21.0.10-win32-x86_64\bin\VCRUNTIME140.dll
0x00007ffb2c130000 - 0x00007ffb2c3d5000 	C:\Windows\WinSxS\amd64_microsoft.windows.common-controls_6595b64144ccf1df_6.0.21996.1_none_7d6b053978bcd706\COMCTL32.dll
0x00007ffb483c0000 - 0x00007ffb48463000 	C:\Windows\System32\msvcrt.dll
0x00007ffb48380000 - 0x00007ffb483b1000 	C:\Windows\System32\IMM32.DLL
0x00007ffb42280000 - 0x00007ffb4228c000 	c:\Users\phoenixSwan69\.vscode\extensions\redhat.java-1.53.0-win32-x64\jre\21.0.10-win32-x86_64\bin\vcruntime140_1.dll
0x00007ffb33fb0000 - 0x00007ffb3403d000 	c:\Users\phoenixSwan69\.vscode\extensions\redhat.java-1.53.0-win32-x64\jre\21.0.10-win32-x86_64\bin\msvcp140.dll
0x00007ffabbe80000 - 0x00007ffabcc21000 	c:\Users\phoenixSwan69\.vscode\extensions\redhat.java-1.53.0-win32-x64\jre\21.0.10-win32-x86_64\bin\server\jvm.dll
0x00007ffb47360000 - 0x00007ffb4740c000 	C:\Windows\System32\ADVAPI32.dll
0x00007ffb490a0000 - 0x00007ffb4913d000 	C:\Windows\System32\sechost.dll
0x00007ffb48510000 - 0x00007ffb48631000 	C:\Windows\System32\RPCRT4.dll
0x00007ffb48ab0000 - 0x00007ffb48b1f000 	C:\Windows\System32\WS2_32.dll
0x00007ffb464c0000 - 0x00007ffb4650d000 	C:\Windows\SYSTEM32\POWRPROF.dll
0x00007ffb35a10000 - 0x00007ffb35a43000 	C:\Windows\SYSTEM32\WINMM.dll
0x00007ffb3fa00000 - 0x00007ffb3fa0a000 	C:\Windows\SYSTEM32\VERSION.dll
0x00007ffb463b0000 - 0x00007ffb463c3000 	C:\Windows\SYSTEM32\UMPDC.dll
0x00007ffb45840000 - 0x00007ffb45857000 	C:\Windows\SYSTEM32\kernel.appcore.dll
0x00007ffb38fc0000 - 0x00007ffb38fca000 	c:\Users\phoenixSwan69\.vscode\extensions\redhat.java-1.53.0-win32-x64\jre\21.0.10-win32-x86_64\bin\jimage.dll
0x00007ffb35720000 - 0x00007ffb35941000 	C:\Windows\SYSTEM32\DBGHELP.DLL
0x00007ffb25db0000 - 0x00007ffb25de1000 	C:\Windows\SYSTEM32\dbgcore.DLL
0x00007ffb46fa0000 - 0x00007ffb47020000 	C:\Windows\System32\bcryptPrimitives.dll
0x00007ffb38f90000 - 0x00007ffb38f9f000 	c:\Users\phoenixSwan69\.vscode\extensions\redhat.java-1.53.0-win32-x64\jre\21.0.10-win32-x86_64\bin\instrument.dll
0x00007ffb33f90000 - 0x00007ffb33fb0000 	c:\Users\phoenixSwan69\.vscode\extensions\redhat.java-1.53.0-win32-x64\jre\21.0.10-win32-x86_64\bin\java.dll
0x00007ffb47580000 - 0x00007ffb47ce9000 	C:\Windows\System32\SHELL32.dll
0x00007ffb44860000 - 0x00007ffb450b8000 	C:\Windows\SYSTEM32\windows.storage.dll
0x00007ffb48b50000 - 0x00007ffb48ec5000 	C:\Windows\System32\combase.dll
0x00007ffb446f0000 - 0x00007ffb44856000 	C:\Windows\SYSTEM32\wintypes.dll
0x00007ffb470d0000 - 0x00007ffb471ba000 	C:\Windows\System32\SHCORE.dll
0x00007ffb48470000 - 0x00007ffb484cd000 	C:\Windows\System32\shlwapi.dll
0x00007ffb465d0000 - 0x00007ffb465f1000 	C:\Windows\SYSTEM32\profapi.dll
0x00007ffb33f70000 - 0x00007ffb33f88000 	c:\Users\phoenixSwan69\.vscode\extensions\redhat.java-1.53.0-win32-x64\jre\21.0.10-win32-x86_64\bin\zip.dll
0x00007ffb346d0000 - 0x00007ffb346e0000 	C:\Users\phoenixSwan69\.vscode\extensions\redhat.java-1.53.0-win32-x64\jre\21.0.10-win32-x86_64\bin\net.dll
0x00007ffb41ce0000 - 0x00007ffb41dec000 	C:\Windows\SYSTEM32\WINHTTP.dll
0x00007ffb45c50000 - 0x00007ffb45cb7000 	C:\Windows\system32\mswsock.dll
0x00007ffb33f50000 - 0x00007ffb33f66000 	C:\Users\phoenixSwan69\.vscode\extensions\redhat.java-1.53.0-win32-x64\jre\21.0.10-win32-x86_64\bin\nio.dll
0x00007ffb33f40000 - 0x00007ffb33f50000 	c:\Users\phoenixSwan69\.vscode\extensions\redhat.java-1.53.0-win32-x64\jre\21.0.10-win32-x86_64\bin\verify.dll

JVMTI agents:
c:\Users\phoenixSwan69\.vscode\extensions\redhat.java-1.53.0-win32-x64\lombok\lombok-1.18.39-4050.jar path:c:\Users\phoenixSwan69\.vscode\extensions\redhat.java-1.53.0-win32-x64\jre\21.0.10-win32-x86_64\bin\instrument.dll, loaded, initialized, instrumentlib options:none

dbghelp: loaded successfully - version: 4.0.5 - missing functions: none
symbol engine: initialized successfully - sym options: 0x614 - pdb path: .;c:\Users\phoenixSwan69\.vscode\extensions\redhat.java-1.53.0-win32-x64\jre\21.0.10-win32-x86_64\bin;C:\Windows\SYSTEM32;C:\Windows\WinSxS\amd64_microsoft.windows.common-controls_6595b64144ccf1df_6.0.21996.1_none_7d6b053978bcd706;c:\Users\phoenixSwan69\.vscode\extensions\redhat.java-1.53.0-win32-x64\jre\21.0.10-win32-x86_64\bin\server

VM Arguments:
jvm_args: --add-modules=ALL-SYSTEM --add-opens=java.base/java.util=ALL-UNNAMED --add-opens=java.base/java.lang=ALL-UNNAMED --add-opens=java.base/sun.nio.fs=ALL-UNNAMED -Declipse.application=org.eclipse.jdt.ls.core.id1 -Dosgi.bundles.defaultStartLevel=4 -Declipse.product=org.eclipse.jdt.ls.core.product -Djava.import.generatesMetadataFilesAtProjectRoot=false -DDetectVMInstallationsJob.disabled=true -Dfile.encoding=utf8 -XX:+UseParallelGC -XX:GCTimeRatio=4 -XX:AdaptiveSizePolicyWeight=90 -Dsun.zip.disableMemoryMapping=true -Xmx2G -Xms100m -Xlog:disable -javaagent:c:\Users\phoenixSwan69\.vscode\extensions\redhat.java-1.53.0-win32-x64\lombok\lombok-1.18.39-4050.jar -XX:+HeapDumpOnOutOfMemoryError -XX:HeapDumpPath=c:\Users\phoenixSwan69\AppData\Roaming\Code\User\workspaceStorage\836d465897e43005d38983935556b70c\redhat.java -Daether.dependencyCollector.impl=bf 
java_command: c:\Users\phoenixSwan69\.vscode\extensions\redhat.java-1.53.0-win32-x64\server\plugins\org.eclipse.equinox.launcher_1.7.100.v20251111-0406.jar -configuration c:\Users\phoenixSwan69\AppData\Roaming\Code\User\globalStorage\redhat.java\1.53.0\config_win -data c:\Users\phoenixSwan69\AppData\Roaming\Code\User\workspaceStorage\836d465897e43005d38983935556b70c\redhat.java\jdt_ws --pipe=\\.\pipe\lsp-643cd6ebd8ac725b7c4fee7dfe392494-sock
java_class_path (initial): c:\Users\phoenixSwan69\.vscode\extensions\redhat.java-1.53.0-win32-x64\server\plugins\org.eclipse.equinox.launcher_1.7.100.v20251111-0406.jar
Launcher Type: SUN_STANDARD

[Global flags]
    uintx AdaptiveSizePolicyWeight                 = 90                                        {product} {command line}
     intx CICompilerCount                          = 3                                         {product} {ergonomic}
    uintx GCTimeRatio                              = 4                                         {product} {command line}
     bool HeapDumpOnOutOfMemoryError               = true                                   {manageable} {command line}
    ccstr HeapDumpPath                             = c:\Users\phoenixSwan69\AppData\Roaming\Code\User\workspaceStorage\836d465897e43005d38983935556b70c\redhat.java         {manageable} {command line}
   size_t InitialHeapSize                          = 104857600                                 {product} {command line}
   size_t MaxHeapSize                              = 2147483648                                {product} {command line}
   size_t MaxNewSize                               = 715653120                                 {product} {ergonomic}
   size_t MinHeapDeltaBytes                        = 524288                                    {product} {ergonomic}
   size_t MinHeapSize                              = 104857600                                 {product} {command line}
   size_t NewSize                                  = 34603008                                  {product} {ergonomic}
    uintx NonNMethodCodeHeapSize                   = 5832780                                {pd product} {ergonomic}
    uintx NonProfiledCodeHeapSize                  = 122912730                              {pd product} {ergonomic}
   size_t OldSize                                  = 70254592                                  {product} {ergonomic}
    uintx ProfiledCodeHeapSize                     = 122912730                              {pd product} {ergonomic}
    uintx ReservedCodeCacheSize                    = 251658240                              {pd product} {ergonomic}
     bool SegmentedCodeCache                       = true                                      {product} {ergonomic}
   size_t SoftMaxHeapSize                          = 2147483648                             {manageable} {ergonomic}
     bool UseCompressedOops                        = true                           {product lp64_product} {ergonomic}
     bool UseLargePagesIndividualAllocation        = false                                  {pd product} {ergonomic}
     bool UseParallelGC                            = true                                      {product} {command line}

Logging:
Log output configuration:
 #0: stdout all=off uptime,level,tags foldmultilines=false
 #1: stderr all=off uptime,level,tags foldmultilines=false

Release file:
JAVA_VERSION="21.0.10" 
MODULES="java.base java.compiler java.datatransfer java.xml java.prefs java.desktop java.instrument java.logging java.management java.security.sasl java.naming java.rmi java.management.rmi java.net.http java.scripting java.security.jgss java.transaction.xa java.sql java.sql.rowset java.xml.crypto java.se java.smartcardio jdk.accessibility jdk.internal.jvmstat jdk.attach jdk.charsets jdk.internal.opt jdk.zipfs jdk.compiler jdk.crypto.ec jdk.crypto.cryptoki jdk.crypto.mscapi jdk.dynalink jdk.internal.ed jdk.editpad jdk.hotspot.agent jdk.httpserver jdk.internal.le jdk.internal.vm.ci jdk.internal.vm.compiler jdk.internal.vm.compiler.management jdk.jartool jdk.javadoc jdk.jcmd jdk.management jdk.management.agent jdk.jconsole jdk.jdeps jdk.jdwp.agent jdk.jdi jdk.jfr jdk.jshell jdk.jsobject jdk.jstatd jdk.localedata jdk.management.jfr jdk.naming.dns jdk.naming.rmi jdk.net jdk.nio.mapmode jdk.random jdk.sctp jdk.security.auth jdk.security.jgss jdk.unsupported jdk.unsupported.desktop jdk.xml.dom" 

Environment Variables:
PATH=C:\Program Files\Common Files\Oracle\Java\javapath;C:\Program Files (x86)\Common Files\Oracle\Java\java8path;C:\Program Files (x86)\Common Files\Oracle\Java\javapath;C:\Program Files (x86)\NVIDIA Corporation\PhysX\Common;C:\Windows\system32;C:\Windows;C:\Windows\System32\Wbem;C:\Windows\System32\WindowsPowerShell\v1.0\;C:\Windows\System32\OpenSSH\;C:\Program Files\nodejs;C:\Program Files\nodejs\;C:\Program Files\Microsoft SQL Server\170\Tools\Binn\;C:\Program Files\Microsoft SQL Server\Client SDK\ODBC\170\Tools\Binn\;C:\Program Files (x86)\Windows Kits\10\Windows Performance Toolkit\;C:\Program Files\dotnet\;C:\Users\phoenixSwan69\AppData\Local\Microsoft\WindowsApps;C:\Users\phoenixSwan69\AppData\Local\Programs\Microsoft VS Code\bin;C:\Users\phoenixSwan69\AppData\Roaming\npm;C:\Program Files\nodejs;C:\Git\cmd;C:\Program Files\JetBrains\IntelliJ IDEA 2025.3.3\bin;C:\Users\phoenixSwan69\.dotnet\tools
USERNAME=phoenixSwan69
OS=Windows_NT
PROCESSOR_IDENTIFIER=Intel64 Family 6 Model 142 Stepping 9, GenuineIntel
TMP=C:\Users\PHOENI~1\AppData\Local\Temp
TEMP=C:\Users\PHOENI~1\AppData\Local\Temp




Periodic native trim disabled

---------------  S Y S T E M  ---------------

OS:
 Windows 10 , 64 bit Build 21996 (10.0.21996.1)
OS uptime: 0 days 4:04 hours

CPU: total 4 (initial active 4) (2 cores per cpu, 2 threads per core) family 6 model 142 stepping 9 microcode 0xde, cx8, cmov, fxsr, ht, mmx, 3dnowpref, sse, sse2, sse3, ssse3, sse4.1, sse4.2, popcnt, lzcnt, tsc, tscinvbit, avx, avx2, aes, erms, clmul, bmi1, bmi2, rtm, adx, fma, vzeroupper, clflush, clflushopt, rdtscp, f16c
Processor Information for the first 4 processors :
  Max Mhz: 2904, Current Mhz: 2803, Mhz Limit: 2787

Memory: 4k page, system-wide physical 7971M (1197M free)
TotalPageFile size 7971M (AvailPageFile size 5M)
current process WorkingSet (physical memory assigned to process): 65M, peak: 65M
current process commit charge ("private bytes"): 222M, peak: 222M

vm_info: OpenJDK 64-Bit Server VM (21.0.10+7-LTS) for windows-amd64 JRE (21.0.10+7-LTS), built on 2026-01-20T00:00:00Z by "admin" with MS VC++ 17.12 (VS2022)

END.
