#
# There is insufficient memory for the Java Runtime Environment to continue.
# Native memory allocation (malloc) failed to allocate 2169568 bytes. Error detail: Chunk::new
# Possible reasons:
#   The system is out of physical RAM or swap space
#   This process is running with CompressedOops enabled, and the Java Heap may be blocking the growth of the native heap
# Possible solutions:
#   Reduce memory load on the system
#   Increase physical memory or swap space
#   Check if swap backing store is full
#   Decrease Java heap size (-Xmx/-Xms)
#   Decrease number of Java threads
#   Decrease Java thread stack sizes (-Xss)
#   Set larger code cache with -XX:ReservedCodeCacheSize=
#   JVM is running with Unscaled Compressed Oops mode in which the Java heap is
#     placed in the first 4GB address space. The Java Heap base address is the
#     maximum limit for the native heap growth. Please use -XX:HeapBaseMinAddress
#     to set the Java Heap base and to place the Java Heap above 4GB virtual address.
# This output file may be truncated or incomplete.
#
#  Out of Memory Error (arena.cpp:168), pid=7876, tid=7472
#
# JRE version: OpenJDK Runtime Environment Temurin-21.0.10+7 (21.0.10+7) (build 21.0.10+7-LTS)
# Java VM: OpenJDK 64-Bit Server VM Temurin-21.0.10+7 (21.0.10+7-LTS, mixed mode, sharing, tiered, compressed oops, compressed class ptrs, g1 gc, windows-amd64)
# No core dump will be written. Minidumps are not enabled by default on client versions of Windows
#

---------------  S U M M A R Y ------------

Command Line: --add-opens=java.base/java.lang=ALL-UNNAMED --add-opens=java.base/java.lang.invoke=ALL-UNNAMED --add-opens=java.base/java.util=ALL-UNNAMED --add-opens=java.prefs/java.util.prefs=ALL-UNNAMED --add-exports=jdk.compiler/com.sun.tools.javac.api=ALL-UNNAMED --add-exports=jdk.compiler/com.sun.tools.javac.util=ALL-UNNAMED --add-opens=java.base/java.util=ALL-UNNAMED --add-opens=java.prefs/java.util.prefs=ALL-UNNAMED --add-opens=java.base/java.nio.charset=ALL-UNNAMED --add-opens=java.base/java.net=ALL-UNNAMED --add-opens=java.base/java.util.concurrent.atomic=ALL-UNNAMED --add-opens=java.xml/javax.xml.namespace=ALL-UNNAMED -XX:MaxMetaspaceSize=512m -Xmx2048m -Dfile.encoding=UTF-8 -Duser.country=ZW -Duser.language=en -Duser.variant -javaagent:C:\Users\phoenixSwan69\.gradle\wrapper\dists\gradle-8.14.3-bin\cv11ve7ro1n3o1j4so8xd9n66\gradle-8.14.3\lib\agents\gradle-instrumentation-agent-8.14.3.jar org.gradle.launcher.daemon.bootstrap.GradleDaemon 8.14.3

Host: Intel(R) Core(TM) i7-7600U CPU @ 2.80GHz, 4 cores, 7G,  Windows 10 , 64 bit Build 21996 (10.0.21996.1)
Time: Mon Mar 23 00:22:34 2026 South Africa Standard Time elapsed time: 15.538297 seconds (0d 0h 0m 15s)

---------------  T H R E A D  ---------------

Current thread (0x000001aafdc855f0):  JavaThread "C2 CompilerThread1" daemon [_thread_in_native, id=7472, stack(0x00000007c1600000,0x00000007c1700000) (1024K)]


Current CompileTask:
C2:15538 6206       4       org.objectweb.asm.ClassWriter::toByteArray (1535 bytes)

Stack: [0x00000007c1600000,0x00000007c1700000]
Native frames: (J=compiled Java code, j=interpreted, Vv=VM code, C=native code)
V  [jvm.dll+0x6d7a39]
V  [jvm.dll+0x8b4b26]
V  [jvm.dll+0x8b70de]
V  [jvm.dll+0x8b77c3]
V  [jvm.dll+0x284346]
V  [jvm.dll+0xc66ed]
V  [jvm.dll+0xc6c31]
V  [jvm.dll+0x3bec3b]
V  [jvm.dll+0x38b162]
V  [jvm.dll+0x38a5aa]
V  [jvm.dll+0x24c560]
V  [jvm.dll+0x24bb40]
V  [jvm.dll+0x1cb34e]
V  [jvm.dll+0x25b85d]
V  [jvm.dll+0x259dea]
V  [jvm.dll+0x3f857e]
V  [jvm.dll+0x85f59d]
V  [jvm.dll+0x6d626d]
C  [ucrtbase.dll+0x26c0c]
C  [KERNEL32.DLL+0x154e0]
C  [ntdll.dll+0x485b]


---------------  P R O C E S S  ---------------

Threads class SMR info:
_java_thread_list=0x000001aa819445f0, length=41, elements={
0x000001aac4887ce0, 0x000001aadd951130, 0x000001aadd952000, 0x000001aadd9534c0,
0x000001aadd9551b0, 0x000001aadd957dd0, 0x000001aadd959970, 0x000001aadd95ff90,
0x000001aadd960a30, 0x000001aaddb24210, 0x000001aaddc7bf70, 0x000001aafdfd6030,
0x000001aafe5e4770, 0x000001aafe3b3e00, 0x000001aafe7a8af0, 0x000001aafe62db50,
0x000001aafe8c7db0, 0x000001aafe8c5ce0, 0x000001aafe8c6370, 0x000001aafe8c6a00,
0x000001aafe8c7720, 0x000001aafe8c7090, 0x000001aafe8c8440, 0x000001aafe8c4fc0,
0x000001aaff6b09b0, 0x000001aaff6ab460, 0x000001aaff6af600, 0x000001aaff6adbc0,
0x000001aaff6acea0, 0x000001aaff6aa740, 0x000001aaff6ac180, 0x000001aaff6aa0b0,
0x000001aafdc855f0, 0x000001aaff6ac810, 0x000001aaff6ad530, 0x000001aaff6ae8e0,
0x000001aaff6aadd0, 0x000001aaff6afc90, 0x000001aaff6b0320, 0x000001aaff6abaf0,
0x000001aaff6aef70
}

Java Threads: ( => current thread )
  0x000001aac4887ce0 JavaThread "main"                              [_thread_blocked, id=8644, stack(0x00000007bec00000,0x00000007bed00000) (1024K)]
  0x000001aadd951130 JavaThread "Reference Handler"          daemon [_thread_blocked, id=10628, stack(0x00000007bf400000,0x00000007bf500000) (1024K)]
  0x000001aadd952000 JavaThread "Finalizer"                  daemon [_thread_blocked, id=1112, stack(0x00000007bf500000,0x00000007bf600000) (1024K)]
  0x000001aadd9534c0 JavaThread "Signal Dispatcher"          daemon [_thread_blocked, id=11224, stack(0x00000007bf600000,0x00000007bf700000) (1024K)]
  0x000001aadd9551b0 JavaThread "Attach Listener"            daemon [_thread_blocked, id=3816, stack(0x00000007bf700000,0x00000007bf800000) (1024K)]
  0x000001aadd957dd0 JavaThread "Service Thread"             daemon [_thread_blocked, id=10728, stack(0x00000007bf800000,0x00000007bf900000) (1024K)]
  0x000001aadd959970 JavaThread "Monitor Deflation Thread"   daemon [_thread_blocked, id=5644, stack(0x00000007bf900000,0x00000007bfa00000) (1024K)]
  0x000001aadd95ff90 JavaThread "C2 CompilerThread0"         daemon [_thread_in_native, id=10280, stack(0x00000007bfa00000,0x00000007bfb00000) (1024K)]
  0x000001aadd960a30 JavaThread "C1 CompilerThread0"         daemon [_thread_blocked, id=7984, stack(0x00000007bfb00000,0x00000007bfc00000) (1024K)]
  0x000001aaddb24210 JavaThread "Common-Cleaner"             daemon [_thread_blocked, id=1936, stack(0x00000007bfc00000,0x00000007bfd00000) (1024K)]
  0x000001aaddc7bf70 JavaThread "Notification Thread"        daemon [_thread_blocked, id=8852, stack(0x00000007bfd00000,0x00000007bfe00000) (1024K)]
  0x000001aafdfd6030 JavaThread "Daemon health stats"               [_thread_blocked, id=7644, stack(0x00000007c0200000,0x00000007c0300000) (1024K)]
  0x000001aafe5e4770 JavaThread "Incoming local TCP Connector on port 50393"        [_thread_in_native, id=6824, stack(0x00000007c0300000,0x00000007c0400000) (1024K)]
  0x000001aafe3b3e00 JavaThread "Daemon periodic checks"            [_thread_blocked, id=6312, stack(0x00000007c0400000,0x00000007c0500000) (1024K)]
  0x000001aafe7a8af0 JavaThread "Daemon"                            [_thread_blocked, id=8268, stack(0x00000007c0500000,0x00000007c0600000) (1024K)]
  0x000001aafe62db50 JavaThread "Handler for socket connection from /127.0.0.1:50393 to /127.0.0.1:50394"        [_thread_in_native, id=3096, stack(0x00000007c0600000,0x00000007c0700000) (1024K)]
  0x000001aafe8c7db0 JavaThread "Cancel handler"                    [_thread_blocked, id=11244, stack(0x00000007c0700000,0x00000007c0800000) (1024K)]
  0x000001aafe8c5ce0 JavaThread "Daemon worker"                     [_thread_in_vm, id=11208, stack(0x00000007c0800000,0x00000007c0900000) (1024K)]
  0x000001aafe8c6370 JavaThread "Asynchronous log dispatcher for DefaultDaemonConnection: socket connection from /127.0.0.1:50393 to /127.0.0.1:50394"        [_thread_blocked, id=144, stack(0x00000007c0900000,0x00000007c0a00000) (1024K)]
  0x000001aafe8c6a00 JavaThread "Stdin handler"                     [_thread_blocked, id=1516, stack(0x00000007c0a00000,0x00000007c0b00000) (1024K)]
  0x000001aafe8c7720 JavaThread "Daemon client event forwarder"        [_thread_blocked, id=1876, stack(0x00000007c0b00000,0x00000007c0c00000) (1024K)]
  0x000001aafe8c7090 JavaThread "Cache worker for journal cache (C:\Users\phoenixSwan69\.gradle\caches\journal-1)"        [_thread_blocked, id=1168, stack(0x00000007c0c00000,0x00000007c0d00000) (1024K)]
  0x000001aafe8c8440 JavaThread "File lock request listener"        [_thread_in_native, id=6268, stack(0x00000007c0d00000,0x00000007c0e00000) (1024K)]
  0x000001aafe8c4fc0 JavaThread "Cache worker for file hash cache (C:\Users\phoenixSwan69\.gradle\caches\8.14.3\fileHashes)"        [_thread_blocked, id=10168, stack(0x00000007c0e00000,0x00000007c0f00000) (1024K)]
  0x000001aaff6b09b0 JavaThread "Cache worker for file hash cache (C:\Users\phoenixSwan69\Desktop\Rentify\android\.gradle\8.14.3\fileHashes)"        [_thread_blocked, id=2828, stack(0x00000007c0f00000,0x00000007c1000000) (1024K)]
  0x000001aaff6ab460 JavaThread "Cache worker for Build Output Cleanup Cache (C:\Users\phoenixSwan69\Desktop\Rentify\android\.gradle\buildOutputCleanup)"        [_thread_blocked, id=9260, stack(0x00000007c1000000,0x00000007c1100000) (1024K)]
  0x000001aaff6af600 JavaThread "File watcher server"        daemon [_thread_in_native, id=9404, stack(0x00000007c1100000,0x00000007c1200000) (1024K)]
  0x000001aaff6adbc0 JavaThread "File watcher consumer"      daemon [_thread_blocked, id=9512, stack(0x00000007c1200000,0x00000007c1300000) (1024K)]
  0x000001aaff6acea0 JavaThread "jar transforms"                    [_thread_blocked, id=11020, stack(0x00000007c1300000,0x00000007c1400000) (1024K)]
  0x000001aaff6aa740 JavaThread "jar transforms Thread 2"           [_thread_blocked, id=1000, stack(0x00000007c1400000,0x00000007c1500000) (1024K)]
  0x000001aaff6ac180 JavaThread "jar transforms Thread 3"           [_thread_blocked, id=2900, stack(0x00000007c1500000,0x00000007c1600000) (1024K)]
  0x000001aaff6aa0b0 JavaThread "jar transforms Thread 4"           [_thread_blocked, id=960, stack(0x00000007c0000000,0x00000007c0100000) (1024K)]
=>0x000001aafdc855f0 JavaThread "C2 CompilerThread1"         daemon [_thread_in_native, id=7472, stack(0x00000007c1600000,0x00000007c1700000) (1024K)]
  0x000001aaff6ac810 JavaThread "Cache worker for checksums cache (C:\Users\phoenixSwan69\Desktop\Rentify\android\.gradle\8.14.3\checksums)"        [_thread_blocked, id=3308, stack(0x00000007c1700000,0x00000007c1800000) (1024K)]
  0x000001aaff6ad530 JavaThread "Cache worker for file content cache (C:\Users\phoenixSwan69\.gradle\caches\8.14.3\fileContent)"        [_thread_blocked, id=6096, stack(0x00000007c1800000,0x00000007c1900000) (1024K)]
  0x000001aaff6ae8e0 JavaThread "Exec process"                      [_thread_blocked, id=6900, stack(0x00000007c1900000,0x00000007c1a00000) (1024K)]
  0x000001aaff6aadd0 JavaThread "Exec process Thread 2"             [_thread_blocked, id=9848, stack(0x00000007c1a00000,0x00000007c1b00000) (1024K)]
  0x000001aaff6afc90 JavaThread "Exec process Thread 3"             [_thread_blocked, id=5980, stack(0x00000007c1b00000,0x00000007c1c00000) (1024K)]
  0x000001aaff6b0320 JavaThread "Cache worker for cache directory md-supplier (C:\Users\phoenixSwan69\.gradle\caches\8.14.3\md-supplier)"        [_thread_blocked, id=9356, stack(0x00000007c1c00000,0x00000007c1d00000) (1024K)]
  0x000001aaff6abaf0 JavaThread "Cache worker for cache directory md-rule (C:\Users\phoenixSwan69\.gradle\caches\8.14.3\md-rule)"        [_thread_blocked, id=5876, stack(0x00000007c1d00000,0x00000007c1e00000) (1024K)]
  0x000001aaff6aef70 JavaThread "Cache worker for Build Output Cleanup Cache (C:\Users\phoenixSwan69\Desktop\Rentify\node_modules\@react-native\gradle-plugin\.gradle\buildOutputCleanup)"        [_thread_blocked, id=10948, stack(0x00000007c1e00000,0x00000007c1f00000) (1024K)]
Total: 41

Other Threads:
  0x000001aadd932fe0 VMThread "VM Thread"                           [id=9024, stack(0x00000007bf300000,0x00000007bf400000) (1024K)]
  0x000001aadd9249c0 WatcherThread "VM Periodic Task Thread"        [id=1588, stack(0x00000007bf200000,0x00000007bf300000) (1024K)]
  0x000001aac6ae5960 WorkerThread "GC Thread#0"                     [id=8720, stack(0x00000007bed00000,0x00000007bee00000) (1024K)]
  0x000001aaddc88fc0 WorkerThread "GC Thread#1"                     [id=9888, stack(0x00000007bfe00000,0x00000007bff00000) (1024K)]
  0x000001aaddc93d60 WorkerThread "GC Thread#2"                     [id=5344, stack(0x00000007bff00000,0x00000007c0000000) (1024K)]
  0x000001aafdc02d30 WorkerThread "GC Thread#3"                     [id=2980, stack(0x00000007c0100000,0x00000007c0200000) (1024K)]
  0x000001aac494ea50 ConcurrentGCThread "G1 Main Marker"            [id=9836, stack(0x00000007bee00000,0x00000007bef00000) (1024K)]
  0x000001aac6af6c80 WorkerThread "G1 Conc#0"                       [id=5716, stack(0x00000007bef00000,0x00000007bf000000) (1024K)]
  0x000001aac6b5eb90 ConcurrentGCThread "G1 Refine#0"               [id=6008, stack(0x00000007bf000000,0x00000007bf100000) (1024K)]
  0x000001aadd7f4700 ConcurrentGCThread "G1 Service"                [id=7280, stack(0x00000007bf100000,0x00000007bf200000) (1024K)]
Total: 10

Threads with active compile tasks:
C2 CompilerThread0  15571 6147 %     4       org.objectweb.asm.ClassReader::readCode @ 2187 (5117 bytes)
C2 CompilerThread1  15571 6206       4       org.objectweb.asm.ClassWriter::toByteArray (1535 bytes)
Total: 2

VM state: not at safepoint (normal execution)

VM Mutex/Monitor currently owned by a thread: None

Heap address: 0x0000000080000000, size: 2048 MB, Compressed Oops mode: 32-bit

CDS archive(s) mapped at: [0x000001aade000000-0x000001aadeba0000-0x000001aadeba0000), size 12189696, SharedBaseAddress: 0x000001aade000000, ArchiveRelocationMode: 1.
Compressed class space mapped at: 0x000001aadf000000-0x000001aaf9000000, reserved size: 436207616
Narrow klass base: 0x000001aade000000, Narrow klass shift: 0, Narrow klass range: 0x100000000

GC Precious Log:
 CardTable entry size: 512
 Card Set container configuration: InlinePtr #cards 5 size 8 Array Of Cards #cards 12 size 40 Howl #buckets 4 coarsen threshold 1843 Howl Bitmap #cards 512 size 80 coarsen threshold 460 Card regions per heap region 1 cards per card region 2048
 CPUs: 4 total, 4 available
 Memory: 7971M
 Large Page Support: Disabled
 NUMA Support: Disabled
 Compressed Oops: Enabled (32-bit)
 Heap Region Size: 1M
 Heap Min Capacity: 8M
 Heap Initial Capacity: 126M
 Heap Max Capacity: 2G
 Pre-touch: Disabled
 Parallel Workers: 4
 Concurrent Workers: 1
 Concurrent Refinement Workers: 4
 Periodic GC: Disabled

Heap:
 garbage-first heap   total 172032K, used 71379K [0x0000000080000000, 0x0000000100000000)
  region size 1024K, 34 young (34816K), 7 survivors (7168K)
 Metaspace       used 46202K, committed 47680K, reserved 491520K
  class space    used 6495K, committed 7232K, reserved 425984K

Heap Regions: E=young(eden), S=young(survivor), O=old, HS=humongous(starts), HC=humongous(continues), CS=collection set, F=free, TAMS=top-at-mark-start, PB=parsable bottom
|   0|0x0000000080000000, 0x0000000080100000, 0x0000000080100000|100%|HS|  |TAMS 0x0000000080000000| PB 0x0000000080000000| Complete 
|   1|0x0000000080100000, 0x0000000080200000, 0x0000000080200000|100%|HC|  |TAMS 0x0000000080100000| PB 0x0000000080100000| Complete 
|   2|0x0000000080200000, 0x0000000080300000, 0x0000000080300000|100%|HC|  |TAMS 0x0000000080200000| PB 0x0000000080200000| Complete 
|   3|0x0000000080300000, 0x0000000080400000, 0x0000000080400000|100%| O|  |TAMS 0x0000000080300000| PB 0x0000000080300000| Untracked 
|   4|0x0000000080400000, 0x0000000080500000, 0x0000000080500000|100%| O|  |TAMS 0x0000000080400000| PB 0x0000000080400000| Untracked 
|   5|0x0000000080500000, 0x0000000080600000, 0x0000000080600000|100%| O|  |TAMS 0x0000000080500000| PB 0x0000000080500000| Untracked 
|   6|0x0000000080600000, 0x0000000080700000, 0x0000000080700000|100%|HS|  |TAMS 0x0000000080600000| PB 0x0000000080600000| Complete 
|   7|0x0000000080700000, 0x0000000080800000, 0x0000000080800000|100%| O|  |TAMS 0x0000000080700000| PB 0x0000000080700000| Untracked 
|   8|0x0000000080800000, 0x0000000080900000, 0x0000000080900000|100%| O|  |TAMS 0x0000000080800000| PB 0x0000000080800000| Untracked 
|   9|0x0000000080900000, 0x0000000080a00000, 0x0000000080a00000|100%| O|  |TAMS 0x0000000080900000| PB 0x0000000080900000| Untracked 
|  10|0x0000000080a00000, 0x0000000080b00000, 0x0000000080b00000|100%| O|  |TAMS 0x0000000080a00000| PB 0x0000000080a00000| Untracked 
|  11|0x0000000080b00000, 0x0000000080c00000, 0x0000000080c00000|100%| O|  |TAMS 0x0000000080b00000| PB 0x0000000080b00000| Untracked 
|  12|0x0000000080c00000, 0x0000000080d00000, 0x0000000080d00000|100%| O|  |TAMS 0x0000000080c00000| PB 0x0000000080c00000| Untracked 
|  13|0x0000000080d00000, 0x0000000080e00000, 0x0000000080e00000|100%| O|  |TAMS 0x0000000080d00000| PB 0x0000000080d00000| Untracked 
|  14|0x0000000080e00000, 0x0000000080f00000, 0x0000000080f00000|100%| O|  |TAMS 0x0000000080e00000| PB 0x0000000080e00000| Untracked 
|  15|0x0000000080f00000, 0x0000000081000000, 0x0000000081000000|100%| O|  |TAMS 0x0000000080f00000| PB 0x0000000080f00000| Untracked 
|  16|0x0000000081000000, 0x0000000081100000, 0x0000000081100000|100%| O|  |TAMS 0x0000000081000000| PB 0x0000000081000000| Untracked 
|  17|0x0000000081100000, 0x0000000081200000, 0x0000000081200000|100%| O|  |TAMS 0x0000000081100000| PB 0x0000000081100000| Untracked 
|  18|0x0000000081200000, 0x0000000081300000, 0x0000000081300000|100%| O|  |TAMS 0x0000000081200000| PB 0x0000000081200000| Untracked 
|  19|0x0000000081300000, 0x0000000081400000, 0x0000000081400000|100%| O|  |TAMS 0x0000000081300000| PB 0x0000000081300000| Untracked 
|  20|0x0000000081400000, 0x0000000081500000, 0x0000000081500000|100%| O|  |TAMS 0x0000000081400000| PB 0x0000000081400000| Untracked 
|  21|0x0000000081500000, 0x0000000081600000, 0x0000000081600000|100%| O|  |TAMS 0x0000000081500000| PB 0x0000000081500000| Untracked 
|  22|0x0000000081600000, 0x0000000081700000, 0x0000000081700000|100%| O|  |TAMS 0x0000000081600000| PB 0x0000000081600000| Untracked 
|  23|0x0000000081700000, 0x0000000081800000, 0x0000000081800000|100%| O|  |TAMS 0x0000000081700000| PB 0x0000000081700000| Untracked 
|  24|0x0000000081800000, 0x0000000081900000, 0x0000000081900000|100%| O|  |TAMS 0x0000000081800000| PB 0x0000000081800000| Untracked 
|  25|0x0000000081900000, 0x0000000081a00000, 0x0000000081a00000|100%| O|  |TAMS 0x0000000081900000| PB 0x0000000081900000| Untracked 
|  26|0x0000000081a00000, 0x0000000081b00000, 0x0000000081b00000|100%| O|  |TAMS 0x0000000081a00000| PB 0x0000000081a00000| Untracked 
|  27|0x0000000081b00000, 0x0000000081c00000, 0x0000000081c00000|100%| O|  |TAMS 0x0000000081b00000| PB 0x0000000081b00000| Untracked 
|  28|0x0000000081c00000, 0x0000000081d00000, 0x0000000081d00000|100%| O|  |TAMS 0x0000000081c00000| PB 0x0000000081c00000| Untracked 
|  29|0x0000000081d00000, 0x0000000081e00000, 0x0000000081e00000|100%| O|  |TAMS 0x0000000081d00000| PB 0x0000000081d00000| Untracked 
|  30|0x0000000081e00000, 0x0000000081f00000, 0x0000000081f00000|100%| O|  |TAMS 0x0000000081e00000| PB 0x0000000081e00000| Untracked 
|  31|0x0000000081f00000, 0x0000000082000000, 0x0000000082000000|100%| O|  |TAMS 0x0000000081f00000| PB 0x0000000081f00000| Untracked 
|  32|0x0000000082000000, 0x0000000082100000, 0x0000000082100000|100%| O|  |TAMS 0x0000000082000000| PB 0x0000000082000000| Untracked 
|  33|0x0000000082100000, 0x0000000082200000, 0x0000000082200000|100%| O|  |TAMS 0x0000000082100000| PB 0x0000000082100000| Untracked 
|  34|0x0000000082200000, 0x0000000082300000, 0x0000000082300000|100%| O|  |TAMS 0x0000000082200000| PB 0x0000000082200000| Untracked 
|  35|0x0000000082300000, 0x0000000082400000, 0x0000000082400000|100%| O|  |TAMS 0x0000000082300000| PB 0x0000000082300000| Untracked 
|  36|0x0000000082400000, 0x00000000824b4ca0, 0x0000000082500000| 70%| O|  |TAMS 0x0000000082400000| PB 0x0000000082400000| Untracked 
|  37|0x0000000082500000, 0x0000000082500000, 0x0000000082600000|  0%| F|  |TAMS 0x0000000082500000| PB 0x0000000082500000| Untracked 
|  38|0x0000000082600000, 0x0000000082600000, 0x0000000082700000|  0%| F|  |TAMS 0x0000000082600000| PB 0x0000000082600000| Untracked 
|  39|0x0000000082700000, 0x0000000082700000, 0x0000000082800000|  0%| F|  |TAMS 0x0000000082700000| PB 0x0000000082700000| Untracked 
|  40|0x0000000082800000, 0x0000000082800000, 0x0000000082900000|  0%| F|  |TAMS 0x0000000082800000| PB 0x0000000082800000| Untracked 
|  41|0x0000000082900000, 0x0000000082900000, 0x0000000082a00000|  0%| F|  |TAMS 0x0000000082900000| PB 0x0000000082900000| Untracked 
|  42|0x0000000082a00000, 0x0000000082a00000, 0x0000000082b00000|  0%| F|  |TAMS 0x0000000082a00000| PB 0x0000000082a00000| Untracked 
|  43|0x0000000082b00000, 0x0000000082b00000, 0x0000000082c00000|  0%| F|  |TAMS 0x0000000082b00000| PB 0x0000000082b00000| Untracked 
|  44|0x0000000082c00000, 0x0000000082c00000, 0x0000000082d00000|  0%| F|  |TAMS 0x0000000082c00000| PB 0x0000000082c00000| Untracked 
|  45|0x0000000082d00000, 0x0000000082d00000, 0x0000000082e00000|  0%| F|  |TAMS 0x0000000082d00000| PB 0x0000000082d00000| Untracked 
|  46|0x0000000082e00000, 0x0000000082e00000, 0x0000000082f00000|  0%| F|  |TAMS 0x0000000082e00000| PB 0x0000000082e00000| Untracked 
|  47|0x0000000082f00000, 0x0000000082f00000, 0x0000000083000000|  0%| F|  |TAMS 0x0000000082f00000| PB 0x0000000082f00000| Untracked 
|  48|0x0000000083000000, 0x0000000083000000, 0x0000000083100000|  0%| F|  |TAMS 0x0000000083000000| PB 0x0000000083000000| Untracked 
|  49|0x0000000083100000, 0x0000000083100000, 0x0000000083200000|  0%| F|  |TAMS 0x0000000083100000| PB 0x0000000083100000| Untracked 
|  50|0x0000000083200000, 0x0000000083200000, 0x0000000083300000|  0%| F|  |TAMS 0x0000000083200000| PB 0x0000000083200000| Untracked 
|  51|0x0000000083300000, 0x0000000083300000, 0x0000000083400000|  0%| F|  |TAMS 0x0000000083300000| PB 0x0000000083300000| Untracked 
|  52|0x0000000083400000, 0x0000000083400000, 0x0000000083500000|  0%| F|  |TAMS 0x0000000083400000| PB 0x0000000083400000| Untracked 
|  53|0x0000000083500000, 0x0000000083500000, 0x0000000083600000|  0%| F|  |TAMS 0x0000000083500000| PB 0x0000000083500000| Untracked 
|  54|0x0000000083600000, 0x0000000083600000, 0x0000000083700000|  0%| F|  |TAMS 0x0000000083600000| PB 0x0000000083600000| Untracked 
|  55|0x0000000083700000, 0x0000000083700000, 0x0000000083800000|  0%| F|  |TAMS 0x0000000083700000| PB 0x0000000083700000| Untracked 
|  56|0x0000000083800000, 0x0000000083800000, 0x0000000083900000|  0%| F|  |TAMS 0x0000000083800000| PB 0x0000000083800000| Untracked 
|  57|0x0000000083900000, 0x0000000083900000, 0x0000000083a00000|  0%| F|  |TAMS 0x0000000083900000| PB 0x0000000083900000| Untracked 
|  58|0x0000000083a00000, 0x0000000083a00000, 0x0000000083b00000|  0%| F|  |TAMS 0x0000000083a00000| PB 0x0000000083a00000| Untracked 
|  59|0x0000000083b00000, 0x0000000083b00000, 0x0000000083c00000|  0%| F|  |TAMS 0x0000000083b00000| PB 0x0000000083b00000| Untracked 
|  60|0x0000000083c00000, 0x0000000083c00000, 0x0000000083d00000|  0%| F|  |TAMS 0x0000000083c00000| PB 0x0000000083c00000| Untracked 
|  61|0x0000000083d00000, 0x0000000083d00000, 0x0000000083e00000|  0%| F|  |TAMS 0x0000000083d00000| PB 0x0000000083d00000| Untracked 
|  62|0x0000000083e00000, 0x0000000083e00000, 0x0000000083f00000|  0%| F|  |TAMS 0x0000000083e00000| PB 0x0000000083e00000| Untracked 
|  63|0x0000000083f00000, 0x0000000083f00000, 0x0000000084000000|  0%| F|  |TAMS 0x0000000083f00000| PB 0x0000000083f00000| Untracked 
|  64|0x0000000084000000, 0x0000000084000000, 0x0000000084100000|  0%| F|  |TAMS 0x0000000084000000| PB 0x0000000084000000| Untracked 
|  65|0x0000000084100000, 0x0000000084100000, 0x0000000084200000|  0%| F|  |TAMS 0x0000000084100000| PB 0x0000000084100000| Untracked 
|  66|0x0000000084200000, 0x0000000084200000, 0x0000000084300000|  0%| F|  |TAMS 0x0000000084200000| PB 0x0000000084200000| Untracked 
|  67|0x0000000084300000, 0x0000000084300000, 0x0000000084400000|  0%| F|  |TAMS 0x0000000084300000| PB 0x0000000084300000| Untracked 
|  68|0x0000000084400000, 0x0000000084500000, 0x0000000084500000|100%| S|CS|TAMS 0x0000000084400000| PB 0x0000000084400000| Complete 
|  69|0x0000000084500000, 0x0000000084600000, 0x0000000084600000|100%| S|CS|TAMS 0x0000000084500000| PB 0x0000000084500000| Complete 
|  70|0x0000000084600000, 0x0000000084700000, 0x0000000084700000|100%| S|CS|TAMS 0x0000000084600000| PB 0x0000000084600000| Complete 
|  71|0x0000000084700000, 0x0000000084800000, 0x0000000084800000|100%| S|CS|TAMS 0x0000000084700000| PB 0x0000000084700000| Complete 
|  72|0x0000000084800000, 0x0000000084900000, 0x0000000084900000|100%| S|CS|TAMS 0x0000000084800000| PB 0x0000000084800000| Complete 
|  73|0x0000000084900000, 0x0000000084a00000, 0x0000000084a00000|100%| S|CS|TAMS 0x0000000084900000| PB 0x0000000084900000| Complete 
|  74|0x0000000084a00000, 0x0000000084b00000, 0x0000000084b00000|100%| S|CS|TAMS 0x0000000084a00000| PB 0x0000000084a00000| Complete 
|  75|0x0000000084b00000, 0x0000000084b00000, 0x0000000084c00000|  0%| F|  |TAMS 0x0000000084b00000| PB 0x0000000084b00000| Untracked 
|  76|0x0000000084c00000, 0x0000000084c00000, 0x0000000084d00000|  0%| F|  |TAMS 0x0000000084c00000| PB 0x0000000084c00000| Untracked 
|  77|0x0000000084d00000, 0x0000000084d00000, 0x0000000084e00000|  0%| F|  |TAMS 0x0000000084d00000| PB 0x0000000084d00000| Untracked 
|  78|0x0000000084e00000, 0x0000000084e00000, 0x0000000084f00000|  0%| F|  |TAMS 0x0000000084e00000| PB 0x0000000084e00000| Untracked 
|  79|0x0000000084f00000, 0x0000000084f00000, 0x0000000085000000|  0%| F|  |TAMS 0x0000000084f00000| PB 0x0000000084f00000| Untracked 
|  80|0x0000000085000000, 0x0000000085000000, 0x0000000085100000|  0%| F|  |TAMS 0x0000000085000000| PB 0x0000000085000000| Untracked 
|  81|0x0000000085100000, 0x0000000085100000, 0x0000000085200000|  0%| F|  |TAMS 0x0000000085100000| PB 0x0000000085100000| Untracked 
|  82|0x0000000085200000, 0x0000000085200000, 0x0000000085300000|  0%| F|  |TAMS 0x0000000085200000| PB 0x0000000085200000| Untracked 
|  83|0x0000000085300000, 0x0000000085300000, 0x0000000085400000|  0%| F|  |TAMS 0x0000000085300000| PB 0x0000000085300000| Untracked 
|  84|0x0000000085400000, 0x0000000085400000, 0x0000000085500000|  0%| F|  |TAMS 0x0000000085400000| PB 0x0000000085400000| Untracked 
|  85|0x0000000085500000, 0x0000000085500000, 0x0000000085600000|  0%| F|  |TAMS 0x0000000085500000| PB 0x0000000085500000| Untracked 
|  86|0x0000000085600000, 0x0000000085600000, 0x0000000085700000|  0%| F|  |TAMS 0x0000000085600000| PB 0x0000000085600000| Untracked 
|  87|0x0000000085700000, 0x0000000085700000, 0x0000000085800000|  0%| F|  |TAMS 0x0000000085700000| PB 0x0000000085700000| Untracked 
|  88|0x0000000085800000, 0x0000000085800000, 0x0000000085900000|  0%| F|  |TAMS 0x0000000085800000| PB 0x0000000085800000| Untracked 
|  89|0x0000000085900000, 0x0000000085900000, 0x0000000085a00000|  0%| F|  |TAMS 0x0000000085900000| PB 0x0000000085900000| Untracked 
|  90|0x0000000085a00000, 0x0000000085a00000, 0x0000000085b00000|  0%| F|  |TAMS 0x0000000085a00000| PB 0x0000000085a00000| Untracked 
|  91|0x0000000085b00000, 0x0000000085b00000, 0x0000000085c00000|  0%| F|  |TAMS 0x0000000085b00000| PB 0x0000000085b00000| Untracked 
|  92|0x0000000085c00000, 0x0000000085c00000, 0x0000000085d00000|  0%| F|  |TAMS 0x0000000085c00000| PB 0x0000000085c00000| Untracked 
|  93|0x0000000085d00000, 0x0000000085d00000, 0x0000000085e00000|  0%| F|  |TAMS 0x0000000085d00000| PB 0x0000000085d00000| Untracked 
|  94|0x0000000085e00000, 0x0000000085e00000, 0x0000000085f00000|  0%| F|  |TAMS 0x0000000085e00000| PB 0x0000000085e00000| Untracked 
|  95|0x0000000085f00000, 0x0000000085f00000, 0x0000000086000000|  0%| F|  |TAMS 0x0000000085f00000| PB 0x0000000085f00000| Untracked 
|  96|0x0000000086000000, 0x0000000086000000, 0x0000000086100000|  0%| F|  |TAMS 0x0000000086000000| PB 0x0000000086000000| Untracked 
|  97|0x0000000086100000, 0x0000000086100000, 0x0000000086200000|  0%| F|  |TAMS 0x0000000086100000| PB 0x0000000086100000| Untracked 
|  98|0x0000000086200000, 0x0000000086200000, 0x0000000086300000|  0%| F|  |TAMS 0x0000000086200000| PB 0x0000000086200000| Untracked 
|  99|0x0000000086300000, 0x0000000086300000, 0x0000000086400000|  0%| F|  |TAMS 0x0000000086300000| PB 0x0000000086300000| Untracked 
| 100|0x0000000086400000, 0x0000000086400000, 0x0000000086500000|  0%| F|  |TAMS 0x0000000086400000| PB 0x0000000086400000| Untracked 
| 101|0x0000000086500000, 0x0000000086500000, 0x0000000086600000|  0%| F|  |TAMS 0x0000000086500000| PB 0x0000000086500000| Untracked 
| 102|0x0000000086600000, 0x0000000086600000, 0x0000000086700000|  0%| F|  |TAMS 0x0000000086600000| PB 0x0000000086600000| Untracked 
| 103|0x0000000086700000, 0x0000000086700000, 0x0000000086800000|  0%| F|  |TAMS 0x0000000086700000| PB 0x0000000086700000| Untracked 
| 104|0x0000000086800000, 0x0000000086800000, 0x0000000086900000|  0%| F|  |TAMS 0x0000000086800000| PB 0x0000000086800000| Untracked 
| 105|0x0000000086900000, 0x0000000086900000, 0x0000000086a00000|  0%| F|  |TAMS 0x0000000086900000| PB 0x0000000086900000| Untracked 
| 106|0x0000000086a00000, 0x0000000086a00000, 0x0000000086b00000|  0%| F|  |TAMS 0x0000000086a00000| PB 0x0000000086a00000| Untracked 
| 107|0x0000000086b00000, 0x0000000086b00000, 0x0000000086c00000|  0%| F|  |TAMS 0x0000000086b00000| PB 0x0000000086b00000| Untracked 
| 108|0x0000000086c00000, 0x0000000086c00000, 0x0000000086d00000|  0%| F|  |TAMS 0x0000000086c00000| PB 0x0000000086c00000| Untracked 
| 109|0x0000000086d00000, 0x0000000086d00000, 0x0000000086e00000|  0%| F|  |TAMS 0x0000000086d00000| PB 0x0000000086d00000| Untracked 
| 110|0x0000000086e00000, 0x0000000086e00000, 0x0000000086f00000|  0%| F|  |TAMS 0x0000000086e00000| PB 0x0000000086e00000| Untracked 
| 111|0x0000000086f00000, 0x0000000086f00000, 0x0000000087000000|  0%| F|  |TAMS 0x0000000086f00000| PB 0x0000000086f00000| Untracked 
| 112|0x0000000087000000, 0x0000000087000000, 0x0000000087100000|  0%| F|  |TAMS 0x0000000087000000| PB 0x0000000087000000| Untracked 
| 113|0x0000000087100000, 0x0000000087100000, 0x0000000087200000|  0%| F|  |TAMS 0x0000000087100000| PB 0x0000000087100000| Untracked 
| 114|0x0000000087200000, 0x0000000087200000, 0x0000000087300000|  0%| F|  |TAMS 0x0000000087200000| PB 0x0000000087200000| Untracked 
| 115|0x0000000087300000, 0x0000000087300000, 0x0000000087400000|  0%| F|  |TAMS 0x0000000087300000| PB 0x0000000087300000| Untracked 
| 116|0x0000000087400000, 0x0000000087400000, 0x0000000087500000|  0%| F|  |TAMS 0x0000000087400000| PB 0x0000000087400000| Untracked 
| 117|0x0000000087500000, 0x0000000087500000, 0x0000000087600000|  0%| F|  |TAMS 0x0000000087500000| PB 0x0000000087500000| Untracked 
| 118|0x0000000087600000, 0x0000000087600000, 0x0000000087700000|  0%| F|  |TAMS 0x0000000087600000| PB 0x0000000087600000| Untracked 
| 119|0x0000000087700000, 0x0000000087700000, 0x0000000087800000|  0%| F|  |TAMS 0x0000000087700000| PB 0x0000000087700000| Untracked 
| 120|0x0000000087800000, 0x0000000087800000, 0x0000000087900000|  0%| F|  |TAMS 0x0000000087800000| PB 0x0000000087800000| Untracked 
| 121|0x0000000087900000, 0x0000000087900000, 0x0000000087a00000|  0%| F|  |TAMS 0x0000000087900000| PB 0x0000000087900000| Untracked 
| 122|0x0000000087a00000, 0x0000000087a00000, 0x0000000087b00000|  0%| F|  |TAMS 0x0000000087a00000| PB 0x0000000087a00000| Untracked 
| 123|0x0000000087b00000, 0x0000000087b00000, 0x0000000087c00000|  0%| F|  |TAMS 0x0000000087b00000| PB 0x0000000087b00000| Untracked 
| 124|0x0000000087c00000, 0x0000000087c00000, 0x0000000087d00000|  0%| F|  |TAMS 0x0000000087c00000| PB 0x0000000087c00000| Untracked 
| 125|0x0000000087d00000, 0x0000000087d00000, 0x0000000087e00000|  0%| F|  |TAMS 0x0000000087d00000| PB 0x0000000087d00000| Untracked 
| 126|0x0000000087e00000, 0x0000000087e00000, 0x0000000087f00000|  0%| F|  |TAMS 0x0000000087e00000| PB 0x0000000087e00000| Untracked 
| 127|0x0000000087f00000, 0x0000000087f00000, 0x0000000088000000|  0%| F|  |TAMS 0x0000000087f00000| PB 0x0000000087f00000| Untracked 
| 128|0x0000000088000000, 0x0000000088000000, 0x0000000088100000|  0%| F|  |TAMS 0x0000000088000000| PB 0x0000000088000000| Untracked 
| 129|0x0000000088100000, 0x0000000088100000, 0x0000000088200000|  0%| F|  |TAMS 0x0000000088100000| PB 0x0000000088100000| Untracked 
| 130|0x0000000088200000, 0x0000000088200000, 0x0000000088300000|  0%| F|  |TAMS 0x0000000088200000| PB 0x0000000088200000| Untracked 
| 131|0x0000000088300000, 0x0000000088300000, 0x0000000088400000|  0%| F|  |TAMS 0x0000000088300000| PB 0x0000000088300000| Untracked 
| 132|0x0000000088400000, 0x0000000088400000, 0x0000000088500000|  0%| F|  |TAMS 0x0000000088400000| PB 0x0000000088400000| Untracked 
| 133|0x0000000088500000, 0x0000000088500000, 0x0000000088600000|  0%| F|  |TAMS 0x0000000088500000| PB 0x0000000088500000| Untracked 
| 134|0x0000000088600000, 0x0000000088600000, 0x0000000088700000|  0%| F|  |TAMS 0x0000000088600000| PB 0x0000000088600000| Untracked 
| 135|0x0000000088700000, 0x0000000088700000, 0x0000000088800000|  0%| F|  |TAMS 0x0000000088700000| PB 0x0000000088700000| Untracked 
| 136|0x0000000088800000, 0x0000000088800000, 0x0000000088900000|  0%| F|  |TAMS 0x0000000088800000| PB 0x0000000088800000| Untracked 
| 137|0x0000000088900000, 0x0000000088900000, 0x0000000088a00000|  0%| F|  |TAMS 0x0000000088900000| PB 0x0000000088900000| Untracked 
| 138|0x0000000088a00000, 0x0000000088a00000, 0x0000000088b00000|  0%| F|  |TAMS 0x0000000088a00000| PB 0x0000000088a00000| Untracked 
| 139|0x0000000088b00000, 0x0000000088b00000, 0x0000000088c00000|  0%| F|  |TAMS 0x0000000088b00000| PB 0x0000000088b00000| Untracked 
| 140|0x0000000088c00000, 0x0000000088c00000, 0x0000000088d00000|  0%| F|  |TAMS 0x0000000088c00000| PB 0x0000000088c00000| Untracked 
| 141|0x0000000088d00000, 0x0000000088d80000, 0x0000000088e00000| 50%| E|  |TAMS 0x0000000088d00000| PB 0x0000000088d00000| Complete 
| 142|0x0000000088e00000, 0x0000000088f00000, 0x0000000088f00000|100%| E|CS|TAMS 0x0000000088e00000| PB 0x0000000088e00000| Complete 
| 143|0x0000000088f00000, 0x0000000089000000, 0x0000000089000000|100%| E|CS|TAMS 0x0000000088f00000| PB 0x0000000088f00000| Complete 
| 144|0x0000000089000000, 0x0000000089100000, 0x0000000089100000|100%| E|CS|TAMS 0x0000000089000000| PB 0x0000000089000000| Complete 
| 145|0x0000000089100000, 0x0000000089200000, 0x0000000089200000|100%| E|CS|TAMS 0x0000000089100000| PB 0x0000000089100000| Complete 
| 146|0x0000000089200000, 0x0000000089300000, 0x0000000089300000|100%| E|CS|TAMS 0x0000000089200000| PB 0x0000000089200000| Complete 
| 147|0x0000000089300000, 0x0000000089400000, 0x0000000089400000|100%| E|CS|TAMS 0x0000000089300000| PB 0x0000000089300000| Complete 
| 148|0x0000000089400000, 0x0000000089500000, 0x0000000089500000|100%| E|CS|TAMS 0x0000000089400000| PB 0x0000000089400000| Complete 
| 149|0x0000000089500000, 0x0000000089600000, 0x0000000089600000|100%| E|CS|TAMS 0x0000000089500000| PB 0x0000000089500000| Complete 
| 150|0x0000000089600000, 0x0000000089700000, 0x0000000089700000|100%| E|CS|TAMS 0x0000000089600000| PB 0x0000000089600000| Complete 
| 151|0x0000000089700000, 0x0000000089800000, 0x0000000089800000|100%| E|CS|TAMS 0x0000000089700000| PB 0x0000000089700000| Complete 
| 152|0x0000000089800000, 0x0000000089900000, 0x0000000089900000|100%| E|CS|TAMS 0x0000000089800000| PB 0x0000000089800000| Complete 
| 153|0x0000000089900000, 0x0000000089a00000, 0x0000000089a00000|100%| E|CS|TAMS 0x0000000089900000| PB 0x0000000089900000| Complete 
| 154|0x0000000089a00000, 0x0000000089b00000, 0x0000000089b00000|100%| E|CS|TAMS 0x0000000089a00000| PB 0x0000000089a00000| Complete 
| 155|0x0000000089b00000, 0x0000000089c00000, 0x0000000089c00000|100%| E|CS|TAMS 0x0000000089b00000| PB 0x0000000089b00000| Complete 
| 156|0x0000000089c00000, 0x0000000089d00000, 0x0000000089d00000|100%| E|CS|TAMS 0x0000000089c00000| PB 0x0000000089c00000| Complete 
| 157|0x0000000089d00000, 0x0000000089e00000, 0x0000000089e00000|100%| E|CS|TAMS 0x0000000089d00000| PB 0x0000000089d00000| Complete 
| 158|0x0000000089e00000, 0x0000000089f00000, 0x0000000089f00000|100%| E|CS|TAMS 0x0000000089e00000| PB 0x0000000089e00000| Complete 
| 159|0x0000000089f00000, 0x000000008a000000, 0x000000008a000000|100%| E|CS|TAMS 0x0000000089f00000| PB 0x0000000089f00000| Complete 
| 160|0x000000008a000000, 0x000000008a100000, 0x000000008a100000|100%| E|CS|TAMS 0x000000008a000000| PB 0x000000008a000000| Complete 
| 161|0x000000008a100000, 0x000000008a200000, 0x000000008a200000|100%| E|CS|TAMS 0x000000008a100000| PB 0x000000008a100000| Complete 
| 162|0x000000008a200000, 0x000000008a300000, 0x000000008a300000|100%| E|CS|TAMS 0x000000008a200000| PB 0x000000008a200000| Complete 
| 163|0x000000008a300000, 0x000000008a400000, 0x000000008a400000|100%| E|CS|TAMS 0x000000008a300000| PB 0x000000008a300000| Complete 
| 164|0x000000008a400000, 0x000000008a500000, 0x000000008a500000|100%| E|CS|TAMS 0x000000008a400000| PB 0x000000008a400000| Complete 
| 165|0x000000008a500000, 0x000000008a600000, 0x000000008a600000|100%| E|CS|TAMS 0x000000008a500000| PB 0x000000008a500000| Complete 
| 166|0x000000008a600000, 0x000000008a700000, 0x000000008a700000|100%| E|CS|TAMS 0x000000008a600000| PB 0x000000008a600000| Complete 
| 167|0x000000008a700000, 0x000000008a800000, 0x000000008a800000|100%| E|CS|TAMS 0x000000008a700000| PB 0x000000008a700000| Complete 

Card table byte_map: [0x000001aad90a0000,0x000001aad94a0000] _byte_map_base: 0x000001aad8ca0000

Marking Bits: (CMBitMap*) 0x000001aac494dff0
 Bits: [0x000001aad94a0000, 0x000001aadb4a0000)

Polling page: 0x000001aac47e0000

Metaspace:

Usage:
  Non-class:     38.78 MB used.
      Class:      6.34 MB used.
       Both:     45.12 MB used.

Virtual space:
  Non-class space:       64.00 MB reserved,      39.50 MB ( 62%) committed,  1 nodes.
      Class space:      416.00 MB reserved,       7.06 MB (  2%) committed,  1 nodes.
             Both:      480.00 MB reserved,      46.56 MB ( 10%) committed. 

Chunk freelists:
   Non-Class:  7.81 MB
       Class:  8.94 MB
        Both:  16.75 MB

MaxMetaspaceSize: 512.00 MB
CompressedClassSpaceSize: 416.00 MB
Initial GC threshold: 21.00 MB
Current GC threshold: 59.00 MB
CDS: on
 - commit_granule_bytes: 65536.
 - commit_granule_words: 8192.
 - virtual_space_node_default_size: 8388608.
 - enlarge_chunks_in_place: 1.
 - use_allocation_guard: 0.


Internal statistics:

num_allocs_failed_limit: 6.
num_arena_births: 2702.
num_arena_deaths: 0.
num_vsnodes_births: 2.
num_vsnodes_deaths: 0.
num_space_committed: 745.
num_space_uncommitted: 0.
num_chunks_returned_to_freelist: 6.
num_chunks_taken_from_freelist: 4807.
num_chunk_merges: 6.
num_chunk_splits: 3110.
num_chunks_enlarged: 1891.
num_inconsistent_stats: 0.

CodeHeap 'non-profiled nmethods': size=120000Kb used=4105Kb max_used=4105Kb free=115894Kb
 bounds [0x000001aad1770000, 0x000001aad1b80000, 0x000001aad8ca0000]
CodeHeap 'profiled nmethods': size=120000Kb used=11416Kb max_used=11416Kb free=108583Kb
 bounds [0x000001aac9ca0000, 0x000001aaca7d0000, 0x000001aad11d0000]
CodeHeap 'non-nmethods': size=5760Kb used=2583Kb max_used=2712Kb free=3176Kb
 bounds [0x000001aad11d0000, 0x000001aad14b0000, 0x000001aad1770000]
CodeCache: size=245760Kb, used=18104Kb, max_used=18233Kb, free=227653Kb
 total_blobs=6508, nmethods=5655, adapters=757, full_count=0
Compilation: enabled, stopped_count=0, restarted_count=0

Compilation events (20 events):
Event: 15.142 Thread 0x000001aafdc855f0 nmethod 5789 0x000001aad1b6ff10 code [0x000001aad1b70100, 0x000001aad1b70810]
Event: 15.142 Thread 0x000001aafdc855f0 6202       4       org.objectweb.asm.Frame::putAbstractType (407 bytes)
Event: 15.158 Thread 0x000001aafdc855f0 nmethod 6202 0x000001aad1b70c10 code [0x000001aad1b70f40, 0x000001aad1b71c18]
Event: 15.158 Thread 0x000001aafdc855f0 6206       4       org.objectweb.asm.ClassWriter::toByteArray (1535 bytes)
Event: 15.176 Thread 0x000001aadd960a30 6208       3       org.objectweb.asm.ClassReader::readElementValue (1237 bytes)
Event: 15.182 Thread 0x000001aadd960a30 nmethod 6208 0x000001aaca7b5c10 code [0x000001aaca7b64c0, 0x000001aaca7babe0]
Event: 15.183 Thread 0x000001aadd960a30 6209       2       org.objectweb.asm.MethodVisitor::visitAnnotationDefault (17 bytes)
Event: 15.183 Thread 0x000001aadd960a30 nmethod 6209 0x000001aaca7bc510 code [0x000001aaca7bc6c0, 0x000001aaca7bc830]
Event: 15.198 Thread 0x000001aadd960a30 6211       2       org.gradle.internal.logging.sink.OutputEventRenderer::onOutput (82 bytes)
Event: 15.199 Thread 0x000001aadd960a30 nmethod 6211 0x000001aaca7bc910 code [0x000001aaca7bcb20, 0x000001aaca7bcfa8]
Event: 15.199 Thread 0x000001aadd960a30 6212       2       org.gradle.internal.logging.sink.OutputEventTransformer::onOutput (369 bytes)
Event: 15.201 Thread 0x000001aadd960a30 nmethod 6212 0x000001aaca7bd210 code [0x000001aaca7bd5a0, 0x000001aaca7be640]
Event: 15.402 Thread 0x000001aadd960a30 6215       3       org.objectweb.asm.ClassWriter::visitAnnotation (40 bytes)
Event: 15.402 Thread 0x000001aadd960a30 nmethod 6215 0x000001aaca7bed10 code [0x000001aaca7beee0, 0x000001aaca7bf170]
Event: 15.402 Thread 0x000001aadd960a30 6216       3       org.objectweb.asm.commons.ClassRemapper::visitAnnotation (29 bytes)
Event: 15.403 Thread 0x000001aadd960a30 nmethod 6216 0x000001aaca7bf210 code [0x000001aaca7bf440, 0x000001aaca7bfb08]
Event: 15.440 Thread 0x000001aadd960a30 6217       3       org.objectweb.asm.AnnotationWriter::visit (935 bytes)
Event: 15.444 Thread 0x000001aadd960a30 nmethod 6217 0x000001aaca7bfe10 code [0x000001aaca7c0500, 0x000001aaca7c42e8]
Event: 15.445 Thread 0x000001aadd960a30 6218       3       org.objectweb.asm.commons.AnnotationRemapper::visit (18 bytes)
Event: 15.446 Thread 0x000001aadd960a30 nmethod 6218 0x000001aaca7c5910 code [0x000001aaca7c5ae0, 0x000001aaca7c5f90]

GC Heap History (20 events):
Event: 11.292 GC heap before
{Heap before GC invocations=16 (full 0):
 garbage-first heap   total 98304K, used 90835K [0x0000000080000000, 0x0000000100000000)
  region size 1024K, 52 young (53248K), 3 survivors (3072K)
 Metaspace       used 46070K, committed 47616K, reserved 491520K
  class space    used 6480K, committed 7232K, reserved 425984K
}
Event: 11.300 GC heap after
{Heap after GC invocations=17 (full 0):
 garbage-first heap   total 118784K, used 41074K [0x0000000080000000, 0x0000000100000000)
  region size 1024K, 4 young (4096K), 4 survivors (4096K)
 Metaspace       used 46070K, committed 47616K, reserved 491520K
  class space    used 6480K, committed 7232K, reserved 425984K
}
Event: 11.711 GC heap before
{Heap before GC invocations=17 (full 0):
 garbage-first heap   total 118784K, used 107634K [0x0000000080000000, 0x0000000100000000)
  region size 1024K, 69 young (70656K), 4 survivors (4096K)
 Metaspace       used 46081K, committed 47616K, reserved 491520K
  class space    used 6480K, committed 7232K, reserved 425984K
}
Event: 11.717 GC heap after
{Heap after GC invocations=18 (full 0):
 garbage-first heap   total 118784K, used 41406K [0x0000000080000000, 0x0000000100000000)
  region size 1024K, 4 young (4096K), 4 survivors (4096K)
 Metaspace       used 46081K, committed 47616K, reserved 491520K
  class space    used 6480K, committed 7232K, reserved 425984K
}
Event: 12.065 GC heap before
{Heap before GC invocations=18 (full 0):
 garbage-first heap   total 118784K, used 107966K [0x0000000080000000, 0x0000000100000000)
  region size 1024K, 69 young (70656K), 4 survivors (4096K)
 Metaspace       used 46082K, committed 47616K, reserved 491520K
  class space    used 6480K, committed 7232K, reserved 425984K
}
Event: 12.072 GC heap after
{Heap after GC invocations=19 (full 0):
 garbage-first heap   total 118784K, used 41472K [0x0000000080000000, 0x0000000100000000)
  region size 1024K, 4 young (4096K), 4 survivors (4096K)
 Metaspace       used 46082K, committed 47616K, reserved 491520K
  class space    used 6480K, committed 7232K, reserved 425984K
}
Event: 12.432 GC heap before
{Heap before GC invocations=19 (full 0):
 garbage-first heap   total 118784K, used 108032K [0x0000000080000000, 0x0000000100000000)
  region size 1024K, 69 young (70656K), 4 survivors (4096K)
 Metaspace       used 46082K, committed 47616K, reserved 491520K
  class space    used 6480K, committed 7232K, reserved 425984K
}
Event: 12.439 GC heap after
{Heap after GC invocations=20 (full 0):
 garbage-first heap   total 118784K, used 42195K [0x0000000080000000, 0x0000000100000000)
  region size 1024K, 5 young (5120K), 5 survivors (5120K)
 Metaspace       used 46082K, committed 47616K, reserved 491520K
  class space    used 6480K, committed 7232K, reserved 425984K
}
Event: 12.872 GC heap before
{Heap before GC invocations=20 (full 0):
 garbage-first heap   total 118784K, used 107731K [0x0000000080000000, 0x0000000100000000)
  region size 1024K, 69 young (70656K), 5 survivors (5120K)
 Metaspace       used 46125K, committed 47680K, reserved 491520K
  class space    used 6488K, committed 7232K, reserved 425984K
}
Event: 12.880 GC heap after
{Heap after GC invocations=21 (full 0):
 garbage-first heap   total 143360K, used 42258K [0x0000000080000000, 0x0000000100000000)
  region size 1024K, 5 young (5120K), 5 survivors (5120K)
 Metaspace       used 46125K, committed 47680K, reserved 491520K
  class space    used 6488K, committed 7232K, reserved 425984K
}
Event: 13.231 GC heap before
{Heap before GC invocations=21 (full 0):
 garbage-first heap   total 143360K, used 123154K [0x0000000080000000, 0x0000000100000000)
  region size 1024K, 84 young (86016K), 5 survivors (5120K)
 Metaspace       used 46125K, committed 47680K, reserved 491520K
  class space    used 6488K, committed 7232K, reserved 425984K
}
Event: 13.240 GC heap after
{Heap after GC invocations=22 (full 0):
 garbage-first heap   total 143360K, used 42515K [0x0000000080000000, 0x0000000100000000)
  region size 1024K, 5 young (5120K), 5 survivors (5120K)
 Metaspace       used 46125K, committed 47680K, reserved 491520K
  class space    used 6488K, committed 7232K, reserved 425984K
}
Event: 13.594 GC heap before
{Heap before GC invocations=22 (full 0):
 garbage-first heap   total 143360K, used 123411K [0x0000000080000000, 0x0000000100000000)
  region size 1024K, 84 young (86016K), 5 survivors (5120K)
 Metaspace       used 46132K, committed 47680K, reserved 491520K
  class space    used 6488K, committed 7232K, reserved 425984K
}
Event: 13.602 GC heap after
{Heap after GC invocations=23 (full 0):
 garbage-first heap   total 143360K, used 42707K [0x0000000080000000, 0x0000000100000000)
  region size 1024K, 5 young (5120K), 5 survivors (5120K)
 Metaspace       used 46132K, committed 47680K, reserved 491520K
  class space    used 6488K, committed 7232K, reserved 425984K
}
Event: 14.120 GC heap before
{Heap before GC invocations=23 (full 0):
 garbage-first heap   total 143360K, used 123603K [0x0000000080000000, 0x0000000100000000)
  region size 1024K, 84 young (86016K), 5 survivors (5120K)
 Metaspace       used 46160K, committed 47680K, reserved 491520K
  class space    used 6495K, committed 7232K, reserved 425984K
}
Event: 14.135 GC heap after
{Heap after GC invocations=24 (full 0):
 garbage-first heap   total 143360K, used 43167K [0x0000000080000000, 0x0000000100000000)
  region size 1024K, 6 young (6144K), 6 survivors (6144K)
 Metaspace       used 46160K, committed 47680K, reserved 491520K
  class space    used 6495K, committed 7232K, reserved 425984K
}
Event: 14.638 GC heap before
{Heap before GC invocations=24 (full 0):
 garbage-first heap   total 143360K, used 127135K [0x0000000080000000, 0x0000000100000000)
  region size 1024K, 84 young (86016K), 6 survivors (6144K)
 Metaspace       used 46171K, committed 47680K, reserved 491520K
  class space    used 6495K, committed 7232K, reserved 425984K
}
Event: 14.651 GC heap after
{Heap after GC invocations=25 (full 0):
 garbage-first heap   total 172032K, used 44755K [0x0000000080000000, 0x0000000100000000)
  region size 1024K, 7 young (7168K), 7 survivors (7168K)
 Metaspace       used 46171K, committed 47680K, reserved 491520K
  class space    used 6495K, committed 7232K, reserved 425984K
}
Event: 15.211 GC heap before
{Heap before GC invocations=25 (full 0):
 garbage-first heap   total 172032K, used 139987K [0x0000000080000000, 0x0000000100000000)
  region size 1024K, 100 young (102400K), 7 survivors (7168K)
 Metaspace       used 46202K, committed 47680K, reserved 491520K
  class space    used 6495K, committed 7232K, reserved 425984K
}
Event: 15.224 GC heap after
{Heap after GC invocations=26 (full 0):
 garbage-first heap   total 172032K, used 44755K [0x0000000080000000, 0x0000000100000000)
  region size 1024K, 7 young (7168K), 7 survivors (7168K)
 Metaspace       used 46202K, committed 47680K, reserved 491520K
  class space    used 6495K, committed 7232K, reserved 425984K
}

Dll operation events (14 events):
Event: 0.006 Loaded shared library C:\Users\phoenixSwan69\.vscode\extensions\redhat.java-1.53.0-win32-x64\jre\21.0.10-win32-x86_64\bin\java.dll
Event: 0.076 Loaded shared library C:\Users\phoenixSwan69\.vscode\extensions\redhat.java-1.53.0-win32-x64\jre\21.0.10-win32-x86_64\bin\zip.dll
Event: 0.099 Loaded shared library C:\Users\phoenixSwan69\.vscode\extensions\redhat.java-1.53.0-win32-x64\jre\21.0.10-win32-x86_64\bin\instrument.dll
Event: 0.104 Loaded shared library C:\Users\phoenixSwan69\.vscode\extensions\redhat.java-1.53.0-win32-x64\jre\21.0.10-win32-x86_64\bin\net.dll
Event: 0.108 Loaded shared library C:\Users\phoenixSwan69\.vscode\extensions\redhat.java-1.53.0-win32-x64\jre\21.0.10-win32-x86_64\bin\nio.dll
Event: 0.111 Loaded shared library C:\Users\phoenixSwan69\.vscode\extensions\redhat.java-1.53.0-win32-x64\jre\21.0.10-win32-x86_64\bin\zip.dll
Event: 0.416 Loaded shared library C:\Users\phoenixSwan69\.vscode\extensions\redhat.java-1.53.0-win32-x64\jre\21.0.10-win32-x86_64\bin\jimage.dll
Event: 0.576 Loaded shared library C:\Users\phoenixSwan69\.vscode\extensions\redhat.java-1.53.0-win32-x64\jre\21.0.10-win32-x86_64\bin\verify.dll
Event: 0.719 Loaded shared library C:\Users\phoenixSwan69\.gradle\native\1def1411415f61bf3af743bc5b6707747c0891f09f0c88961ee8f79bc544acac\windows-amd64\native-platform.dll
Event: 0.731 Loaded shared library C:\Users\phoenixSwan69\.gradle\native\0.2.7\x86_64-windows-gnu\gradle-fileevents.dll
Event: 2.188 Loaded shared library C:\Users\phoenixSwan69\.vscode\extensions\redhat.java-1.53.0-win32-x64\jre\21.0.10-win32-x86_64\bin\management.dll
Event: 2.197 Loaded shared library C:\Users\phoenixSwan69\.vscode\extensions\redhat.java-1.53.0-win32-x64\jre\21.0.10-win32-x86_64\bin\management_ext.dll
Event: 2.472 Loaded shared library C:\Users\phoenixSwan69\.vscode\extensions\redhat.java-1.53.0-win32-x64\jre\21.0.10-win32-x86_64\bin\extnet.dll
Event: 2.683 Loaded shared library C:\Users\phoenixSwan69\.vscode\extensions\redhat.java-1.53.0-win32-x64\jre\21.0.10-win32-x86_64\bin\sunmscapi.dll

Deoptimization events (20 events):
Event: 15.035 Thread 0x000001aafe8c5ce0 DEOPT PACKING pc=0x000001aaca62ec7a sp=0x00000007c08f4870
Event: 15.035 Thread 0x000001aafe8c5ce0 DEOPT UNPACKING pc=0x000001aad1224bc2 sp=0x00000007c08f3f80 mode 0
Event: 15.113 Thread 0x000001aafe8c5ce0 DEOPT PACKING pc=0x000001aaca62ec7a sp=0x00000007c08f4870
Event: 15.113 Thread 0x000001aafe8c5ce0 DEOPT UNPACKING pc=0x000001aad1224bc2 sp=0x00000007c08f3f80 mode 0
Event: 15.141 Thread 0x000001aafe8c5ce0 DEOPT PACKING pc=0x000001aaca62ec7a sp=0x00000007c08f4870
Event: 15.141 Thread 0x000001aafe8c5ce0 DEOPT UNPACKING pc=0x000001aad1224bc2 sp=0x00000007c08f3f80 mode 0
Event: 15.149 Thread 0x000001aafe8c5ce0 DEOPT PACKING pc=0x000001aaca62ec7a sp=0x00000007c08f4870
Event: 15.149 Thread 0x000001aafe8c5ce0 DEOPT UNPACKING pc=0x000001aad1224bc2 sp=0x00000007c08f3f80 mode 0
Event: 15.173 Thread 0x000001aafe8c5ce0 DEOPT PACKING pc=0x000001aaca62ec7a sp=0x00000007c08f4870
Event: 15.173 Thread 0x000001aafe8c5ce0 DEOPT UNPACKING pc=0x000001aad1224bc2 sp=0x00000007c08f3f80 mode 0
Event: 15.184 Thread 0x000001aafe8c5ce0 DEOPT PACKING pc=0x000001aaca62ec7a sp=0x00000007c08f4870
Event: 15.184 Thread 0x000001aafe8c5ce0 DEOPT UNPACKING pc=0x000001aad1224bc2 sp=0x00000007c08f3f80 mode 0
Event: 15.199 Thread 0x000001aafe8c5ce0 DEOPT PACKING pc=0x000001aaca62f190 sp=0x00000007c08f4870
Event: 15.199 Thread 0x000001aafe8c5ce0 DEOPT UNPACKING pc=0x000001aad1224bc2 sp=0x00000007c08f3f80 mode 0
Event: 15.271 Thread 0x000001aafe8c5ce0 DEOPT PACKING pc=0x000001aaca62f190 sp=0x00000007c08f4870
Event: 15.271 Thread 0x000001aafe8c5ce0 DEOPT UNPACKING pc=0x000001aad1224bc2 sp=0x00000007c08f3f80 mode 0
Event: 15.293 Thread 0x000001aafe8c5ce0 DEOPT PACKING pc=0x000001aaca62ec7a sp=0x00000007c08f4870
Event: 15.293 Thread 0x000001aafe8c5ce0 DEOPT UNPACKING pc=0x000001aad1224bc2 sp=0x00000007c08f3f80 mode 0
Event: 15.401 Thread 0x000001aafe8c5ce0 DEOPT PACKING pc=0x000001aaca62ec7a sp=0x00000007c08f4870
Event: 15.401 Thread 0x000001aafe8c5ce0 DEOPT UNPACKING pc=0x000001aad1224bc2 sp=0x00000007c08f3f80 mode 0

Classes loaded (20 events):
Event: 9.777 Loading class java/nio/charset/UnsupportedCharsetException
Event: 9.777 Loading class java/nio/charset/UnsupportedCharsetException done
Event: 9.779 Loading class java/util/Collections$UnmodifiableSortedMap
Event: 9.780 Loading class java/util/Collections$UnmodifiableSortedMap done
Event: 9.781 Loading class java/util/zip/Deflater
Event: 9.781 Loading class java/util/zip/Deflater done
Event: 9.782 Loading class java/util/zip/Deflater$DeflaterZStreamRef
Event: 9.782 Loading class java/util/zip/Deflater$DeflaterZStreamRef done
Event: 9.789 Loading class java/util/zip/ZipFile$ZipEntryIterator
Event: 9.790 Loading class java/util/zip/ZipFile$ZipEntryIterator done
Event: 9.843 Loading class java/nio/StringCharBuffer
Event: 9.843 Loading class java/nio/StringCharBuffer done
Event: 12.686 Loading class java/util/concurrent/LinkedBlockingDeque$Itr
Event: 12.686 Loading class java/util/concurrent/LinkedBlockingDeque$AbstractItr
Event: 12.686 Loading class java/util/concurrent/LinkedBlockingDeque$AbstractItr done
Event: 12.686 Loading class java/util/concurrent/LinkedBlockingDeque$Itr done
Event: 14.116 Loading class java/util/regex/Pattern$Caret
Event: 14.117 Loading class java/util/regex/Pattern$Caret done
Event: 15.164 Loading class java/lang/foreign/MemorySegment
Event: 15.164 Loading class java/lang/foreign/MemorySegment done

Classes unloaded (0 events):
No events

Classes redefined (0 events):
No events

Internal exceptions (20 events):
Event: 9.121 Thread 0x000001aafe8c5ce0 Exception <a 'java/lang/NoSuchMethodError'{0x0000000084155490}: 'java.lang.Object java.lang.invoke.DirectMethodHandle$Holder.invokeStatic(java.lang.Object, java.lang.Object, java.lang.Object, java.lang.Object, java.lang.Object, java.lang.Object, java.lang.Object, java.lang.Object, java.lang.Object, java.lang.Object, java.lang.Object, java.lang.Object, java.lang.Object, java.lang.Object, java.lang.Object, java.lang.Object, java.lang.Object, java.lang.Object, java.lang.Object, java.lang.Object, java.lang.Obj
Event: 9.125 Thread 0x000001aafe8c5ce0 Exception <a 'java/lang/NoSuchMethodError'{0x0000000084191098}: 'java.lang.Object java.lang.invoke.DirectMethodHandle$Holder.invokeStatic(java.lang.Object, java.lang.Object, java.lang.Object, java.lang.Object, java.lang.Object, java.lang.Object, java.lang.Object, java.lang.Object, java.lang.Object, java.lang.Object, java.lang.Object, java.lang.Object, java.lang.Object, java.lang.Object, java.lang.Object, java.lang.Object, java.lang.Object, java.lang.Object, java.lang.Object, java.lang.Object, java.lang.Obj
Event: 9.129 Thread 0x000001aafe8c5ce0 Exception <a 'java/lang/NoSuchMethodError'{0x00000000841cdc70}: 'java.lang.Object java.lang.invoke.DirectMethodHandle$Holder.invokeStatic(java.lang.Object, java.lang.Object, java.lang.Object, java.lang.Object, java.lang.Object, java.lang.Object, java.lang.Object, java.lang.Object, java.lang.Object, java.lang.Object, java.lang.Object, java.lang.Object, java.lang.Object, java.lang.Object, java.lang.Object, java.lang.Object, java.lang.Object, java.lang.Object, java.lang.Object, java.lang.Object, java.lang.Obj
Event: 9.132 Thread 0x000001aafe8c5ce0 Exception <a 'java/lang/NoSuchMethodError'{0x000000008400c0e8}: 'java.lang.Object java.lang.invoke.DirectMethodHandle$Holder.invokeStatic(java.lang.Object, java.lang.Object, java.lang.Object, java.lang.Object, java.lang.Object, java.lang.Object, java.lang.Object, java.lang.Object, java.lang.Object, java.lang.Object, java.lang.Object, java.lang.Object, java.lang.Object, java.lang.Object, java.lang.Object, java.lang.Object, java.lang.Object, java.lang.Object, java.lang.Object, java.lang.Object, java.lang.Obj
Event: 9.135 Thread 0x000001aafe8c5ce0 Exception <a 'java/lang/NoSuchMethodError'{0x000000008404bea0}: 'java.lang.Object java.lang.invoke.DirectMethodHandle$Holder.invokeStatic(java.lang.Object, java.lang.Object, java.lang.Object, java.lang.Object, java.lang.Object, java.lang.Object, java.lang.Object, java.lang.Object, java.lang.Object, java.lang.Object, java.lang.Object, java.lang.Object, java.lang.Object, java.lang.Object, java.lang.Object, java.lang.Object, java.lang.Object, java.lang.Object, java.lang.Object, java.lang.Object, java.lang.Obj
Event: 9.156 Thread 0x000001aafe8c5ce0 Exception <a 'java/lang/NoSuchMethodError'{0x0000000083f32ea8}: 'java.lang.Object java.lang.invoke.DirectMethodHandle$Holder.newInvokeSpecial(java.lang.Object, java.lang.Object, java.lang.Object, java.lang.Object, java.lang.Object, java.lang.Object, java.lang.Object, java.lang.Object, java.lang.Object, java.lang.Object, java.lang.Object, java.lang.Object, java.lang.Object, java.lang.Object, java.lang.Object, java.lang.Object, java.lang.Object, java.lang.Object, java.lang.Object)'> (0x0000000083f32ea8) 
thr
Event: 9.156 Thread 0x000001aafe8c5ce0 Exception <a 'java/lang/NoSuchMethodError'{0x0000000083f39d90}: 'java.lang.Object java.lang.invoke.DirectMethodHandle$Holder.invokeSpecial(java.lang.Object, java.lang.Object, java.lang.Object, java.lang.Object, java.lang.Object, java.lang.Object, java.lang.Object, java.lang.Object, java.lang.Object, java.lang.Object, java.lang.Object, java.lang.Object, java.lang.Object, java.lang.Object, java.lang.Object, java.lang.Object, java.lang.Object, java.lang.Object, java.lang.Object, java.lang.Object)'> (0x0000000
Event: 9.157 Thread 0x000001aafe8c5ce0 Exception <a 'java/lang/NoSuchMethodError'{0x0000000083f3f890}: 'java.lang.Object java.lang.invoke.DelegatingMethodHandle$Holder.reinvoke_L(java.lang.Object, java.lang.Object, java.lang.Object, java.lang.Object, java.lang.Object, java.lang.Object, java.lang.Object, java.lang.Object, java.lang.Object, java.lang.Object, java.lang.Object, java.lang.Object, java.lang.Object, java.lang.Object, java.lang.Object, java.lang.Object, java.lang.Object, java.lang.Object, java.lang.Object)'> (0x0000000083f3f890) 
throw
Event: 9.401 Thread 0x000001aafe8c5ce0 Exception <a 'sun/nio/fs/WindowsException'{0x00000000836c8c28}> (0x00000000836c8c28) 
thrown [s\src\hotspot\share\prims\jni.cpp, line 520]
Event: 9.402 Thread 0x000001aafe8c5ce0 Exception <a 'sun/nio/fs/WindowsException'{0x00000000836ca980}> (0x00000000836ca980) 
thrown [s\src\hotspot\share\prims\jni.cpp, line 520]
Event: 9.402 Thread 0x000001aafe8c5ce0 Exception <a 'sun/nio/fs/WindowsException'{0x00000000836cc6c8}> (0x00000000836cc6c8) 
thrown [s\src\hotspot\share\prims\jni.cpp, line 520]
Event: 9.403 Thread 0x000001aafe8c5ce0 Exception <a 'sun/nio/fs/WindowsException'{0x00000000836cdfe8}> (0x00000000836cdfe8) 
thrown [s\src\hotspot\share\prims\jni.cpp, line 520]
Event: 9.426 Thread 0x000001aafe8c5ce0 Exception <a 'java/lang/NoSuchMethodError'{0x00000000835fa8d8}: 'java.lang.Object java.lang.invoke.Invokers$Holder.invoker(java.lang.Object, java.lang.Object, java.lang.Object, java.lang.Object, java.lang.Object, java.lang.Object)'> (0x00000000835fa8d8) 
thrown [s\src\hotspot\share\interpreter\linkResolver.cpp, line 773]
Event: 9.454 Thread 0x000001aafe8c5ce0 Exception <a 'java/lang/NoSuchMethodError'{0x00000000833468e0}: 'java.lang.Object java.lang.invoke.DirectMethodHandle$Holder.invokeSpecial(java.lang.Object, java.lang.Object, java.lang.Object, java.lang.Object, java.lang.Object, java.lang.Object, java.lang.Object, java.lang.Object, java.lang.Object, java.lang.Object, java.lang.Object, java.lang.Object, java.lang.Object, java.lang.Object, java.lang.Object, java.lang.Object, java.lang.Object, java.lang.Object, java.lang.Object, java.lang.Object, java.lang.Ob
Event: 9.454 Thread 0x000001aafe8c5ce0 Exception <a 'java/lang/NoSuchMethodError'{0x000000008334d158}: 'java.lang.Object java.lang.invoke.DelegatingMethodHandle$Holder.reinvoke_L(java.lang.Object, java.lang.Object, java.lang.Object, java.lang.Object, java.lang.Object, java.lang.Object, java.lang.Object, java.lang.Object, java.lang.Object, java.lang.Object, java.lang.Object, java.lang.Object, java.lang.Object, java.lang.Object, java.lang.Object, java.lang.Object, java.lang.Object, java.lang.Object, java.lang.Object, java.lang.Object, java.lang.O
Event: 9.454 Thread 0x000001aafe8c5ce0 Exception <a 'java/lang/NoSuchMethodError'{0x0000000083358a70}: 'java.lang.Object java.lang.invoke.Invokers$Holder.invoker(java.lang.Object, java.lang.Object, java.lang.Object, java.lang.Object, java.lang.Object, java.lang.Object, java.lang.Object, java.lang.Object, java.lang.Object, java.lang.Object, java.lang.Object, java.lang.Object, java.lang.Object, java.lang.Object, java.lang.Object, java.lang.Object, java.lang.Object, java.lang.Object, java.lang.Object, java.lang.Object, java.lang.Object, java.lang.
Event: 9.455 Thread 0x000001aafe8c5ce0 Exception <a 'java/lang/NoSuchMethodError'{0x000000008335fb98}: 'java.lang.Object java.lang.invoke.DelegatingMethodHandle$Holder.delegate(java.lang.Object, java.lang.Object, java.lang.Object, java.lang.Object, java.lang.Object, java.lang.Object, java.lang.Object, java.lang.Object, java.lang.Object, java.lang.Object, java.lang.Object, java.lang.Object, java.lang.Object, java.lang.Object, java.lang.Object, java.lang.Object, java.lang.Object, java.lang.Object, java.lang.Object, java.lang.Object, java.lang.Obj
Event: 9.765 Thread 0x000001aafe8c5ce0 Exception <a 'sun/nio/fs/WindowsException'{0x00000000843ddc10}> (0x00000000843ddc10) 
thrown [s\src\hotspot\share\prims\jni.cpp, line 520]
Event: 9.766 Thread 0x000001aafe8c5ce0 Exception <a 'sun/nio/fs/WindowsException'{0x00000000843dfa48}> (0x00000000843dfa48) 
thrown [s\src\hotspot\share\prims\jni.cpp, line 520]
Event: 9.793 Thread 0x000001aafe8c5ce0 Implicit null exception at 0x000001aad19ab16f to 0x000001aad19abd08

ZGC Phase Switch (0 events):
No events

VM Operations (20 events):
Event: 11.711 Executing safepoint VM operation: G1CollectForAllocation (G1 Evacuation Pause)
Event: 11.717 Executing safepoint VM operation: G1CollectForAllocation (G1 Evacuation Pause) done
Event: 12.065 Executing safepoint VM operation: G1CollectForAllocation (G1 Evacuation Pause)
Event: 12.072 Executing safepoint VM operation: G1CollectForAllocation (G1 Evacuation Pause) done
Event: 12.432 Executing safepoint VM operation: G1CollectForAllocation (G1 Evacuation Pause)
Event: 12.439 Executing safepoint VM operation: G1CollectForAllocation (G1 Evacuation Pause) done
Event: 12.697 Executing non-safepoint VM operation: HandshakeAllThreads (Deoptimize)
Event: 12.697 Executing non-safepoint VM operation: HandshakeAllThreads (Deoptimize) done
Event: 12.872 Executing safepoint VM operation: G1CollectForAllocation (G1 Evacuation Pause)
Event: 12.880 Executing safepoint VM operation: G1CollectForAllocation (G1 Evacuation Pause) done
Event: 13.231 Executing safepoint VM operation: G1CollectForAllocation (G1 Evacuation Pause)
Event: 13.240 Executing safepoint VM operation: G1CollectForAllocation (G1 Evacuation Pause) done
Event: 13.594 Executing safepoint VM operation: G1CollectForAllocation (G1 Evacuation Pause)
Event: 13.602 Executing safepoint VM operation: G1CollectForAllocation (G1 Evacuation Pause) done
Event: 14.120 Executing safepoint VM operation: G1CollectForAllocation (G1 Evacuation Pause)
Event: 14.135 Executing safepoint VM operation: G1CollectForAllocation (G1 Evacuation Pause) done
Event: 14.638 Executing safepoint VM operation: G1CollectForAllocation (G1 Evacuation Pause)
Event: 14.651 Executing safepoint VM operation: G1CollectForAllocation (G1 Evacuation Pause) done
Event: 15.211 Executing safepoint VM operation: G1CollectForAllocation (G1 Evacuation Pause)
Event: 15.224 Executing safepoint VM operation: G1CollectForAllocation (G1 Evacuation Pause) done

Memory protections (0 events):
No events

Nmethod flushes (20 events):
Event: 7.027 Thread 0x000001aadd932fe0 flushing  nmethod 0x000001aaca027a10
Event: 7.027 Thread 0x000001aadd932fe0 flushing  nmethod 0x000001aaca028290
Event: 7.027 Thread 0x000001aadd932fe0 flushing  nmethod 0x000001aaca028e10
Event: 7.027 Thread 0x000001aadd932fe0 flushing  nmethod 0x000001aaca029610
Event: 7.027 Thread 0x000001aadd932fe0 flushing  nmethod 0x000001aaca02cc10
Event: 7.027 Thread 0x000001aadd932fe0 flushing  nmethod 0x000001aaca02d710
Event: 7.027 Thread 0x000001aadd932fe0 flushing  nmethod 0x000001aaca02dc90
Event: 7.027 Thread 0x000001aadd932fe0 flushing  nmethod 0x000001aaca06a110
Event: 7.027 Thread 0x000001aadd932fe0 flushing  nmethod 0x000001aaca06bb90
Event: 7.027 Thread 0x000001aadd932fe0 flushing  nmethod 0x000001aaca06c210
Event: 7.027 Thread 0x000001aadd932fe0 flushing  nmethod 0x000001aaca070910
Event: 7.027 Thread 0x000001aadd932fe0 flushing  nmethod 0x000001aaca070d10
Event: 7.027 Thread 0x000001aadd932fe0 flushing  nmethod 0x000001aaca071610
Event: 7.027 Thread 0x000001aadd932fe0 flushing  nmethod 0x000001aaca072890
Event: 7.027 Thread 0x000001aadd932fe0 flushing  nmethod 0x000001aaca09bd90
Event: 7.027 Thread 0x000001aadd932fe0 flushing  nmethod 0x000001aaca0be690
Event: 7.027 Thread 0x000001aadd932fe0 flushing  nmethod 0x000001aaca0fc310
Event: 7.027 Thread 0x000001aadd932fe0 flushing  nmethod 0x000001aaca103d90
Event: 7.027 Thread 0x000001aadd932fe0 flushing  nmethod 0x000001aaca104790
Event: 7.027 Thread 0x000001aadd932fe0 flushing  nmethod 0x000001aaca157e90

Events (20 events):
Event: 3.466 Thread 0x000001aafe8c5ce0 Thread added: 0x000001aafe8c8440
Event: 3.501 Thread 0x000001aafe8c5ce0 Thread added: 0x000001aafe8c4fc0
Event: 5.324 Thread 0x000001aafe8c5ce0 Thread added: 0x000001aaff6b09b0
Event: 5.340 Thread 0x000001aafe8c5ce0 Thread added: 0x000001aaff6ab460
Event: 5.619 Thread 0x000001aafe8c5ce0 Thread added: 0x000001aaff6af600
Event: 5.625 Thread 0x000001aafe8c5ce0 Thread added: 0x000001aaff6adbc0
Event: 5.720 Thread 0x000001aafe8c5ce0 Thread added: 0x000001aaff6acea0
Event: 5.721 Thread 0x000001aafe8c5ce0 Thread added: 0x000001aaff6aa740
Event: 5.721 Thread 0x000001aafe8c5ce0 Thread added: 0x000001aaff6ac180
Event: 6.240 Thread 0x000001aafd0758d0 Thread exited: 0x000001aafd0758d0
Event: 6.399 Thread 0x000001aafe8c5ce0 Thread added: 0x000001aaff6aa0b0
Event: 6.495 Thread 0x000001aadd960a30 Thread added: 0x000001aafdc855f0
Event: 7.313 Thread 0x000001aafe8c5ce0 Thread added: 0x000001aaff6ac810
Event: 7.350 Thread 0x000001aafe8c5ce0 Thread added: 0x000001aaff6ad530
Event: 8.307 Thread 0x000001aafe8c5ce0 Thread added: 0x000001aaff6ae8e0
Event: 8.317 Thread 0x000001aaff6ae8e0 Thread added: 0x000001aaff6aadd0
Event: 8.317 Thread 0x000001aaff6ae8e0 Thread added: 0x000001aaff6afc90
Event: 8.998 Thread 0x000001aafe8c5ce0 Thread added: 0x000001aaff6b0320
Event: 9.070 Thread 0x000001aafe8c5ce0 Thread added: 0x000001aaff6abaf0
Event: 9.352 Thread 0x000001aafe8c5ce0 Thread added: 0x000001aaff6aef70


Dynamic libraries:
0x00007ff6e6cc0000 - 0x00007ff6e6cce000 	C:\Users\phoenixSwan69\.vscode\extensions\redhat.java-1.53.0-win32-x64\jre\21.0.10-win32-x86_64\bin\java.exe
0x00007ffe3fbe0000 - 0x00007ffe3fde7000 	C:\Windows\SYSTEM32\ntdll.dll
0x00007ffe3e880000 - 0x00007ffe3e93d000 	C:\Windows\System32\KERNEL32.DLL
0x00007ffe3d5d0000 - 0x00007ffe3d942000 	C:\Windows\System32\KERNELBASE.dll
0x00007ffe3d1a0000 - 0x00007ffe3d2b1000 	C:\Windows\System32\ucrtbase.dll
0x00007ffe2e760000 - 0x00007ffe2e778000 	C:\Users\phoenixSwan69\.vscode\extensions\redhat.java-1.53.0-win32-x64\jre\21.0.10-win32-x86_64\bin\jli.dll
0x00007ffe2ce60000 - 0x00007ffe2ce7e000 	C:\Users\phoenixSwan69\.vscode\extensions\redhat.java-1.53.0-win32-x64\jre\21.0.10-win32-x86_64\bin\VCRUNTIME140.dll
0x00007ffe3e1e0000 - 0x00007ffe3e38c000 	C:\Windows\System32\USER32.dll
0x00007ffe24190000 - 0x00007ffe24435000 	C:\Windows\WinSxS\amd64_microsoft.windows.common-controls_6595b64144ccf1df_6.0.21996.1_none_7d6b053978bcd706\COMCTL32.dll
0x00007ffe3d100000 - 0x00007ffe3d126000 	C:\Windows\System32\win32u.dll
0x00007ffe3dc20000 - 0x00007ffe3dcc3000 	C:\Windows\System32\msvcrt.dll
0x00007ffe3e390000 - 0x00007ffe3e3b9000 	C:\Windows\System32\GDI32.dll
0x00007ffe3d4b0000 - 0x00007ffe3d5c2000 	C:\Windows\System32\gdi32full.dll
0x00007ffe3d950000 - 0x00007ffe3d9ed000 	C:\Windows\System32\msvcp_win.dll
0x00007ffe3f280000 - 0x00007ffe3f2b1000 	C:\Windows\System32\IMM32.DLL
0x00007ffe2e750000 - 0x00007ffe2e75c000 	C:\Users\phoenixSwan69\.vscode\extensions\redhat.java-1.53.0-win32-x64\jre\21.0.10-win32-x86_64\bin\vcruntime140_1.dll
0x00007ffe2cdd0000 - 0x00007ffe2ce5d000 	C:\Users\phoenixSwan69\.vscode\extensions\redhat.java-1.53.0-win32-x64\jre\21.0.10-win32-x86_64\bin\msvcp140.dll
0x00007ffdae160000 - 0x00007ffdaef01000 	C:\Users\phoenixSwan69\.vscode\extensions\redhat.java-1.53.0-win32-x64\jre\21.0.10-win32-x86_64\bin\server\jvm.dll
0x00007ffe3f680000 - 0x00007ffe3f72c000 	C:\Windows\System32\ADVAPI32.dll
0x00007ffe3e580000 - 0x00007ffe3e61d000 	C:\Windows\System32\sechost.dll
0x00007ffe3e620000 - 0x00007ffe3e741000 	C:\Windows\System32\RPCRT4.dll
0x00007ffe3e3d0000 - 0x00007ffe3e43f000 	C:\Windows\System32\WS2_32.dll
0x00007ffe3ce30000 - 0x00007ffe3ce7d000 	C:\Windows\SYSTEM32\POWRPROF.dll
0x00007ffe36c90000 - 0x00007ffe36c9a000 	C:\Windows\SYSTEM32\VERSION.dll
0x00007ffe2f550000 - 0x00007ffe2f583000 	C:\Windows\SYSTEM32\WINMM.dll
0x00007ffe3ce10000 - 0x00007ffe3ce23000 	C:\Windows\SYSTEM32\UMPDC.dll
0x00007ffe3c2a0000 - 0x00007ffe3c2b7000 	C:\Windows\SYSTEM32\kernel.appcore.dll
0x00007ffe2df70000 - 0x00007ffe2df7a000 	C:\Users\phoenixSwan69\.vscode\extensions\redhat.java-1.53.0-win32-x64\jre\21.0.10-win32-x86_64\bin\jimage.dll
0x00007ffe285e0000 - 0x00007ffe28801000 	C:\Windows\SYSTEM32\DBGHELP.DLL
0x00007ffe1aaf0000 - 0x00007ffe1ab21000 	C:\Windows\SYSTEM32\dbgcore.DLL
0x00007ffe3d430000 - 0x00007ffe3d4b0000 	C:\Windows\System32\bcryptPrimitives.dll
0x00007ffe2de60000 - 0x00007ffe2de6f000 	C:\Users\phoenixSwan69\.vscode\extensions\redhat.java-1.53.0-win32-x64\jre\21.0.10-win32-x86_64\bin\instrument.dll
0x00007ffe2cdb0000 - 0x00007ffe2cdd0000 	C:\Users\phoenixSwan69\.vscode\extensions\redhat.java-1.53.0-win32-x64\jre\21.0.10-win32-x86_64\bin\java.dll
0x00007ffe3e9c0000 - 0x00007ffe3f129000 	C:\Windows\System32\SHELL32.dll
0x00007ffe3b2c0000 - 0x00007ffe3bb18000 	C:\Windows\SYSTEM32\windows.storage.dll
0x00007ffe3de60000 - 0x00007ffe3e1d5000 	C:\Windows\System32\combase.dll
0x00007ffe3b150000 - 0x00007ffe3b2b6000 	C:\Windows\SYSTEM32\wintypes.dll
0x00007ffe3dd70000 - 0x00007ffe3de5a000 	C:\Windows\System32\SHCORE.dll
0x00007ffe3e440000 - 0x00007ffe3e49d000 	C:\Windows\System32\shlwapi.dll
0x00007ffe3d030000 - 0x00007ffe3d051000 	C:\Windows\SYSTEM32\profapi.dll
0x00007ffe27cf0000 - 0x00007ffe27d08000 	C:\Users\phoenixSwan69\.vscode\extensions\redhat.java-1.53.0-win32-x64\jre\21.0.10-win32-x86_64\bin\zip.dll
0x00007ffe2dce0000 - 0x00007ffe2dcf0000 	C:\Users\phoenixSwan69\.vscode\extensions\redhat.java-1.53.0-win32-x64\jre\21.0.10-win32-x86_64\bin\net.dll
0x00007ffe383d0000 - 0x00007ffe384dc000 	C:\Windows\SYSTEM32\WINHTTP.dll
0x00007ffe3c6b0000 - 0x00007ffe3c717000 	C:\Windows\system32\mswsock.dll
0x00007ffe27cd0000 - 0x00007ffe27ce6000 	C:\Users\phoenixSwan69\.vscode\extensions\redhat.java-1.53.0-win32-x64\jre\21.0.10-win32-x86_64\bin\nio.dll
0x00007ffe2cfb0000 - 0x00007ffe2cfc0000 	C:\Users\phoenixSwan69\.vscode\extensions\redhat.java-1.53.0-win32-x64\jre\21.0.10-win32-x86_64\bin\verify.dll
0x00007ffe2df80000 - 0x00007ffe2dfa7000 	C:\Users\phoenixSwan69\.gradle\native\1def1411415f61bf3af743bc5b6707747c0891f09f0c88961ee8f79bc544acac\windows-amd64\native-platform.dll
0x00007ffe2ded0000 - 0x00007ffe2df48000 	C:\Users\phoenixSwan69\.gradle\native\0.2.7\x86_64-windows-gnu\gradle-fileevents.dll
0x00007ffe27cb0000 - 0x00007ffe27cba000 	C:\Users\phoenixSwan69\.vscode\extensions\redhat.java-1.53.0-win32-x64\jre\21.0.10-win32-x86_64\bin\management.dll
0x00007ffe27a00000 - 0x00007ffe27a0c000 	C:\Users\phoenixSwan69\.vscode\extensions\redhat.java-1.53.0-win32-x64\jre\21.0.10-win32-x86_64\bin\management_ext.dll
0x00007ffe3e3c0000 - 0x00007ffe3e3c8000 	C:\Windows\System32\PSAPI.DLL
0x00007ffe3bde0000 - 0x00007ffe3be0d000 	C:\Windows\SYSTEM32\IPHLPAPI.DLL
0x00007ffe3dcd0000 - 0x00007ffe3dcd9000 	C:\Windows\System32\NSI.dll
0x00007ffe27cc0000 - 0x00007ffe27cc9000 	C:\Users\phoenixSwan69\.vscode\extensions\redhat.java-1.53.0-win32-x64\jre\21.0.10-win32-x86_64\bin\extnet.dll
0x00007ffe3c8f0000 - 0x00007ffe3c908000 	C:\Windows\SYSTEM32\CRYPTSP.dll
0x00007ffe3c200000 - 0x00007ffe3c235000 	C:\Windows\system32\rsaenh.dll
0x00007ffe3c7a0000 - 0x00007ffe3c7c9000 	C:\Windows\SYSTEM32\USERENV.dll
0x00007ffe3ca70000 - 0x00007ffe3ca97000 	C:\Windows\SYSTEM32\bcrypt.dll
0x00007ffe3c910000 - 0x00007ffe3c91c000 	C:\Windows\SYSTEM32\CRYPTBASE.dll
0x00007ffe2cca0000 - 0x00007ffe2ccae000 	C:\Users\phoenixSwan69\.vscode\extensions\redhat.java-1.53.0-win32-x64\jre\21.0.10-win32-x86_64\bin\sunmscapi.dll
0x00007ffe3d2c0000 - 0x00007ffe3d425000 	C:\Windows\System32\CRYPT32.dll
0x00007ffe3ca40000 - 0x00007ffe3ca68000 	C:\Windows\SYSTEM32\ncrypt.dll
0x00007ffe3ca00000 - 0x00007ffe3ca37000 	C:\Windows\SYSTEM32\NTASN1.dll
0x00007ffe2deb0000 - 0x00007ffe2deb8000 	C:\Windows\system32\wshunix.dll

JVMTI agents:
C:\Users\phoenixSwan69\.gradle\wrapper\dists\gradle-8.14.3-bin\cv11ve7ro1n3o1j4so8xd9n66\gradle-8.14.3\lib\agents\gradle-instrumentation-agent-8.14.3.jar path:C:\Users\phoenixSwan69\.vscode\extensions\redhat.java-1.53.0-win32-x64\jre\21.0.10-win32-x86_64\bin\instrument.dll, loaded, initialized, instrumentlib options:none

dbghelp: loaded successfully - version: 4.0.5 - missing functions: none
symbol engine: initialized successfully - sym options: 0x614 - pdb path: .;C:\Users\phoenixSwan69\.vscode\extensions\redhat.java-1.53.0-win32-x64\jre\21.0.10-win32-x86_64\bin;C:\Windows\SYSTEM32;C:\Windows\WinSxS\amd64_microsoft.windows.common-controls_6595b64144ccf1df_6.0.21996.1_none_7d6b053978bcd706;C:\Users\phoenixSwan69\.vscode\extensions\redhat.java-1.53.0-win32-x64\jre\21.0.10-win32-x86_64\bin\server;C:\Users\phoenixSwan69\.gradle\native\1def1411415f61bf3af743bc5b6707747c0891f09f0c88961ee8f79bc544acac\windows-amd64;C:\Users\phoenixSwan69\.gradle\native\0.2.7\x86_64-windows-gnu

VM Arguments:
jvm_args: --add-opens=java.base/java.lang=ALL-UNNAMED --add-opens=java.base/java.lang.invoke=ALL-UNNAMED --add-opens=java.base/java.util=ALL-UNNAMED --add-opens=java.prefs/java.util.prefs=ALL-UNNAMED --add-exports=jdk.compiler/com.sun.tools.javac.api=ALL-UNNAMED --add-exports=jdk.compiler/com.sun.tools.javac.util=ALL-UNNAMED --add-opens=java.base/java.util=ALL-UNNAMED --add-opens=java.prefs/java.util.prefs=ALL-UNNAMED --add-opens=java.base/java.nio.charset=ALL-UNNAMED --add-opens=java.base/java.net=ALL-UNNAMED --add-opens=java.base/java.util.concurrent.atomic=ALL-UNNAMED --add-opens=java.xml/javax.xml.namespace=ALL-UNNAMED -XX:MaxMetaspaceSize=512m -Xmx2048m -Dfile.encoding=UTF-8 -Duser.country=ZW -Duser.language=en -Duser.variant -javaagent:C:\Users\phoenixSwan69\.gradle\wrapper\dists\gradle-8.14.3-bin\cv11ve7ro1n3o1j4so8xd9n66\gradle-8.14.3\lib\agents\gradle-instrumentation-agent-8.14.3.jar 
java_command: org.gradle.launcher.daemon.bootstrap.GradleDaemon 8.14.3
java_class_path (initial): C:\Users\phoenixSwan69\.gradle\wrapper\dists\gradle-8.14.3-bin\cv11ve7ro1n3o1j4so8xd9n66\gradle-8.14.3\lib\gradle-daemon-main-8.14.3.jar
Launcher Type: SUN_STANDARD

[Global flags]
     intx CICompilerCount                          = 3                                         {product} {ergonomic}
   size_t CompressedClassSpaceSize                 = 436207616                                 {product} {ergonomic}
     uint ConcGCThreads                            = 1                                         {product} {ergonomic}
     uint G1ConcRefinementThreads                  = 4                                         {product} {ergonomic}
   size_t G1HeapRegionSize                         = 1048576                                   {product} {ergonomic}
    uintx GCDrainStackTargetSize                   = 64                                        {product} {ergonomic}
   size_t InitialHeapSize                          = 132120576                                 {product} {ergonomic}
   size_t MarkStackSize                            = 4194304                                   {product} {ergonomic}
   size_t MaxHeapSize                              = 2147483648                                {product} {command line}
   size_t MaxMetaspaceSize                         = 536870912                                 {product} {command line}
   size_t MaxNewSize                               = 1287651328                                {product} {ergonomic}
   size_t MinHeapDeltaBytes                        = 1048576                                   {product} {ergonomic}
   size_t MinHeapSize                              = 8388608                                   {product} {ergonomic}
    uintx NonNMethodCodeHeapSize                   = 5832780                                {pd product} {ergonomic}
    uintx NonProfiledCodeHeapSize                  = 122912730                              {pd product} {ergonomic}
    uintx ProfiledCodeHeapSize                     = 122912730                              {pd product} {ergonomic}
    uintx ReservedCodeCacheSize                    = 251658240                              {pd product} {ergonomic}
     bool SegmentedCodeCache                       = true                                      {product} {ergonomic}
   size_t SoftMaxHeapSize                          = 2147483648                             {manageable} {ergonomic}
     bool UseCompressedOops                        = true                           {product lp64_product} {ergonomic}
     bool UseG1GC                                  = true                                      {product} {ergonomic}
     bool UseLargePagesIndividualAllocation        = false                                  {pd product} {ergonomic}

Logging:
Log output configuration:
 #0: stdout all=warning uptime,level,tags foldmultilines=false
 #1: stderr all=off uptime,level,tags foldmultilines=false

Release file:
JAVA_VERSION="21.0.10" 
MODULES="java.base java.compiler java.datatransfer java.xml java.prefs java.desktop java.instrument java.logging java.management java.security.sasl java.naming java.rmi java.management.rmi java.net.http java.scripting java.security.jgss java.transaction.xa java.sql java.sql.rowset java.xml.crypto java.se java.smartcardio jdk.accessibility jdk.internal.jvmstat jdk.attach jdk.charsets jdk.internal.opt jdk.zipfs jdk.compiler jdk.crypto.ec jdk.crypto.cryptoki jdk.crypto.mscapi jdk.dynalink jdk.internal.ed jdk.editpad jdk.hotspot.agent jdk.httpserver jdk.internal.le jdk.internal.vm.ci jdk.internal.vm.compiler jdk.internal.vm.compiler.management jdk.jartool jdk.javadoc jdk.jcmd jdk.management jdk.management.agent jdk.jconsole jdk.jdeps jdk.jdwp.agent jdk.jdi jdk.jfr jdk.jshell jdk.jsobject jdk.jstatd jdk.localedata jdk.management.jfr jdk.naming.dns jdk.naming.rmi jdk.net jdk.nio.mapmode jdk.random jdk.sctp jdk.security.auth jdk.security.jgss jdk.unsupported jdk.unsupported.desktop jdk.xml.dom" 

Environment Variables:
PATH=C:\Program Files\Common Files\Oracle\Java\javapath;C:\Program Files (x86)\Common Files\Oracle\Java\java8path;C:\Program Files (x86)\Common Files\Oracle\Java\javapath;C:\Program Files (x86)\NVIDIA Corporation\PhysX\Common;C:\Windows\system32;C:\Windows;C:\Windows\System32\Wbem;C:\Windows\System32\WindowsPowerShell\v1.0\;C:\Windows\System32\OpenSSH\;C:\Program Files\nodejs;C:\Program Files\nodejs\;C:\Program Files\Microsoft SQL Server\170\Tools\Binn\;C:\Program Files\Microsoft SQL Server\Client SDK\ODBC\170\Tools\Binn\;C:\Program Files (x86)\Windows Kits\10\Windows Performance Toolkit\;C:\Program Files\dotnet\;C:\Users\phoenixSwan69\AppData\Local\Microsoft\WindowsApps;C:\Users\phoenixSwan69\AppData\Local\Programs\Microsoft VS Code\bin;C:\Users\phoenixSwan69\AppData\Roaming\npm;C:\Program Files\nodejs;C:\Git\cmd;C:\Program Files\JetBrains\IntelliJ IDEA 2025.3.3\bin;C:\Users\phoenixSwan69\.dotnet\tools
USERNAME=phoenixSwan69
OS=Windows_NT
PROCESSOR_IDENTIFIER=Intel64 Family 6 Model 142 Stepping 9, GenuineIntel
TMP=C:\Users\PHOENI~1\AppData\Local\Temp
TEMP=C:\Users\PHOENI~1\AppData\Local\Temp




Periodic native trim disabled

---------------  S Y S T E M  ---------------

OS:
 Windows 10 , 64 bit Build 21996 (10.0.21996.1)
OS uptime: 0 days 0:53 hours

CPU: total 4 (initial active 4) (2 cores per cpu, 2 threads per core) family 6 model 142 stepping 9 microcode 0xde, cx8, cmov, fxsr, ht, mmx, 3dnowpref, sse, sse2, sse3, ssse3, sse4.1, sse4.2, popcnt, lzcnt, tsc, tscinvbit, avx, avx2, aes, erms, clmul, bmi1, bmi2, rtm, adx, fma, vzeroupper, clflush, clflushopt, rdtscp, f16c
Processor Information for the first 4 processors :
  Max Mhz: 2904, Current Mhz: 1502, Mhz Limit: 2787

Memory: 4k page, system-wide physical 7971M (790M free)
TotalPageFile size 7971M (AvailPageFile size 5M)
current process WorkingSet (physical memory assigned to process): 371M, peak: 393M
current process commit charge ("private bytes"): 405M, peak: 423M

vm_info: OpenJDK 64-Bit Server VM (21.0.10+7-LTS) for windows-amd64 JRE (21.0.10+7-LTS), built on 2026-01-20T00:00:00Z by "admin" with MS VC++ 17.12 (VS2022)

END.
