#
# There is insufficient memory for the Java Runtime Environment to continue.
# Native memory allocation (malloc) failed to allocate 2093136 bytes. Error detail: Chunk::new
# Possible reasons:
#   The system is out of physical RAM or swap space
#   This process is running with CompressedOops enabled, and the Java Heap may be blocking the growth of the native heap
# Possible solutions:
#   Reduce memory load on the system
#   Increase physical memory or swap space
#   Check if swap backing store is full
#   Decrease Java heap size (-Xmx/-Xms)
#   Decrease number of Java threads
#   Decrease Java thread stack sizes (-Xss)
#   Set larger code cache with -XX:ReservedCodeCacheSize=
#   JVM is running with Unscaled Compressed Oops mode in which the Java heap is
#     placed in the first 4GB address space. The Java Heap base address is the
#     maximum limit for the native heap growth. Please use -XX:HeapBaseMinAddress
#     to set the Java Heap base and to place the Java Heap above 4GB virtual address.
# This output file may be truncated or incomplete.
#
#  Out of Memory Error (arena.cpp:168), pid=10496, tid=9532
#
# JRE version: OpenJDK Runtime Environment Temurin-21.0.10+7 (21.0.10+7) (build 21.0.10+7-LTS)
# Java VM: OpenJDK 64-Bit Server VM Temurin-21.0.10+7 (21.0.10+7-LTS, mixed mode, sharing, tiered, compressed oops, compressed class ptrs, g1 gc, windows-amd64)
# No core dump will be written. Minidumps are not enabled by default on client versions of Windows
#

---------------  S U M M A R Y ------------

Command Line: --add-opens=java.base/java.lang=ALL-UNNAMED --add-opens=java.base/java.lang.invoke=ALL-UNNAMED --add-opens=java.base/java.util=ALL-UNNAMED --add-opens=java.prefs/java.util.prefs=ALL-UNNAMED --add-exports=jdk.compiler/com.sun.tools.javac.api=ALL-UNNAMED --add-exports=jdk.compiler/com.sun.tools.javac.util=ALL-UNNAMED --add-opens=java.base/java.util=ALL-UNNAMED --add-opens=java.prefs/java.util.prefs=ALL-UNNAMED --add-opens=java.base/java.nio.charset=ALL-UNNAMED --add-opens=java.base/java.net=ALL-UNNAMED --add-opens=java.base/java.util.concurrent.atomic=ALL-UNNAMED --add-opens=java.xml/javax.xml.namespace=ALL-UNNAMED -XX:MaxMetaspaceSize=512m -Xmx2048m -Dfile.encoding=UTF-8 -Duser.country=ZW -Duser.language=en -Duser.variant -javaagent:C:\Users\phoenixSwan69\.gradle\wrapper\dists\gradle-8.14.3-bin\cv11ve7ro1n3o1j4so8xd9n66\gradle-8.14.3\lib\agents\gradle-instrumentation-agent-8.14.3.jar org.gradle.launcher.daemon.bootstrap.GradleDaemon 8.14.3

Host: Intel(R) Core(TM) i7-7600U CPU @ 2.80GHz, 4 cores, 7G,  Windows 10 , 64 bit Build 21996 (10.0.21996.1)
Time: Mon Mar 23 00:18:19 2026 South Africa Standard Time elapsed time: 28.687561 seconds (0d 0h 0m 28s)

---------------  T H R E A D  ---------------

Current thread (0x000001a9e6e67750):  JavaThread "C2 CompilerThread0" daemon [_thread_in_native, id=9532, stack(0x00000058e1c00000,0x00000058e1d00000) (1024K)]


Current CompileTask:
C2:28687 8586 %     4       org.objectweb.asm.ClassReader::readCode @ 92 (5117 bytes)

Stack: [0x00000058e1c00000,0x00000058e1d00000]
Native frames: (J=compiled Java code, j=interpreted, Vv=VM code, C=native code)
V  [jvm.dll+0x6d7a39]
V  [jvm.dll+0x8b4b26]
V  [jvm.dll+0x8b70de]
V  [jvm.dll+0x8b77c3]
V  [jvm.dll+0x284346]
V  [jvm.dll+0xc66ed]
V  [jvm.dll+0xc6c31]
V  [jvm.dll+0x3bec01]
V  [jvm.dll+0x38b162]
V  [jvm.dll+0x38a5aa]
V  [jvm.dll+0x24c560]
V  [jvm.dll+0x24bb40]
V  [jvm.dll+0x1cb34e]
V  [jvm.dll+0x25b85d]
V  [jvm.dll+0x259dea]
V  [jvm.dll+0x3f857e]
V  [jvm.dll+0x85f59d]
V  [jvm.dll+0x6d626d]
C  [ucrtbase.dll+0x26c0c]
C  [KERNEL32.DLL+0x154e0]
C  [ntdll.dll+0x485b]


---------------  P R O C E S S  ---------------

Threads class SMR info:
_java_thread_list=0x000001a9f0bb9150, length=40, elements={
0x000001a9cdc66ab0, 0x000001a9e6e51250, 0x000001a9e6e51cb0, 0x000001a9e6e53ec0,
0x000001a9e6e56930, 0x000001a9e6e57b30, 0x000001a9e6e58f90, 0x000001a9e6e67750,
0x000001a9e6e68ac0, 0x000001a9eb1c2890, 0x000001a9eb1c4ff0, 0x000001a9eb1c42d0,
0x000001a9eb1c2f20, 0x000001a9eb1c5680, 0x000001a9eb1c4960, 0x000001a9ecb99df0,
0x000001a9ecb97d20, 0x000001a9ecb97690, 0x000001a9ecb9ab10, 0x000001a9ecb9b1a0,
0x000001a9ecb9a480, 0x000001a9ecb9b830, 0x000001a9ecb983b0, 0x000001a9ecb9d270,
0x000001a9ecb98a40, 0x000001a9ecb9df90, 0x000001a9ecb99760, 0x000001a9ecb9c550,
0x000001a9ecb9ecb0, 0x000001a9ecb9cbe0, 0x000001a9ecb990d0, 0x000001a9eb51e710,
0x000001a9eb521b90, 0x000001a9eb522220, 0x000001a9eb521500, 0x000001a9eb51fac0,
0x000001a9eb51b290, 0x000001a9eb520150, 0x000001a9eb5228b0, 0x000001a9eb51b920
}

Java Threads: ( => current thread )
  0x000001a9cdc66ab0 JavaThread "main"                              [_thread_blocked, id=4984, stack(0x00000058e0e00000,0x00000058e0f00000) (1024K)]
  0x000001a9e6e51250 JavaThread "Reference Handler"          daemon [_thread_blocked, id=7256, stack(0x00000058e1600000,0x00000058e1700000) (1024K)]
  0x000001a9e6e51cb0 JavaThread "Finalizer"                  daemon [_thread_blocked, id=5988, stack(0x00000058e1700000,0x00000058e1800000) (1024K)]
  0x000001a9e6e53ec0 JavaThread "Signal Dispatcher"          daemon [_thread_blocked, id=8240, stack(0x00000058e1800000,0x00000058e1900000) (1024K)]
  0x000001a9e6e56930 JavaThread "Attach Listener"            daemon [_thread_blocked, id=8960, stack(0x00000058e1900000,0x00000058e1a00000) (1024K)]
  0x000001a9e6e57b30 JavaThread "Service Thread"             daemon [_thread_blocked, id=9288, stack(0x00000058e1a00000,0x00000058e1b00000) (1024K)]
  0x000001a9e6e58f90 JavaThread "Monitor Deflation Thread"   daemon [_thread_blocked, id=5480, stack(0x00000058e1b00000,0x00000058e1c00000) (1024K)]
=>0x000001a9e6e67750 JavaThread "C2 CompilerThread0"         daemon [_thread_in_native, id=9532, stack(0x00000058e1c00000,0x00000058e1d00000) (1024K)]
  0x000001a9e6e68ac0 JavaThread "C1 CompilerThread0"         daemon [_thread_blocked, id=8016, stack(0x00000058e1d00000,0x00000058e1e00000) (1024K)]
  0x000001a9eb1c2890 JavaThread "Common-Cleaner"             daemon [_thread_blocked, id=6952, stack(0x00000058e1e00000,0x00000058e1f00000) (1024K)]
  0x000001a9eb1c4ff0 JavaThread "Notification Thread"        daemon [_thread_blocked, id=10992, stack(0x00000058e1f00000,0x00000058e2000000) (1024K)]
  0x000001a9eb1c42d0 JavaThread "Daemon health stats"               [_thread_blocked, id=5164, stack(0x00000058e2400000,0x00000058e2500000) (1024K)]
  0x000001a9eb1c2f20 JavaThread "Incoming local TCP Connector on port 50317"        [_thread_in_native, id=4432, stack(0x00000058e2500000,0x00000058e2600000) (1024K)]
  0x000001a9eb1c5680 JavaThread "Daemon periodic checks"            [_thread_blocked, id=1936, stack(0x00000058e2600000,0x00000058e2700000) (1024K)]
  0x000001a9eb1c4960 JavaThread "Daemon"                            [_thread_blocked, id=8376, stack(0x00000058e2700000,0x00000058e2800000) (1024K)]
  0x000001a9ecb99df0 JavaThread "Handler for socket connection from /127.0.0.1:50317 to /127.0.0.1:50318"        [_thread_in_native, id=10368, stack(0x00000058e2800000,0x00000058e2900000) (1024K)]
  0x000001a9ecb97d20 JavaThread "Cancel handler"                    [_thread_blocked, id=4776, stack(0x00000058e2900000,0x00000058e2a00000) (1024K)]
  0x000001a9ecb97690 JavaThread "Daemon worker"                     [_thread_in_Java, id=2768, stack(0x00000058e2a00000,0x00000058e2b00000) (1024K)]
  0x000001a9ecb9ab10 JavaThread "Asynchronous log dispatcher for DefaultDaemonConnection: socket connection from /127.0.0.1:50317 to /127.0.0.1:50318"        [_thread_blocked, id=2172, stack(0x00000058e2b00000,0x00000058e2c00000) (1024K)]
  0x000001a9ecb9b1a0 JavaThread "Stdin handler"                     [_thread_blocked, id=1280, stack(0x00000058e2c00000,0x00000058e2d00000) (1024K)]
  0x000001a9ecb9a480 JavaThread "Daemon client event forwarder"        [_thread_blocked, id=10824, stack(0x00000058e2d00000,0x00000058e2e00000) (1024K)]
  0x000001a9ecb9b830 JavaThread "Cache worker for journal cache (C:\Users\phoenixSwan69\.gradle\caches\journal-1)"        [_thread_blocked, id=1720, stack(0x00000058e2e00000,0x00000058e2f00000) (1024K)]
  0x000001a9ecb983b0 JavaThread "File lock request listener"        [_thread_in_native, id=7416, stack(0x00000058e2f00000,0x00000058e3000000) (1024K)]
  0x000001a9ecb9d270 JavaThread "Cache worker for file hash cache (C:\Users\phoenixSwan69\.gradle\caches\8.14.3\fileHashes)"        [_thread_blocked, id=6648, stack(0x00000058e3000000,0x00000058e3100000) (1024K)]
  0x000001a9ecb98a40 JavaThread "Cache worker for file hash cache (C:\Users\phoenixSwan69\Desktop\Rentify\android\.gradle\8.14.3\fileHashes)"        [_thread_blocked, id=6800, stack(0x00000058e3100000,0x00000058e3200000) (1024K)]
  0x000001a9ecb9df90 JavaThread "Cache worker for Build Output Cleanup Cache (C:\Users\phoenixSwan69\Desktop\Rentify\android\.gradle\buildOutputCleanup)"        [_thread_blocked, id=6692, stack(0x00000058e3200000,0x00000058e3300000) (1024K)]
  0x000001a9ecb99760 JavaThread "File watcher server"        daemon [_thread_in_native, id=5736, stack(0x00000058e3300000,0x00000058e3400000) (1024K)]
  0x000001a9ecb9c550 JavaThread "File watcher consumer"      daemon [_thread_blocked, id=4076, stack(0x00000058e3400000,0x00000058e3500000) (1024K)]
  0x000001a9ecb9ecb0 JavaThread "jar transforms"                    [_thread_blocked, id=4796, stack(0x00000058e3500000,0x00000058e3600000) (1024K)]
  0x000001a9ecb9cbe0 JavaThread "jar transforms Thread 2"           [_thread_blocked, id=5576, stack(0x00000058e3600000,0x00000058e3700000) (1024K)]
  0x000001a9ecb990d0 JavaThread "jar transforms Thread 3"           [_thread_blocked, id=6864, stack(0x00000058e3700000,0x00000058e3800000) (1024K)]
  0x000001a9eb51e710 JavaThread "jar transforms Thread 4"           [_thread_blocked, id=4996, stack(0x00000058e3800000,0x00000058e3900000) (1024K)]
  0x000001a9eb521b90 JavaThread "Cache worker for checksums cache (C:\Users\phoenixSwan69\Desktop\Rentify\android\.gradle\8.14.3\checksums)"        [_thread_blocked, id=2904, stack(0x00000058e3900000,0x00000058e3a00000) (1024K)]
  0x000001a9eb522220 JavaThread "Cache worker for file content cache (C:\Users\phoenixSwan69\.gradle\caches\8.14.3\fileContent)"        [_thread_blocked, id=6844, stack(0x00000058e3a00000,0x00000058e3b00000) (1024K)]
  0x000001a9eb521500 JavaThread "Exec process"                      [_thread_blocked, id=4616, stack(0x00000058e3b00000,0x00000058e3c00000) (1024K)]
  0x000001a9eb51fac0 JavaThread "Exec process Thread 2"             [_thread_blocked, id=4364, stack(0x00000058e3c00000,0x00000058e3d00000) (1024K)]
  0x000001a9eb51b290 JavaThread "Exec process Thread 3"             [_thread_blocked, id=1576, stack(0x00000058e3d00000,0x00000058e3e00000) (1024K)]
  0x000001a9eb520150 JavaThread "Cache worker for cache directory md-supplier (C:\Users\phoenixSwan69\.gradle\caches\8.14.3\md-supplier)"        [_thread_blocked, id=6184, stack(0x00000058e3e00000,0x00000058e3f00000) (1024K)]
  0x000001a9eb5228b0 JavaThread "Cache worker for cache directory md-rule (C:\Users\phoenixSwan69\.gradle\caches\8.14.3\md-rule)"        [_thread_blocked, id=3884, stack(0x00000058e3f00000,0x00000058e4000000) (1024K)]
  0x000001a9eb51b920 JavaThread "Cache worker for Build Output Cleanup Cache (C:\Users\phoenixSwan69\Desktop\Rentify\node_modules\@react-native\gradle-plugin\.gradle\buildOutputCleanup)"        [_thread_blocked, id=3744, stack(0x00000058e4000000,0x00000058e4100000) (1024K)]
Total: 40

Other Threads:
  0x000001a9e6e32c70 VMThread "VM Thread"                           [id=9960, stack(0x00000058e1500000,0x00000058e1600000) (1024K)]
  0x000001a9e6e22270 WatcherThread "VM Periodic Task Thread"        [id=3872, stack(0x00000058e1400000,0x00000058e1500000) (1024K)]
  0x000001a9cffe5200 WorkerThread "GC Thread#0"                     [id=3640, stack(0x00000058e0f00000,0x00000058e1000000) (1024K)]
  0x000001a9eb24b440 WorkerThread "GC Thread#1"                     [id=8280, stack(0x00000058e2000000,0x00000058e2100000) (1024K)]
  0x000001a9eb24b7f0 WorkerThread "GC Thread#2"                     [id=3888, stack(0x00000058e2100000,0x00000058e2200000) (1024K)]
  0x000001a9ebd7d630 WorkerThread "GC Thread#3"                     [id=2648, stack(0x00000058e2300000,0x00000058e2400000) (1024K)]
  0x000001a9cfff5fa0 ConcurrentGCThread "G1 Main Marker"            [id=8104, stack(0x00000058e1000000,0x00000058e1100000) (1024K)]
  0x000001a9cfff6a10 WorkerThread "G1 Conc#0"                       [id=11144, stack(0x00000058e1100000,0x00000058e1200000) (1024K)]
  0x000001a9d005e050 ConcurrentGCThread "G1 Refine#0"               [id=1116, stack(0x00000058e1200000,0x00000058e1300000) (1024K)]
  0x000001a9d005e980 ConcurrentGCThread "G1 Service"                [id=4384, stack(0x00000058e1300000,0x00000058e1400000) (1024K)]
Total: 10

Threads with active compile tasks:
C2 CompilerThread0  28715 8586 %     4       org.objectweb.asm.ClassReader::readCode @ 92 (5117 bytes)
Total: 1

VM state: not at safepoint (normal execution)

VM Mutex/Monitor currently owned by a thread: None

Heap address: 0x0000000080000000, size: 2048 MB, Compressed Oops mode: 32-bit

CDS archive(s) mapped at: [0x000001a980000000-0x000001a980ba0000-0x000001a980ba0000), size 12189696, SharedBaseAddress: 0x000001a980000000, ArchiveRelocationMode: 1.
Compressed class space mapped at: 0x000001a981000000-0x000001a99b000000, reserved size: 436207616
Narrow klass base: 0x000001a980000000, Narrow klass shift: 0, Narrow klass range: 0x100000000

GC Precious Log:
 CardTable entry size: 512
 Card Set container configuration: InlinePtr #cards 5 size 8 Array Of Cards #cards 12 size 40 Howl #buckets 4 coarsen threshold 1843 Howl Bitmap #cards 512 size 80 coarsen threshold 460 Card regions per heap region 1 cards per card region 2048
 CPUs: 4 total, 4 available
 Memory: 7971M
 Large Page Support: Disabled
 NUMA Support: Disabled
 Compressed Oops: Enabled (32-bit)
 Heap Region Size: 1M
 Heap Min Capacity: 8M
 Heap Initial Capacity: 126M
 Heap Max Capacity: 2G
 Pre-touch: Disabled
 Parallel Workers: 4
 Concurrent Workers: 1
 Concurrent Refinement Workers: 4
 Periodic GC: Disabled

Heap:
 garbage-first heap   total 299008K, used 235933K [0x0000000080000000, 0x0000000100000000)
  region size 1024K, 173 young (177152K), 10 survivors (10240K)
 Metaspace       used 53679K, committed 55360K, reserved 491520K
  class space    used 7461K, committed 8256K, reserved 425984K

Heap Regions: E=young(eden), S=young(survivor), O=old, HS=humongous(starts), HC=humongous(continues), CS=collection set, F=free, TAMS=top-at-mark-start, PB=parsable bottom
|   0|0x0000000080000000, 0x0000000080100000, 0x0000000080100000|100%|HS|  |TAMS 0x0000000080000000| PB 0x0000000080000000| Complete 
|   1|0x0000000080100000, 0x0000000080200000, 0x0000000080200000|100%|HC|  |TAMS 0x0000000080100000| PB 0x0000000080100000| Complete 
|   2|0x0000000080200000, 0x0000000080300000, 0x0000000080300000|100%|HC|  |TAMS 0x0000000080200000| PB 0x0000000080200000| Complete 
|   3|0x0000000080300000, 0x0000000080400000, 0x0000000080400000|100%| O|  |TAMS 0x0000000080300000| PB 0x0000000080300000| Untracked 
|   4|0x0000000080400000, 0x0000000080500000, 0x0000000080500000|100%| O|  |TAMS 0x0000000080400000| PB 0x0000000080400000| Untracked 
|   5|0x0000000080500000, 0x0000000080600000, 0x0000000080600000|100%| O|  |TAMS 0x0000000080500000| PB 0x0000000080500000| Untracked 
|   6|0x0000000080600000, 0x0000000080700000, 0x0000000080700000|100%|HS|  |TAMS 0x0000000080600000| PB 0x0000000080600000| Complete 
|   7|0x0000000080700000, 0x0000000080800000, 0x0000000080800000|100%| O|  |TAMS 0x0000000080700000| PB 0x0000000080700000| Untracked 
|   8|0x0000000080800000, 0x0000000080900000, 0x0000000080900000|100%| O|  |TAMS 0x0000000080800000| PB 0x0000000080800000| Untracked 
|   9|0x0000000080900000, 0x0000000080a00000, 0x0000000080a00000|100%| O|  |TAMS 0x0000000080900000| PB 0x0000000080900000| Untracked 
|  10|0x0000000080a00000, 0x0000000080b00000, 0x0000000080b00000|100%| O|  |TAMS 0x0000000080a00000| PB 0x0000000080a00000| Untracked 
|  11|0x0000000080b00000, 0x0000000080c00000, 0x0000000080c00000|100%| O|  |TAMS 0x0000000080b00000| PB 0x0000000080b00000| Untracked 
|  12|0x0000000080c00000, 0x0000000080d00000, 0x0000000080d00000|100%| O|  |TAMS 0x0000000080c00000| PB 0x0000000080c00000| Untracked 
|  13|0x0000000080d00000, 0x0000000080e00000, 0x0000000080e00000|100%| O|  |TAMS 0x0000000080d00000| PB 0x0000000080d00000| Untracked 
|  14|0x0000000080e00000, 0x0000000080f00000, 0x0000000080f00000|100%| O|  |TAMS 0x0000000080e00000| PB 0x0000000080e00000| Untracked 
|  15|0x0000000080f00000, 0x0000000081000000, 0x0000000081000000|100%| O|  |TAMS 0x0000000080f00000| PB 0x0000000080f00000| Untracked 
|  16|0x0000000081000000, 0x0000000081100000, 0x0000000081100000|100%| O|  |TAMS 0x0000000081000000| PB 0x0000000081000000| Untracked 
|  17|0x0000000081100000, 0x0000000081200000, 0x0000000081200000|100%| O|  |TAMS 0x0000000081100000| PB 0x0000000081100000| Untracked 
|  18|0x0000000081200000, 0x0000000081300000, 0x0000000081300000|100%| O|  |TAMS 0x0000000081200000| PB 0x0000000081200000| Untracked 
|  19|0x0000000081300000, 0x0000000081400000, 0x0000000081400000|100%| O|  |TAMS 0x0000000081300000| PB 0x0000000081300000| Untracked 
|  20|0x0000000081400000, 0x0000000081500000, 0x0000000081500000|100%| O|  |TAMS 0x0000000081400000| PB 0x0000000081400000| Untracked 
|  21|0x0000000081500000, 0x0000000081600000, 0x0000000081600000|100%| O|  |TAMS 0x0000000081500000| PB 0x0000000081500000| Untracked 
|  22|0x0000000081600000, 0x0000000081700000, 0x0000000081700000|100%| O|  |TAMS 0x0000000081600000| PB 0x0000000081600000| Untracked 
|  23|0x0000000081700000, 0x0000000081800000, 0x0000000081800000|100%| O|  |TAMS 0x0000000081700000| PB 0x0000000081700000| Untracked 
|  24|0x0000000081800000, 0x0000000081900000, 0x0000000081900000|100%| O|  |TAMS 0x0000000081800000| PB 0x0000000081800000| Untracked 
|  25|0x0000000081900000, 0x0000000081a00000, 0x0000000081a00000|100%| O|  |TAMS 0x0000000081900000| PB 0x0000000081900000| Untracked 
|  26|0x0000000081a00000, 0x0000000081b00000, 0x0000000081b00000|100%| O|  |TAMS 0x0000000081a00000| PB 0x0000000081a00000| Untracked 
|  27|0x0000000081b00000, 0x0000000081c00000, 0x0000000081c00000|100%| O|  |TAMS 0x0000000081b00000| PB 0x0000000081b00000| Untracked 
|  28|0x0000000081c00000, 0x0000000081d00000, 0x0000000081d00000|100%| O|  |TAMS 0x0000000081c00000| PB 0x0000000081c00000| Untracked 
|  29|0x0000000081d00000, 0x0000000081e00000, 0x0000000081e00000|100%| O|  |TAMS 0x0000000081d00000| PB 0x0000000081d00000| Untracked 
|  30|0x0000000081e00000, 0x0000000081f00000, 0x0000000081f00000|100%| O|  |TAMS 0x0000000081e00000| PB 0x0000000081e00000| Untracked 
|  31|0x0000000081f00000, 0x0000000082000000, 0x0000000082000000|100%| O|  |TAMS 0x0000000081f00000| PB 0x0000000081f00000| Untracked 
|  32|0x0000000082000000, 0x0000000082100000, 0x0000000082100000|100%| O|  |TAMS 0x0000000082000000| PB 0x0000000082000000| Untracked 
|  33|0x0000000082100000, 0x0000000082200000, 0x0000000082200000|100%| O|  |TAMS 0x0000000082100000| PB 0x0000000082100000| Untracked 
|  34|0x0000000082200000, 0x0000000082300000, 0x0000000082300000|100%| O|  |TAMS 0x0000000082200000| PB 0x0000000082200000| Untracked 
|  35|0x0000000082300000, 0x0000000082400000, 0x0000000082400000|100%| O|  |TAMS 0x0000000082300000| PB 0x0000000082300000| Untracked 
|  36|0x0000000082400000, 0x0000000082500000, 0x0000000082500000|100%| O|  |TAMS 0x0000000082400000| PB 0x0000000082400000| Untracked 
|  37|0x0000000082500000, 0x0000000082600000, 0x0000000082600000|100%| O|  |TAMS 0x0000000082500000| PB 0x0000000082500000| Untracked 
|  38|0x0000000082600000, 0x0000000082700000, 0x0000000082700000|100%|HS|  |TAMS 0x0000000082600000| PB 0x0000000082600000| Complete 
|  39|0x0000000082700000, 0x0000000082800000, 0x0000000082800000|100%| O|  |TAMS 0x0000000082700000| PB 0x0000000082700000| Untracked 
|  40|0x0000000082800000, 0x0000000082900000, 0x0000000082900000|100%| O|  |TAMS 0x0000000082800000| PB 0x0000000082800000| Untracked 
|  41|0x0000000082900000, 0x0000000082a00000, 0x0000000082a00000|100%| O|  |TAMS 0x0000000082900000| PB 0x0000000082900000| Untracked 
|  42|0x0000000082a00000, 0x0000000082b00000, 0x0000000082b00000|100%| O|  |TAMS 0x0000000082a00000| PB 0x0000000082a00000| Untracked 
|  43|0x0000000082b00000, 0x0000000082c00000, 0x0000000082c00000|100%| O|  |TAMS 0x0000000082b00000| PB 0x0000000082b00000| Untracked 
|  44|0x0000000082c00000, 0x0000000082d00000, 0x0000000082d00000|100%| O|  |TAMS 0x0000000082c00000| PB 0x0000000082c00000| Untracked 
|  45|0x0000000082d00000, 0x0000000082e00000, 0x0000000082e00000|100%| O|  |TAMS 0x0000000082d00000| PB 0x0000000082d00000| Untracked 
|  46|0x0000000082e00000, 0x0000000082f00000, 0x0000000082f00000|100%| O|  |TAMS 0x0000000082e00000| PB 0x0000000082e00000| Untracked 
|  47|0x0000000082f00000, 0x0000000083000000, 0x0000000083000000|100%| O|  |TAMS 0x0000000082f00000| PB 0x0000000082f00000| Untracked 
|  48|0x0000000083000000, 0x0000000083100000, 0x0000000083100000|100%| O|  |TAMS 0x0000000083000000| PB 0x0000000083000000| Untracked 
|  49|0x0000000083100000, 0x0000000083200000, 0x0000000083200000|100%| O|  |TAMS 0x0000000083100000| PB 0x0000000083100000| Untracked 
|  50|0x0000000083200000, 0x0000000083300000, 0x0000000083300000|100%| O|  |TAMS 0x0000000083200000| PB 0x0000000083200000| Untracked 
|  51|0x0000000083300000, 0x0000000083400000, 0x0000000083400000|100%| O|  |TAMS 0x0000000083300000| PB 0x0000000083300000| Untracked 
|  52|0x0000000083400000, 0x0000000083500000, 0x0000000083500000|100%| O|  |TAMS 0x0000000083400000| PB 0x0000000083400000| Untracked 
|  53|0x0000000083500000, 0x0000000083600000, 0x0000000083600000|100%| O|  |TAMS 0x0000000083500000| PB 0x0000000083500000| Untracked 
|  54|0x0000000083600000, 0x00000000836fcee8, 0x0000000083700000| 98%| O|  |TAMS 0x0000000083600000| PB 0x0000000083600000| Untracked 
|  55|0x0000000083700000, 0x0000000083700000, 0x0000000083800000|  0%| F|  |TAMS 0x0000000083700000| PB 0x0000000083700000| Untracked 
|  56|0x0000000083800000, 0x0000000083800000, 0x0000000083900000|  0%| F|  |TAMS 0x0000000083800000| PB 0x0000000083800000| Untracked 
|  57|0x0000000083900000, 0x0000000083900000, 0x0000000083a00000|  0%| F|  |TAMS 0x0000000083900000| PB 0x0000000083900000| Untracked 
|  58|0x0000000083a00000, 0x0000000083a00000, 0x0000000083b00000|  0%| F|  |TAMS 0x0000000083a00000| PB 0x0000000083a00000| Untracked 
|  59|0x0000000083b00000, 0x0000000083b00000, 0x0000000083c00000|  0%| F|  |TAMS 0x0000000083b00000| PB 0x0000000083b00000| Untracked 
|  60|0x0000000083c00000, 0x0000000083c00000, 0x0000000083d00000|  0%| F|  |TAMS 0x0000000083c00000| PB 0x0000000083c00000| Untracked 
|  61|0x0000000083d00000, 0x0000000083d00000, 0x0000000083e00000|  0%| F|  |TAMS 0x0000000083d00000| PB 0x0000000083d00000| Untracked 
|  62|0x0000000083e00000, 0x0000000083e00000, 0x0000000083f00000|  0%| F|  |TAMS 0x0000000083e00000| PB 0x0000000083e00000| Untracked 
|  63|0x0000000083f00000, 0x0000000083f00000, 0x0000000084000000|  0%| F|  |TAMS 0x0000000083f00000| PB 0x0000000083f00000| Untracked 
|  64|0x0000000084000000, 0x0000000084000000, 0x0000000084100000|  0%| F|  |TAMS 0x0000000084000000| PB 0x0000000084000000| Untracked 
|  65|0x0000000084100000, 0x0000000084100000, 0x0000000084200000|  0%| F|  |TAMS 0x0000000084100000| PB 0x0000000084100000| Untracked 
|  66|0x0000000084200000, 0x0000000084200000, 0x0000000084300000|  0%| F|  |TAMS 0x0000000084200000| PB 0x0000000084200000| Untracked 
|  67|0x0000000084300000, 0x0000000084300000, 0x0000000084400000|  0%| F|  |TAMS 0x0000000084300000| PB 0x0000000084300000| Untracked 
|  68|0x0000000084400000, 0x0000000084400000, 0x0000000084500000|  0%| F|  |TAMS 0x0000000084400000| PB 0x0000000084400000| Untracked 
|  69|0x0000000084500000, 0x0000000084500000, 0x0000000084600000|  0%| F|  |TAMS 0x0000000084500000| PB 0x0000000084500000| Untracked 
|  70|0x0000000084600000, 0x0000000084600000, 0x0000000084700000|  0%| F|  |TAMS 0x0000000084600000| PB 0x0000000084600000| Untracked 
|  71|0x0000000084700000, 0x0000000084700000, 0x0000000084800000|  0%| F|  |TAMS 0x0000000084700000| PB 0x0000000084700000| Untracked 
|  72|0x0000000084800000, 0x0000000084800000, 0x0000000084900000|  0%| F|  |TAMS 0x0000000084800000| PB 0x0000000084800000| Untracked 
|  73|0x0000000084900000, 0x0000000084900000, 0x0000000084a00000|  0%| F|  |TAMS 0x0000000084900000| PB 0x0000000084900000| Untracked 
|  74|0x0000000084a00000, 0x0000000084a00000, 0x0000000084b00000|  0%| F|  |TAMS 0x0000000084a00000| PB 0x0000000084a00000| Untracked 
|  75|0x0000000084b00000, 0x0000000084b00000, 0x0000000084c00000|  0%| F|  |TAMS 0x0000000084b00000| PB 0x0000000084b00000| Untracked 
|  76|0x0000000084c00000, 0x0000000084c00000, 0x0000000084d00000|  0%| F|  |TAMS 0x0000000084c00000| PB 0x0000000084c00000| Untracked 
|  77|0x0000000084d00000, 0x0000000084d00000, 0x0000000084e00000|  0%| F|  |TAMS 0x0000000084d00000| PB 0x0000000084d00000| Untracked 
|  78|0x0000000084e00000, 0x0000000084e00000, 0x0000000084f00000|  0%| F|  |TAMS 0x0000000084e00000| PB 0x0000000084e00000| Untracked 
|  79|0x0000000084f00000, 0x0000000084f00000, 0x0000000085000000|  0%| F|  |TAMS 0x0000000084f00000| PB 0x0000000084f00000| Untracked 
|  80|0x0000000085000000, 0x0000000085000000, 0x0000000085100000|  0%| F|  |TAMS 0x0000000085000000| PB 0x0000000085000000| Untracked 
|  81|0x0000000085100000, 0x0000000085100000, 0x0000000085200000|  0%| F|  |TAMS 0x0000000085100000| PB 0x0000000085100000| Untracked 
|  82|0x0000000085200000, 0x0000000085200000, 0x0000000085300000|  0%| F|  |TAMS 0x0000000085200000| PB 0x0000000085200000| Untracked 
|  83|0x0000000085300000, 0x0000000085300000, 0x0000000085400000|  0%| F|  |TAMS 0x0000000085300000| PB 0x0000000085300000| Untracked 
|  84|0x0000000085400000, 0x0000000085400000, 0x0000000085500000|  0%| F|  |TAMS 0x0000000085400000| PB 0x0000000085400000| Untracked 
|  85|0x0000000085500000, 0x000000008556a888, 0x0000000085600000| 41%| S|CS|TAMS 0x0000000085500000| PB 0x0000000085500000| Complete 
|  86|0x0000000085600000, 0x0000000085700000, 0x0000000085700000|100%| S|CS|TAMS 0x0000000085600000| PB 0x0000000085600000| Complete 
|  87|0x0000000085700000, 0x0000000085800000, 0x0000000085800000|100%| S|CS|TAMS 0x0000000085700000| PB 0x0000000085700000| Complete 
|  88|0x0000000085800000, 0x0000000085900000, 0x0000000085900000|100%| S|CS|TAMS 0x0000000085800000| PB 0x0000000085800000| Complete 
|  89|0x0000000085900000, 0x0000000085a00000, 0x0000000085a00000|100%| S|CS|TAMS 0x0000000085900000| PB 0x0000000085900000| Complete 
|  90|0x0000000085a00000, 0x0000000085b00000, 0x0000000085b00000|100%| S|CS|TAMS 0x0000000085a00000| PB 0x0000000085a00000| Complete 
|  91|0x0000000085b00000, 0x0000000085c00000, 0x0000000085c00000|100%| S|CS|TAMS 0x0000000085b00000| PB 0x0000000085b00000| Complete 
|  92|0x0000000085c00000, 0x0000000085d00000, 0x0000000085d00000|100%| S|CS|TAMS 0x0000000085c00000| PB 0x0000000085c00000| Complete 
|  93|0x0000000085d00000, 0x0000000085d00000, 0x0000000085e00000|  0%| F|  |TAMS 0x0000000085d00000| PB 0x0000000085d00000| Untracked 
|  94|0x0000000085e00000, 0x0000000085e00000, 0x0000000085f00000|  0%| F|  |TAMS 0x0000000085e00000| PB 0x0000000085e00000| Untracked 
|  95|0x0000000085f00000, 0x0000000085f00000, 0x0000000086000000|  0%| F|  |TAMS 0x0000000085f00000| PB 0x0000000085f00000| Untracked 
|  96|0x0000000086000000, 0x0000000086000000, 0x0000000086100000|  0%| F|  |TAMS 0x0000000086000000| PB 0x0000000086000000| Untracked 
|  97|0x0000000086100000, 0x0000000086100000, 0x0000000086200000|  0%| F|  |TAMS 0x0000000086100000| PB 0x0000000086100000| Untracked 
|  98|0x0000000086200000, 0x0000000086200000, 0x0000000086300000|  0%| F|  |TAMS 0x0000000086200000| PB 0x0000000086200000| Untracked 
|  99|0x0000000086300000, 0x0000000086300000, 0x0000000086400000|  0%| F|  |TAMS 0x0000000086300000| PB 0x0000000086300000| Untracked 
| 100|0x0000000086400000, 0x0000000086400000, 0x0000000086500000|  0%| F|  |TAMS 0x0000000086400000| PB 0x0000000086400000| Untracked 
| 101|0x0000000086500000, 0x0000000086500000, 0x0000000086600000|  0%| F|  |TAMS 0x0000000086500000| PB 0x0000000086500000| Untracked 
| 102|0x0000000086600000, 0x0000000086700000, 0x0000000086700000|100%| S|CS|TAMS 0x0000000086600000| PB 0x0000000086600000| Complete 
| 103|0x0000000086700000, 0x0000000086800000, 0x0000000086800000|100%| S|CS|TAMS 0x0000000086700000| PB 0x0000000086700000| Complete 
| 104|0x0000000086800000, 0x0000000086800000, 0x0000000086900000|  0%| F|  |TAMS 0x0000000086800000| PB 0x0000000086800000| Untracked 
| 105|0x0000000086900000, 0x0000000086900000, 0x0000000086a00000|  0%| F|  |TAMS 0x0000000086900000| PB 0x0000000086900000| Untracked 
| 106|0x0000000086a00000, 0x0000000086a00000, 0x0000000086b00000|  0%| F|  |TAMS 0x0000000086a00000| PB 0x0000000086a00000| Untracked 
| 107|0x0000000086b00000, 0x0000000086b00000, 0x0000000086c00000|  0%| F|  |TAMS 0x0000000086b00000| PB 0x0000000086b00000| Untracked 
| 108|0x0000000086c00000, 0x0000000086c00000, 0x0000000086d00000|  0%| F|  |TAMS 0x0000000086c00000| PB 0x0000000086c00000| Untracked 
| 109|0x0000000086d00000, 0x0000000086d00000, 0x0000000086e00000|  0%| F|  |TAMS 0x0000000086d00000| PB 0x0000000086d00000| Untracked 
| 110|0x0000000086e00000, 0x0000000086e00000, 0x0000000086f00000|  0%| F|  |TAMS 0x0000000086e00000| PB 0x0000000086e00000| Untracked 
| 111|0x0000000086f00000, 0x0000000086f00000, 0x0000000087000000|  0%| F|  |TAMS 0x0000000086f00000| PB 0x0000000086f00000| Untracked 
| 112|0x0000000087000000, 0x0000000087000000, 0x0000000087100000|  0%| F|  |TAMS 0x0000000087000000| PB 0x0000000087000000| Untracked 
| 113|0x0000000087100000, 0x0000000087100000, 0x0000000087200000|  0%| F|  |TAMS 0x0000000087100000| PB 0x0000000087100000| Untracked 
| 114|0x0000000087200000, 0x0000000087200000, 0x0000000087300000|  0%| F|  |TAMS 0x0000000087200000| PB 0x0000000087200000| Untracked 
| 115|0x0000000087300000, 0x0000000087300000, 0x0000000087400000|  0%| F|  |TAMS 0x0000000087300000| PB 0x0000000087300000| Untracked 
| 116|0x0000000087400000, 0x0000000087400000, 0x0000000087500000|  0%| F|  |TAMS 0x0000000087400000| PB 0x0000000087400000| Untracked 
| 117|0x0000000087500000, 0x0000000087500000, 0x0000000087600000|  0%| F|  |TAMS 0x0000000087500000| PB 0x0000000087500000| Untracked 
| 118|0x0000000087600000, 0x0000000087600000, 0x0000000087700000|  0%| F|  |TAMS 0x0000000087600000| PB 0x0000000087600000| Untracked 
| 119|0x0000000087700000, 0x0000000087700000, 0x0000000087800000|  0%| F|  |TAMS 0x0000000087700000| PB 0x0000000087700000| Untracked 
| 120|0x0000000087800000, 0x0000000087800000, 0x0000000087900000|  0%| F|  |TAMS 0x0000000087800000| PB 0x0000000087800000| Untracked 
| 121|0x0000000087900000, 0x0000000087900000, 0x0000000087a00000|  0%| F|  |TAMS 0x0000000087900000| PB 0x0000000087900000| Untracked 
| 122|0x0000000087a00000, 0x0000000087a00000, 0x0000000087b00000|  0%| F|  |TAMS 0x0000000087a00000| PB 0x0000000087a00000| Untracked 
| 123|0x0000000087b00000, 0x0000000087b00000, 0x0000000087c00000|  0%| F|  |TAMS 0x0000000087b00000| PB 0x0000000087b00000| Untracked 
| 124|0x0000000087c00000, 0x0000000087d00000, 0x0000000087d00000|100%| E|  |TAMS 0x0000000087c00000| PB 0x0000000087c00000| Complete 
| 125|0x0000000087d00000, 0x0000000087e00000, 0x0000000087e00000|100%| E|CS|TAMS 0x0000000087d00000| PB 0x0000000087d00000| Complete 
| 126|0x0000000087e00000, 0x0000000087f00000, 0x0000000087f00000|100%| E|CS|TAMS 0x0000000087e00000| PB 0x0000000087e00000| Complete 
| 127|0x0000000087f00000, 0x0000000088000000, 0x0000000088000000|100%| E|CS|TAMS 0x0000000087f00000| PB 0x0000000087f00000| Complete 
| 128|0x0000000088000000, 0x0000000088100000, 0x0000000088100000|100%| E|CS|TAMS 0x0000000088000000| PB 0x0000000088000000| Complete 
| 129|0x0000000088100000, 0x0000000088200000, 0x0000000088200000|100%| E|CS|TAMS 0x0000000088100000| PB 0x0000000088100000| Complete 
| 130|0x0000000088200000, 0x0000000088300000, 0x0000000088300000|100%| E|CS|TAMS 0x0000000088200000| PB 0x0000000088200000| Complete 
| 131|0x0000000088300000, 0x0000000088400000, 0x0000000088400000|100%| E|CS|TAMS 0x0000000088300000| PB 0x0000000088300000| Complete 
| 132|0x0000000088400000, 0x0000000088500000, 0x0000000088500000|100%| E|CS|TAMS 0x0000000088400000| PB 0x0000000088400000| Complete 
| 133|0x0000000088500000, 0x0000000088600000, 0x0000000088600000|100%| E|CS|TAMS 0x0000000088500000| PB 0x0000000088500000| Complete 
| 134|0x0000000088600000, 0x0000000088700000, 0x0000000088700000|100%| E|CS|TAMS 0x0000000088600000| PB 0x0000000088600000| Complete 
| 135|0x0000000088700000, 0x0000000088800000, 0x0000000088800000|100%| E|CS|TAMS 0x0000000088700000| PB 0x0000000088700000| Complete 
| 136|0x0000000088800000, 0x0000000088900000, 0x0000000088900000|100%| E|CS|TAMS 0x0000000088800000| PB 0x0000000088800000| Complete 
| 137|0x0000000088900000, 0x0000000088a00000, 0x0000000088a00000|100%| E|CS|TAMS 0x0000000088900000| PB 0x0000000088900000| Complete 
| 138|0x0000000088a00000, 0x0000000088b00000, 0x0000000088b00000|100%| E|CS|TAMS 0x0000000088a00000| PB 0x0000000088a00000| Complete 
| 139|0x0000000088b00000, 0x0000000088c00000, 0x0000000088c00000|100%| E|CS|TAMS 0x0000000088b00000| PB 0x0000000088b00000| Complete 
| 140|0x0000000088c00000, 0x0000000088d00000, 0x0000000088d00000|100%| E|CS|TAMS 0x0000000088c00000| PB 0x0000000088c00000| Complete 
| 141|0x0000000088d00000, 0x0000000088e00000, 0x0000000088e00000|100%| E|CS|TAMS 0x0000000088d00000| PB 0x0000000088d00000| Complete 
| 142|0x0000000088e00000, 0x0000000088f00000, 0x0000000088f00000|100%| E|CS|TAMS 0x0000000088e00000| PB 0x0000000088e00000| Complete 
| 143|0x0000000088f00000, 0x0000000089000000, 0x0000000089000000|100%| E|CS|TAMS 0x0000000088f00000| PB 0x0000000088f00000| Complete 
| 144|0x0000000089000000, 0x0000000089100000, 0x0000000089100000|100%| E|CS|TAMS 0x0000000089000000| PB 0x0000000089000000| Complete 
| 145|0x0000000089100000, 0x0000000089200000, 0x0000000089200000|100%| E|CS|TAMS 0x0000000089100000| PB 0x0000000089100000| Complete 
| 146|0x0000000089200000, 0x0000000089300000, 0x0000000089300000|100%| E|CS|TAMS 0x0000000089200000| PB 0x0000000089200000| Complete 
| 147|0x0000000089300000, 0x0000000089400000, 0x0000000089400000|100%| E|CS|TAMS 0x0000000089300000| PB 0x0000000089300000| Complete 
| 148|0x0000000089400000, 0x0000000089500000, 0x0000000089500000|100%| E|CS|TAMS 0x0000000089400000| PB 0x0000000089400000| Complete 
| 149|0x0000000089500000, 0x0000000089600000, 0x0000000089600000|100%| E|CS|TAMS 0x0000000089500000| PB 0x0000000089500000| Complete 
| 150|0x0000000089600000, 0x0000000089700000, 0x0000000089700000|100%| E|CS|TAMS 0x0000000089600000| PB 0x0000000089600000| Complete 
| 151|0x0000000089700000, 0x0000000089800000, 0x0000000089800000|100%| E|CS|TAMS 0x0000000089700000| PB 0x0000000089700000| Complete 
| 152|0x0000000089800000, 0x0000000089900000, 0x0000000089900000|100%| E|CS|TAMS 0x0000000089800000| PB 0x0000000089800000| Complete 
| 153|0x0000000089900000, 0x0000000089a00000, 0x0000000089a00000|100%| E|CS|TAMS 0x0000000089900000| PB 0x0000000089900000| Complete 
| 154|0x0000000089a00000, 0x0000000089b00000, 0x0000000089b00000|100%| E|CS|TAMS 0x0000000089a00000| PB 0x0000000089a00000| Complete 
| 155|0x0000000089b00000, 0x0000000089c00000, 0x0000000089c00000|100%| E|CS|TAMS 0x0000000089b00000| PB 0x0000000089b00000| Complete 
| 156|0x0000000089c00000, 0x0000000089d00000, 0x0000000089d00000|100%| E|CS|TAMS 0x0000000089c00000| PB 0x0000000089c00000| Complete 
| 157|0x0000000089d00000, 0x0000000089e00000, 0x0000000089e00000|100%| E|CS|TAMS 0x0000000089d00000| PB 0x0000000089d00000| Complete 
| 158|0x0000000089e00000, 0x0000000089f00000, 0x0000000089f00000|100%| E|CS|TAMS 0x0000000089e00000| PB 0x0000000089e00000| Complete 
| 159|0x0000000089f00000, 0x000000008a000000, 0x000000008a000000|100%| E|CS|TAMS 0x0000000089f00000| PB 0x0000000089f00000| Complete 
| 160|0x000000008a000000, 0x000000008a100000, 0x000000008a100000|100%| E|CS|TAMS 0x000000008a000000| PB 0x000000008a000000| Complete 
| 161|0x000000008a100000, 0x000000008a200000, 0x000000008a200000|100%| E|CS|TAMS 0x000000008a100000| PB 0x000000008a100000| Complete 
| 162|0x000000008a200000, 0x000000008a300000, 0x000000008a300000|100%| E|CS|TAMS 0x000000008a200000| PB 0x000000008a200000| Complete 
| 163|0x000000008a300000, 0x000000008a400000, 0x000000008a400000|100%| E|CS|TAMS 0x000000008a300000| PB 0x000000008a300000| Complete 
| 164|0x000000008a400000, 0x000000008a500000, 0x000000008a500000|100%| E|CS|TAMS 0x000000008a400000| PB 0x000000008a400000| Complete 
| 165|0x000000008a500000, 0x000000008a600000, 0x000000008a600000|100%| E|CS|TAMS 0x000000008a500000| PB 0x000000008a500000| Complete 
| 166|0x000000008a600000, 0x000000008a700000, 0x000000008a700000|100%| E|CS|TAMS 0x000000008a600000| PB 0x000000008a600000| Complete 
| 167|0x000000008a700000, 0x000000008a800000, 0x000000008a800000|100%| E|CS|TAMS 0x000000008a700000| PB 0x000000008a700000| Complete 
| 168|0x000000008a800000, 0x000000008a900000, 0x000000008a900000|100%| E|CS|TAMS 0x000000008a800000| PB 0x000000008a800000| Complete 
| 169|0x000000008a900000, 0x000000008aa00000, 0x000000008aa00000|100%| E|CS|TAMS 0x000000008a900000| PB 0x000000008a900000| Complete 
| 170|0x000000008aa00000, 0x000000008ab00000, 0x000000008ab00000|100%| E|CS|TAMS 0x000000008aa00000| PB 0x000000008aa00000| Complete 
| 171|0x000000008ab00000, 0x000000008ac00000, 0x000000008ac00000|100%| E|CS|TAMS 0x000000008ab00000| PB 0x000000008ab00000| Complete 
| 172|0x000000008ac00000, 0x000000008ad00000, 0x000000008ad00000|100%| E|CS|TAMS 0x000000008ac00000| PB 0x000000008ac00000| Complete 
| 173|0x000000008ad00000, 0x000000008ae00000, 0x000000008ae00000|100%| E|CS|TAMS 0x000000008ad00000| PB 0x000000008ad00000| Complete 
| 174|0x000000008ae00000, 0x000000008af00000, 0x000000008af00000|100%| E|CS|TAMS 0x000000008ae00000| PB 0x000000008ae00000| Complete 
| 175|0x000000008af00000, 0x000000008b000000, 0x000000008b000000|100%| E|CS|TAMS 0x000000008af00000| PB 0x000000008af00000| Complete 
| 176|0x000000008b000000, 0x000000008b100000, 0x000000008b100000|100%| E|CS|TAMS 0x000000008b000000| PB 0x000000008b000000| Complete 
| 177|0x000000008b100000, 0x000000008b200000, 0x000000008b200000|100%| E|CS|TAMS 0x000000008b100000| PB 0x000000008b100000| Complete 
| 178|0x000000008b200000, 0x000000008b300000, 0x000000008b300000|100%| E|CS|TAMS 0x000000008b200000| PB 0x000000008b200000| Complete 
| 179|0x000000008b300000, 0x000000008b400000, 0x000000008b400000|100%| E|CS|TAMS 0x000000008b300000| PB 0x000000008b300000| Complete 
| 180|0x000000008b400000, 0x000000008b500000, 0x000000008b500000|100%| E|CS|TAMS 0x000000008b400000| PB 0x000000008b400000| Complete 
| 181|0x000000008b500000, 0x000000008b600000, 0x000000008b600000|100%| E|CS|TAMS 0x000000008b500000| PB 0x000000008b500000| Complete 
| 182|0x000000008b600000, 0x000000008b700000, 0x000000008b700000|100%| E|CS|TAMS 0x000000008b600000| PB 0x000000008b600000| Complete 
| 183|0x000000008b700000, 0x000000008b800000, 0x000000008b800000|100%| E|CS|TAMS 0x000000008b700000| PB 0x000000008b700000| Complete 
| 184|0x000000008b800000, 0x000000008b900000, 0x000000008b900000|100%| E|CS|TAMS 0x000000008b800000| PB 0x000000008b800000| Complete 
| 185|0x000000008b900000, 0x000000008ba00000, 0x000000008ba00000|100%| E|CS|TAMS 0x000000008b900000| PB 0x000000008b900000| Complete 
| 186|0x000000008ba00000, 0x000000008bb00000, 0x000000008bb00000|100%| E|CS|TAMS 0x000000008ba00000| PB 0x000000008ba00000| Complete 
| 187|0x000000008bb00000, 0x000000008bc00000, 0x000000008bc00000|100%| E|CS|TAMS 0x000000008bb00000| PB 0x000000008bb00000| Complete 
| 188|0x000000008bc00000, 0x000000008bd00000, 0x000000008bd00000|100%| E|CS|TAMS 0x000000008bc00000| PB 0x000000008bc00000| Complete 
| 189|0x000000008bd00000, 0x000000008be00000, 0x000000008be00000|100%| E|CS|TAMS 0x000000008bd00000| PB 0x000000008bd00000| Complete 
| 190|0x000000008be00000, 0x000000008bf00000, 0x000000008bf00000|100%| E|CS|TAMS 0x000000008be00000| PB 0x000000008be00000| Complete 
| 191|0x000000008bf00000, 0x000000008c000000, 0x000000008c000000|100%| E|CS|TAMS 0x000000008bf00000| PB 0x000000008bf00000| Complete 
| 192|0x000000008c000000, 0x000000008c100000, 0x000000008c100000|100%| E|CS|TAMS 0x000000008c000000| PB 0x000000008c000000| Complete 
| 193|0x000000008c100000, 0x000000008c200000, 0x000000008c200000|100%| E|CS|TAMS 0x000000008c100000| PB 0x000000008c100000| Complete 
| 194|0x000000008c200000, 0x000000008c300000, 0x000000008c300000|100%| E|CS|TAMS 0x000000008c200000| PB 0x000000008c200000| Complete 
| 195|0x000000008c300000, 0x000000008c400000, 0x000000008c400000|100%| E|CS|TAMS 0x000000008c300000| PB 0x000000008c300000| Complete 
| 196|0x000000008c400000, 0x000000008c500000, 0x000000008c500000|100%| E|CS|TAMS 0x000000008c400000| PB 0x000000008c400000| Complete 
| 197|0x000000008c500000, 0x000000008c600000, 0x000000008c600000|100%| E|CS|TAMS 0x000000008c500000| PB 0x000000008c500000| Complete 
| 198|0x000000008c600000, 0x000000008c700000, 0x000000008c700000|100%| E|CS|TAMS 0x000000008c600000| PB 0x000000008c600000| Complete 
| 199|0x000000008c700000, 0x000000008c800000, 0x000000008c800000|100%| E|CS|TAMS 0x000000008c700000| PB 0x000000008c700000| Complete 
| 200|0x000000008c800000, 0x000000008c900000, 0x000000008c900000|100%| E|CS|TAMS 0x000000008c800000| PB 0x000000008c800000| Complete 
| 201|0x000000008c900000, 0x000000008ca00000, 0x000000008ca00000|100%| E|CS|TAMS 0x000000008c900000| PB 0x000000008c900000| Complete 
| 202|0x000000008ca00000, 0x000000008cb00000, 0x000000008cb00000|100%| E|CS|TAMS 0x000000008ca00000| PB 0x000000008ca00000| Complete 
| 203|0x000000008cb00000, 0x000000008cc00000, 0x000000008cc00000|100%| E|CS|TAMS 0x000000008cb00000| PB 0x000000008cb00000| Complete 
| 204|0x000000008cc00000, 0x000000008cd00000, 0x000000008cd00000|100%| E|CS|TAMS 0x000000008cc00000| PB 0x000000008cc00000| Complete 
| 205|0x000000008cd00000, 0x000000008ce00000, 0x000000008ce00000|100%| E|CS|TAMS 0x000000008cd00000| PB 0x000000008cd00000| Complete 
| 206|0x000000008ce00000, 0x000000008cf00000, 0x000000008cf00000|100%| E|CS|TAMS 0x000000008ce00000| PB 0x000000008ce00000| Complete 
| 207|0x000000008cf00000, 0x000000008d000000, 0x000000008d000000|100%| E|CS|TAMS 0x000000008cf00000| PB 0x000000008cf00000| Complete 
| 208|0x000000008d000000, 0x000000008d100000, 0x000000008d100000|100%| E|CS|TAMS 0x000000008d000000| PB 0x000000008d000000| Complete 
| 209|0x000000008d100000, 0x000000008d200000, 0x000000008d200000|100%| E|CS|TAMS 0x000000008d100000| PB 0x000000008d100000| Complete 
| 210|0x000000008d200000, 0x000000008d300000, 0x000000008d300000|100%| E|CS|TAMS 0x000000008d200000| PB 0x000000008d200000| Complete 
| 211|0x000000008d300000, 0x000000008d400000, 0x000000008d400000|100%| E|CS|TAMS 0x000000008d300000| PB 0x000000008d300000| Complete 
| 212|0x000000008d400000, 0x000000008d500000, 0x000000008d500000|100%| E|CS|TAMS 0x000000008d400000| PB 0x000000008d400000| Complete 
| 213|0x000000008d500000, 0x000000008d600000, 0x000000008d600000|100%| E|CS|TAMS 0x000000008d500000| PB 0x000000008d500000| Complete 
| 214|0x000000008d600000, 0x000000008d700000, 0x000000008d700000|100%| E|CS|TAMS 0x000000008d600000| PB 0x000000008d600000| Complete 
| 215|0x000000008d700000, 0x000000008d800000, 0x000000008d800000|100%| E|CS|TAMS 0x000000008d700000| PB 0x000000008d700000| Complete 
| 216|0x000000008d800000, 0x000000008d900000, 0x000000008d900000|100%| E|CS|TAMS 0x000000008d800000| PB 0x000000008d800000| Complete 
| 217|0x000000008d900000, 0x000000008da00000, 0x000000008da00000|100%| E|CS|TAMS 0x000000008d900000| PB 0x000000008d900000| Complete 
| 218|0x000000008da00000, 0x000000008db00000, 0x000000008db00000|100%| E|CS|TAMS 0x000000008da00000| PB 0x000000008da00000| Complete 
| 219|0x000000008db00000, 0x000000008dc00000, 0x000000008dc00000|100%| E|CS|TAMS 0x000000008db00000| PB 0x000000008db00000| Complete 
| 220|0x000000008dc00000, 0x000000008dd00000, 0x000000008dd00000|100%| E|CS|TAMS 0x000000008dc00000| PB 0x000000008dc00000| Complete 
| 221|0x000000008dd00000, 0x000000008de00000, 0x000000008de00000|100%| E|CS|TAMS 0x000000008dd00000| PB 0x000000008dd00000| Complete 
| 222|0x000000008de00000, 0x000000008df00000, 0x000000008df00000|100%| E|CS|TAMS 0x000000008de00000| PB 0x000000008de00000| Complete 
| 223|0x000000008df00000, 0x000000008e000000, 0x000000008e000000|100%| E|CS|TAMS 0x000000008df00000| PB 0x000000008df00000| Complete 
| 224|0x000000008e000000, 0x000000008e100000, 0x000000008e100000|100%| E|CS|TAMS 0x000000008e000000| PB 0x000000008e000000| Complete 
| 225|0x000000008e100000, 0x000000008e200000, 0x000000008e200000|100%| E|CS|TAMS 0x000000008e100000| PB 0x000000008e100000| Complete 
| 226|0x000000008e200000, 0x000000008e300000, 0x000000008e300000|100%| E|CS|TAMS 0x000000008e200000| PB 0x000000008e200000| Complete 
| 227|0x000000008e300000, 0x000000008e400000, 0x000000008e400000|100%| E|CS|TAMS 0x000000008e300000| PB 0x000000008e300000| Complete 
| 228|0x000000008e400000, 0x000000008e500000, 0x000000008e500000|100%| E|CS|TAMS 0x000000008e400000| PB 0x000000008e400000| Complete 
| 229|0x000000008e500000, 0x000000008e600000, 0x000000008e600000|100%| E|CS|TAMS 0x000000008e500000| PB 0x000000008e500000| Complete 
| 230|0x000000008e600000, 0x000000008e700000, 0x000000008e700000|100%| E|CS|TAMS 0x000000008e600000| PB 0x000000008e600000| Complete 
| 231|0x000000008e700000, 0x000000008e800000, 0x000000008e800000|100%| E|CS|TAMS 0x000000008e700000| PB 0x000000008e700000| Complete 
| 232|0x000000008e800000, 0x000000008e900000, 0x000000008e900000|100%| E|CS|TAMS 0x000000008e800000| PB 0x000000008e800000| Complete 
| 233|0x000000008e900000, 0x000000008ea00000, 0x000000008ea00000|100%| E|CS|TAMS 0x000000008e900000| PB 0x000000008e900000| Complete 
| 234|0x000000008ea00000, 0x000000008eb00000, 0x000000008eb00000|100%| E|CS|TAMS 0x000000008ea00000| PB 0x000000008ea00000| Complete 
| 235|0x000000008eb00000, 0x000000008ec00000, 0x000000008ec00000|100%| E|CS|TAMS 0x000000008eb00000| PB 0x000000008eb00000| Complete 
| 236|0x000000008ec00000, 0x000000008ed00000, 0x000000008ed00000|100%| E|CS|TAMS 0x000000008ec00000| PB 0x000000008ec00000| Complete 
| 237|0x000000008ed00000, 0x000000008ee00000, 0x000000008ee00000|100%| E|CS|TAMS 0x000000008ed00000| PB 0x000000008ed00000| Complete 
| 238|0x000000008ee00000, 0x000000008ef00000, 0x000000008ef00000|100%| E|CS|TAMS 0x000000008ee00000| PB 0x000000008ee00000| Complete 
| 239|0x000000008ef00000, 0x000000008f000000, 0x000000008f000000|100%| E|CS|TAMS 0x000000008ef00000| PB 0x000000008ef00000| Complete 
| 240|0x000000008f000000, 0x000000008f100000, 0x000000008f100000|100%| E|CS|TAMS 0x000000008f000000| PB 0x000000008f000000| Complete 
| 241|0x000000008f100000, 0x000000008f200000, 0x000000008f200000|100%| E|CS|TAMS 0x000000008f100000| PB 0x000000008f100000| Complete 
| 242|0x000000008f200000, 0x000000008f300000, 0x000000008f300000|100%| E|CS|TAMS 0x000000008f200000| PB 0x000000008f200000| Complete 
| 243|0x000000008f300000, 0x000000008f400000, 0x000000008f400000|100%| E|CS|TAMS 0x000000008f300000| PB 0x000000008f300000| Complete 
| 244|0x000000008f400000, 0x000000008f500000, 0x000000008f500000|100%| E|CS|TAMS 0x000000008f400000| PB 0x000000008f400000| Complete 
| 245|0x000000008f500000, 0x000000008f600000, 0x000000008f600000|100%| E|CS|TAMS 0x000000008f500000| PB 0x000000008f500000| Complete 
| 246|0x000000008f600000, 0x000000008f700000, 0x000000008f700000|100%| E|CS|TAMS 0x000000008f600000| PB 0x000000008f600000| Complete 
| 247|0x000000008f700000, 0x000000008f800000, 0x000000008f800000|100%| E|CS|TAMS 0x000000008f700000| PB 0x000000008f700000| Complete 
| 248|0x000000008f800000, 0x000000008f900000, 0x000000008f900000|100%| E|CS|TAMS 0x000000008f800000| PB 0x000000008f800000| Complete 
| 249|0x000000008f900000, 0x000000008fa00000, 0x000000008fa00000|100%| E|CS|TAMS 0x000000008f900000| PB 0x000000008f900000| Complete 
| 250|0x000000008fa00000, 0x000000008fb00000, 0x000000008fb00000|100%| E|CS|TAMS 0x000000008fa00000| PB 0x000000008fa00000| Complete 
| 251|0x000000008fb00000, 0x000000008fc00000, 0x000000008fc00000|100%| E|CS|TAMS 0x000000008fb00000| PB 0x000000008fb00000| Complete 
| 252|0x000000008fc00000, 0x000000008fd00000, 0x000000008fd00000|100%| E|CS|TAMS 0x000000008fc00000| PB 0x000000008fc00000| Complete 
| 253|0x000000008fd00000, 0x000000008fe00000, 0x000000008fe00000|100%| E|CS|TAMS 0x000000008fd00000| PB 0x000000008fd00000| Complete 
| 254|0x000000008fe00000, 0x000000008ff00000, 0x000000008ff00000|100%| E|CS|TAMS 0x000000008fe00000| PB 0x000000008fe00000| Complete 
| 255|0x000000008ff00000, 0x0000000090000000, 0x0000000090000000|100%| E|CS|TAMS 0x000000008ff00000| PB 0x000000008ff00000| Complete 
| 256|0x0000000090000000, 0x0000000090100000, 0x0000000090100000|100%| E|CS|TAMS 0x0000000090000000| PB 0x0000000090000000| Complete 
| 257|0x0000000090100000, 0x0000000090200000, 0x0000000090200000|100%| E|CS|TAMS 0x0000000090100000| PB 0x0000000090100000| Complete 
| 258|0x0000000090200000, 0x0000000090300000, 0x0000000090300000|100%| E|CS|TAMS 0x0000000090200000| PB 0x0000000090200000| Complete 
| 259|0x0000000090300000, 0x0000000090400000, 0x0000000090400000|100%| E|CS|TAMS 0x0000000090300000| PB 0x0000000090300000| Complete 
| 260|0x0000000090400000, 0x0000000090500000, 0x0000000090500000|100%| E|CS|TAMS 0x0000000090400000| PB 0x0000000090400000| Complete 
| 261|0x0000000090500000, 0x0000000090600000, 0x0000000090600000|100%| E|CS|TAMS 0x0000000090500000| PB 0x0000000090500000| Complete 
| 262|0x0000000090600000, 0x0000000090700000, 0x0000000090700000|100%| E|CS|TAMS 0x0000000090600000| PB 0x0000000090600000| Complete 
| 263|0x0000000090700000, 0x0000000090800000, 0x0000000090800000|100%| E|CS|TAMS 0x0000000090700000| PB 0x0000000090700000| Complete 
| 264|0x0000000090800000, 0x0000000090900000, 0x0000000090900000|100%| E|CS|TAMS 0x0000000090800000| PB 0x0000000090800000| Complete 
| 265|0x0000000090900000, 0x0000000090a00000, 0x0000000090a00000|100%| E|CS|TAMS 0x0000000090900000| PB 0x0000000090900000| Complete 
| 266|0x0000000090a00000, 0x0000000090b00000, 0x0000000090b00000|100%| E|CS|TAMS 0x0000000090a00000| PB 0x0000000090a00000| Complete 
| 267|0x0000000090b00000, 0x0000000090c00000, 0x0000000090c00000|100%| E|CS|TAMS 0x0000000090b00000| PB 0x0000000090b00000| Complete 
| 268|0x0000000090c00000, 0x0000000090d00000, 0x0000000090d00000|100%| E|CS|TAMS 0x0000000090c00000| PB 0x0000000090c00000| Complete 
| 269|0x0000000090d00000, 0x0000000090e00000, 0x0000000090e00000|100%| E|CS|TAMS 0x0000000090d00000| PB 0x0000000090d00000| Complete 
| 270|0x0000000090e00000, 0x0000000090f00000, 0x0000000090f00000|100%| E|CS|TAMS 0x0000000090e00000| PB 0x0000000090e00000| Complete 
| 271|0x0000000090f00000, 0x0000000091000000, 0x0000000091000000|100%| E|CS|TAMS 0x0000000090f00000| PB 0x0000000090f00000| Complete 
| 272|0x0000000091000000, 0x0000000091100000, 0x0000000091100000|100%| E|CS|TAMS 0x0000000091000000| PB 0x0000000091000000| Complete 
| 273|0x0000000091100000, 0x0000000091200000, 0x0000000091200000|100%| E|CS|TAMS 0x0000000091100000| PB 0x0000000091100000| Complete 
| 274|0x0000000091200000, 0x0000000091300000, 0x0000000091300000|100%| E|CS|TAMS 0x0000000091200000| PB 0x0000000091200000| Complete 
| 275|0x0000000091300000, 0x0000000091400000, 0x0000000091400000|100%| E|CS|TAMS 0x0000000091300000| PB 0x0000000091300000| Complete 
| 276|0x0000000091400000, 0x0000000091500000, 0x0000000091500000|100%| E|CS|TAMS 0x0000000091400000| PB 0x0000000091400000| Complete 
| 277|0x0000000091500000, 0x0000000091600000, 0x0000000091600000|100%| E|CS|TAMS 0x0000000091500000| PB 0x0000000091500000| Complete 
| 278|0x0000000091600000, 0x0000000091700000, 0x0000000091700000|100%| E|CS|TAMS 0x0000000091600000| PB 0x0000000091600000| Complete 
| 279|0x0000000091700000, 0x0000000091800000, 0x0000000091800000|100%| E|CS|TAMS 0x0000000091700000| PB 0x0000000091700000| Complete 
| 280|0x0000000091800000, 0x0000000091900000, 0x0000000091900000|100%| E|CS|TAMS 0x0000000091800000| PB 0x0000000091800000| Complete 
| 281|0x0000000091900000, 0x0000000091a00000, 0x0000000091a00000|100%| E|CS|TAMS 0x0000000091900000| PB 0x0000000091900000| Complete 
| 282|0x0000000091a00000, 0x0000000091b00000, 0x0000000091b00000|100%| E|CS|TAMS 0x0000000091a00000| PB 0x0000000091a00000| Complete 
| 283|0x0000000091b00000, 0x0000000091c00000, 0x0000000091c00000|100%| E|CS|TAMS 0x0000000091b00000| PB 0x0000000091b00000| Complete 
| 284|0x0000000091c00000, 0x0000000091d00000, 0x0000000091d00000|100%| E|CS|TAMS 0x0000000091c00000| PB 0x0000000091c00000| Complete 
| 285|0x0000000091d00000, 0x0000000091e00000, 0x0000000091e00000|100%| E|CS|TAMS 0x0000000091d00000| PB 0x0000000091d00000| Complete 
| 286|0x0000000091e00000, 0x0000000091f00000, 0x0000000091f00000|100%| E|CS|TAMS 0x0000000091e00000| PB 0x0000000091e00000| Complete 
| 287|0x0000000091f00000, 0x0000000092000000, 0x0000000092000000|100%| E|CS|TAMS 0x0000000091f00000| PB 0x0000000091f00000| Complete 
|2044|0x00000000ffc00000, 0x00000000ffd00000, 0x00000000ffd00000|100%| O|  |TAMS 0x00000000ffc00000| PB 0x00000000ffc00000| Untracked 
|2045|0x00000000ffd00000, 0x00000000ffe00000, 0x00000000ffe00000|100%| O|  |TAMS 0x00000000ffd00000| PB 0x00000000ffd00000| Untracked 
|2046|0x00000000ffe00000, 0x00000000fff00000, 0x00000000fff00000|100%| O|  |TAMS 0x00000000ffe00000| PB 0x00000000ffe00000| Untracked 
|2047|0x00000000fff00000, 0x0000000100000000, 0x0000000100000000|100%| O|  |TAMS 0x00000000fff00000| PB 0x00000000fff00000| Untracked 

Card table byte_map: [0x000001a9e25a0000,0x000001a9e29a0000] _byte_map_base: 0x000001a9e21a0000

Marking Bits: (CMBitMap*) 0x000001a9cffe56c0
 Bits: [0x000001a9e29a0000, 0x000001a9e49a0000)

Polling page: 0x000001a9cf760000

Metaspace:

Usage:
  Non-class:     45.13 MB used.
      Class:      7.29 MB used.
       Both:     52.42 MB used.

Virtual space:
  Non-class space:       64.00 MB reserved,      46.00 MB ( 72%) committed,  1 nodes.
      Class space:      416.00 MB reserved,       8.06 MB (  2%) committed,  1 nodes.
             Both:      480.00 MB reserved,      54.06 MB ( 11%) committed. 

Chunk freelists:
   Non-Class:  1.36 MB
       Class:  7.89 MB
        Both:  9.25 MB

MaxMetaspaceSize: 512.00 MB
CompressedClassSpaceSize: 416.00 MB
Initial GC threshold: 21.00 MB
Current GC threshold: 58.75 MB
CDS: on
 - commit_granule_bytes: 65536.
 - commit_granule_words: 8192.
 - virtual_space_node_default_size: 8388608.
 - enlarge_chunks_in_place: 1.
 - use_allocation_guard: 0.


Internal statistics:

num_allocs_failed_limit: 6.
num_arena_births: 2766.
num_arena_deaths: 0.
num_vsnodes_births: 2.
num_vsnodes_deaths: 0.
num_space_committed: 865.
num_space_uncommitted: 0.
num_chunks_returned_to_freelist: 6.
num_chunks_taken_from_freelist: 5173.
num_chunk_merges: 6.
num_chunk_splits: 3368.
num_chunks_enlarged: 2099.
num_inconsistent_stats: 0.

CodeHeap 'non-profiled nmethods': size=120000Kb used=7344Kb max_used=7344Kb free=112655Kb
 bounds [0x000001a9dac70000, 0x000001a9db3a0000, 0x000001a9e21a0000]
CodeHeap 'profiled nmethods': size=120000Kb used=17558Kb max_used=17558Kb free=102441Kb
 bounds [0x000001a9d31a0000, 0x000001a9d42d0000, 0x000001a9da6d0000]
CodeHeap 'non-nmethods': size=5760Kb used=2610Kb max_used=2755Kb free=3149Kb
 bounds [0x000001a9da6d0000, 0x000001a9da990000, 0x000001a9dac70000]
CodeCache: size=245760Kb, used=27512Kb, max_used=27657Kb, free=218245Kb
 total_blobs=8955, nmethods=8081, adapters=777, full_count=0
Compilation: enabled, stopped_count=0, restarted_count=0

Compilation events (20 events):
Event: 28.037 Thread 0x000001a9e6e68ac0 nmethod 8576 0x000001a9db39bf90 code [0x000001a9db39c120, 0x000001a9db39c1e8]
Event: 28.100 Thread 0x000001a9e6e68ac0 8577       3       sun.management.spi.PlatformMBeanProvider$PlatformComponent::getMBeans (87 bytes)
Event: 28.104 Thread 0x000001a9e6e68ac0 nmethod 8577 0x000001a9d428db10 code [0x000001a9d428dea0, 0x000001a9d428f518]
Event: 28.124 Thread 0x000001a9e6e68ac0 8578       3       org.gradle.internal.logging.progress.DefaultProgressLoggerFactory$ProgressLoggerImpl::ensureNotNull (11 bytes)
Event: 28.124 Thread 0x000001a9e6e68ac0 nmethod 8578 0x000001a9d428fc10 code [0x000001a9d428fdc0, 0x000001a9d428ff18]
Event: 28.124 Thread 0x000001a9e6e68ac0 8579       3       org.gradle.internal.operations.logging.LoggingBuildOperationProgressBroadcaster::onOutput (105 bytes)
Event: 28.125 Thread 0x000001a9e6e68ac0 nmethod 8579 0x000001a9d428ff90 code [0x000001a9d42901c0, 0x000001a9d4290c18]
Event: 28.185 Thread 0x000001a9e6e68ac0 8580       3       org.objectweb.asm.MethodWriter::putMethodInfo (1274 bytes)
Event: 28.189 Thread 0x000001a9e6e68ac0 nmethod 8580 0x000001a9d4290d90 code [0x000001a9d4291460, 0x000001a9d4293890]
Event: 28.189 Thread 0x000001a9e6e68ac0 8581 %     3       org.objectweb.asm.ClassReader::readCode @ 4759 (5117 bytes)
Event: 28.218 Thread 0x000001a9e6e68ac0 nmethod 8581% 0x000001a9d4294b90 code [0x000001a9d4296180, 0x000001a9d42a7cc0]
Event: 28.218 Thread 0x000001a9e6e68ac0 8583       3       org.objectweb.asm.ClassReader::readField (675 bytes)
Event: 28.220 Thread 0x000001a9e6e68ac0 nmethod 8583 0x000001a9d42b0190 code [0x000001a9d42b0700, 0x000001a9d42b2bc8]
Event: 28.221 Thread 0x000001a9e6e68ac0 8585       2       org.objectweb.asm.ClassReader::readCode (5117 bytes)
Event: 28.238 Thread 0x000001a9e6e68ac0 nmethod 8585 0x000001a9d42b3d90 code [0x000001a9d42b4b40, 0x000001a9d42bc738]
Event: 28.238 Thread 0x000001a9e6e68ac0 8582       3       org.objectweb.asm.MethodWriter::computeMethodInfoSize (571 bytes)
Event: 28.240 Thread 0x000001a9e6e68ac0 nmethod 8582 0x000001a9d42c3210 code [0x000001a9d42c3540, 0x000001a9d42c43f8]
Event: 28.240 Thread 0x000001a9e6e68ac0 8584       3       org.objectweb.asm.FieldWriter::putFieldInfo (269 bytes)
Event: 28.241 Thread 0x000001a9e6e68ac0 nmethod 8584 0x000001a9d42c4a90 code [0x000001a9d42c4d20, 0x000001a9d42c55e0]
Event: 28.250 Thread 0x000001a9e6e67750 8586 %     4       org.objectweb.asm.ClassReader::readCode @ 92 (5117 bytes)

GC Heap History (20 events):
Event: 22.734 GC heap before
{Heap before GC invocations=26 (full 0):
 garbage-first heap   total 206848K, used 184983K [0x0000000080000000, 0x0000000100000000)
  region size 1024K, 121 young (123904K), 6 survivors (6144K)
 Metaspace       used 53651K, committed 55296K, reserved 491520K
  class space    used 7461K, committed 8256K, reserved 425984K
}
Event: 22.743 GC heap after
{Heap after GC invocations=27 (full 0):
 garbage-first heap   total 206848K, used 64221K [0x0000000080000000, 0x0000000100000000)
  region size 1024K, 7 young (7168K), 7 survivors (7168K)
 Metaspace       used 53651K, committed 55296K, reserved 491520K
  class space    used 7461K, committed 8256K, reserved 425984K
}
Event: 23.865 GC heap before
{Heap before GC invocations=27 (full 0):
 garbage-first heap   total 206848K, used 180957K [0x0000000080000000, 0x0000000100000000)
  region size 1024K, 121 young (123904K), 7 survivors (7168K)
 Metaspace       used 53659K, committed 55296K, reserved 491520K
  class space    used 7461K, committed 8256K, reserved 425984K
}
Event: 23.876 GC heap after
{Heap after GC invocations=28 (full 0):
 garbage-first heap   total 206848K, used 65376K [0x0000000080000000, 0x0000000100000000)
  region size 1024K, 8 young (8192K), 8 survivors (8192K)
 Metaspace       used 53659K, committed 55296K, reserved 491520K
  class space    used 7461K, committed 8256K, reserved 425984K
}
Event: 24.766 GC heap before
{Heap before GC invocations=28 (full 0):
 garbage-first heap   total 206848K, used 181088K [0x0000000080000000, 0x0000000100000000)
  region size 1024K, 121 young (123904K), 8 survivors (8192K)
 Metaspace       used 53660K, committed 55296K, reserved 491520K
  class space    used 7461K, committed 8256K, reserved 425984K
}
Event: 24.779 GC heap after
{Heap after GC invocations=29 (full 0):
 garbage-first heap   total 206848K, used 65830K [0x0000000080000000, 0x0000000100000000)
  region size 1024K, 9 young (9216K), 9 survivors (9216K)
 Metaspace       used 53660K, committed 55296K, reserved 491520K
  class space    used 7461K, committed 8256K, reserved 425984K
}
Event: 25.228 GC heap before
{Heap before GC invocations=29 (full 0):
 garbage-first heap   total 206848K, used 180518K [0x0000000080000000, 0x0000000100000000)
  region size 1024K, 121 young (123904K), 9 survivors (9216K)
 Metaspace       used 53661K, committed 55296K, reserved 491520K
  class space    used 7461K, committed 8256K, reserved 425984K
}
Event: 25.238 GC heap after
{Heap after GC invocations=30 (full 0):
 garbage-first heap   total 206848K, used 66229K [0x0000000080000000, 0x0000000100000000)
  region size 1024K, 9 young (9216K), 9 survivors (9216K)
 Metaspace       used 53661K, committed 55296K, reserved 491520K
  class space    used 7461K, committed 8256K, reserved 425984K
}
Event: 25.608 GC heap before
{Heap before GC invocations=30 (full 0):
 garbage-first heap   total 206848K, used 180917K [0x0000000080000000, 0x0000000100000000)
  region size 1024K, 121 young (123904K), 9 survivors (9216K)
 Metaspace       used 53661K, committed 55296K, reserved 491520K
  class space    used 7461K, committed 8256K, reserved 425984K
}
Event: 25.622 GC heap after
{Heap after GC invocations=31 (full 0):
 garbage-first heap   total 206848K, used 66759K [0x0000000080000000, 0x0000000100000000)
  region size 1024K, 7 young (7168K), 7 survivors (7168K)
 Metaspace       used 53661K, committed 55296K, reserved 491520K
  class space    used 7461K, committed 8256K, reserved 425984K
}
Event: 26.049 GC heap before
{Heap before GC invocations=31 (full 0):
 garbage-first heap   total 206848K, used 183495K [0x0000000080000000, 0x0000000100000000)
  region size 1024K, 121 young (123904K), 7 survivors (7168K)
 Metaspace       used 53666K, committed 55296K, reserved 491520K
  class space    used 7461K, committed 8256K, reserved 425984K
}
Event: 26.060 GC heap after
{Heap after GC invocations=32 (full 0):
 garbage-first heap   total 248832K, used 68006K [0x0000000080000000, 0x0000000100000000)
  region size 1024K, 8 young (8192K), 8 survivors (8192K)
 Metaspace       used 53666K, committed 55296K, reserved 491520K
  class space    used 7461K, committed 8256K, reserved 425984K
}
Event: 26.574 GC heap before
{Heap before GC invocations=32 (full 0):
 garbage-first heap   total 248832K, used 208294K [0x0000000080000000, 0x0000000100000000)
  region size 1024K, 145 young (148480K), 8 survivors (8192K)
 Metaspace       used 53670K, committed 55296K, reserved 491520K
  class space    used 7461K, committed 8256K, reserved 425984K
}
Event: 26.585 GC heap after
{Heap after GC invocations=33 (full 0):
 garbage-first heap   total 248832K, used 68370K [0x0000000080000000, 0x0000000100000000)
  region size 1024K, 9 young (9216K), 9 survivors (9216K)
 Metaspace       used 53670K, committed 55296K, reserved 491520K
  class space    used 7461K, committed 8256K, reserved 425984K
}
Event: 27.001 GC heap before
{Heap before GC invocations=33 (full 0):
 garbage-first heap   total 248832K, used 207634K [0x0000000080000000, 0x0000000100000000)
  region size 1024K, 145 young (148480K), 9 survivors (9216K)
 Metaspace       used 53671K, committed 55296K, reserved 491520K
  class space    used 7461K, committed 8256K, reserved 425984K
}
Event: 27.011 GC heap after
{Heap after GC invocations=34 (full 0):
 garbage-first heap   total 248832K, used 68395K [0x0000000080000000, 0x0000000100000000)
  region size 1024K, 9 young (9216K), 9 survivors (9216K)
 Metaspace       used 53671K, committed 55296K, reserved 491520K
  class space    used 7461K, committed 8256K, reserved 425984K
}
Event: 27.434 GC heap before
{Heap before GC invocations=34 (full 0):
 garbage-first heap   total 248832K, used 207659K [0x0000000080000000, 0x0000000100000000)
  region size 1024K, 145 young (148480K), 9 survivors (9216K)
 Metaspace       used 53675K, committed 55360K, reserved 491520K
  class space    used 7461K, committed 8256K, reserved 425984K
}
Event: 27.445 GC heap after
{Heap after GC invocations=35 (full 0):
 garbage-first heap   total 248832K, used 69432K [0x0000000080000000, 0x0000000100000000)
  region size 1024K, 10 young (10240K), 10 survivors (10240K)
 Metaspace       used 53675K, committed 55360K, reserved 491520K
  class space    used 7461K, committed 8256K, reserved 425984K
}
Event: 27.840 GC heap before
{Heap before GC invocations=35 (full 0):
 garbage-first heap   total 248832K, used 207672K [0x0000000080000000, 0x0000000100000000)
  region size 1024K, 145 young (148480K), 10 survivors (10240K)
 Metaspace       used 53675K, committed 55360K, reserved 491520K
  class space    used 7461K, committed 8256K, reserved 425984K
}
Event: 27.853 GC heap after
{Heap after GC invocations=36 (full 0):
 garbage-first heap   total 299008K, used 70045K [0x0000000080000000, 0x0000000100000000)
  region size 1024K, 10 young (10240K), 10 survivors (10240K)
 Metaspace       used 53675K, committed 55360K, reserved 491520K
  class space    used 7461K, committed 8256K, reserved 425984K
}

Dll operation events (14 events):
Event: 0.007 Loaded shared library C:\Users\phoenixSwan69\.vscode\extensions\redhat.java-1.53.0-win32-x64\jre\21.0.10-win32-x86_64\bin\java.dll
Event: 0.095 Loaded shared library C:\Users\phoenixSwan69\.vscode\extensions\redhat.java-1.53.0-win32-x64\jre\21.0.10-win32-x86_64\bin\zip.dll
Event: 0.142 Loaded shared library C:\Users\phoenixSwan69\.vscode\extensions\redhat.java-1.53.0-win32-x64\jre\21.0.10-win32-x86_64\bin\instrument.dll
Event: 0.149 Loaded shared library C:\Users\phoenixSwan69\.vscode\extensions\redhat.java-1.53.0-win32-x64\jre\21.0.10-win32-x86_64\bin\net.dll
Event: 0.150 Loaded shared library C:\Users\phoenixSwan69\.vscode\extensions\redhat.java-1.53.0-win32-x64\jre\21.0.10-win32-x86_64\bin\nio.dll
Event: 0.155 Loaded shared library C:\Users\phoenixSwan69\.vscode\extensions\redhat.java-1.53.0-win32-x64\jre\21.0.10-win32-x86_64\bin\zip.dll
Event: 0.841 Loaded shared library C:\Users\phoenixSwan69\.vscode\extensions\redhat.java-1.53.0-win32-x64\jre\21.0.10-win32-x86_64\bin\jimage.dll
Event: 1.072 Loaded shared library C:\Users\phoenixSwan69\.vscode\extensions\redhat.java-1.53.0-win32-x64\jre\21.0.10-win32-x86_64\bin\verify.dll
Event: 1.250 Loaded shared library C:\Users\phoenixSwan69\.gradle\native\1def1411415f61bf3af743bc5b6707747c0891f09f0c88961ee8f79bc544acac\windows-amd64\native-platform.dll
Event: 1.270 Loaded shared library C:\Users\phoenixSwan69\.gradle\native\0.2.7\x86_64-windows-gnu\gradle-fileevents.dll
Event: 3.044 Loaded shared library C:\Users\phoenixSwan69\.vscode\extensions\redhat.java-1.53.0-win32-x64\jre\21.0.10-win32-x86_64\bin\management.dll
Event: 3.046 Loaded shared library C:\Users\phoenixSwan69\.vscode\extensions\redhat.java-1.53.0-win32-x64\jre\21.0.10-win32-x86_64\bin\management_ext.dll
Event: 3.225 Loaded shared library C:\Users\phoenixSwan69\.vscode\extensions\redhat.java-1.53.0-win32-x64\jre\21.0.10-win32-x86_64\bin\extnet.dll
Event: 3.526 Loaded shared library C:\Users\phoenixSwan69\.vscode\extensions\redhat.java-1.53.0-win32-x64\jre\21.0.10-win32-x86_64\bin\sunmscapi.dll

Deoptimization events (20 events):
Event: 28.184 Thread 0x000001a9ecb97690 DEOPT PACKING pc=0x000001a9db325540 sp=0x00000058e2af52c0
Event: 28.184 Thread 0x000001a9ecb97690 DEOPT UNPACKING pc=0x000001a9da724422 sp=0x00000058e2af5268 mode 2
Event: 28.184 Thread 0x000001a9ecb97690 Uncommon trap: trap_request=0xffffff45 fr.pc=0x000001a9db33f8a4 relative=0x0000000000008144
Event: 28.184 Thread 0x000001a9ecb97690 Uncommon trap: reason=unstable_if action=reinterpret pc=0x000001a9db33f8a4 method=org.objectweb.asm.ClassReader.readCode(Lorg/objectweb/asm/MethodVisitor;Lorg/objectweb/asm/Context;I)V @ 1824 c2
Event: 28.184 Thread 0x000001a9ecb97690 DEOPT PACKING pc=0x000001a9db33f8a4 sp=0x00000058e2af5000
Event: 28.184 Thread 0x000001a9ecb97690 DEOPT UNPACKING pc=0x000001a9da724422 sp=0x00000058e2af4f58 mode 2
Event: 28.185 Thread 0x000001a9ecb97690 Uncommon trap: trap_request=0xffffff45 fr.pc=0x000001a9db30da50 relative=0x00000000000007f0
Event: 28.185 Thread 0x000001a9ecb97690 Uncommon trap: reason=unstable_if action=reinterpret pc=0x000001a9db30da50 method=org.objectweb.asm.MethodWriter.computeMethodInfoSize()I @ 279 c2
Event: 28.185 Thread 0x000001a9ecb97690 DEOPT PACKING pc=0x000001a9db30da50 sp=0x00000058e2af52e0
Event: 28.185 Thread 0x000001a9ecb97690 DEOPT UNPACKING pc=0x000001a9da724422 sp=0x00000058e2af5278 mode 2
Event: 28.185 Thread 0x000001a9ecb97690 Uncommon trap: trap_request=0xffffff45 fr.pc=0x000001a9db311550 relative=0x0000000000002870
Event: 28.185 Thread 0x000001a9ecb97690 Uncommon trap: reason=unstable_if action=reinterpret pc=0x000001a9db311550 method=org.objectweb.asm.MethodWriter.putMethodInfo(Lorg/objectweb/asm/ByteVector;)V @ 424 c2
Event: 28.185 Thread 0x000001a9ecb97690 DEOPT PACKING pc=0x000001a9db311550 sp=0x00000058e2af5290
Event: 28.185 Thread 0x000001a9ecb97690 DEOPT UNPACKING pc=0x000001a9da724422 sp=0x00000058e2af5248 mode 2
Event: 28.338 Thread 0x000001a9ecb97690 DEOPT PACKING pc=0x000001a9d42bbbfe sp=0x00000058e2af4d40
Event: 28.338 Thread 0x000001a9ecb97690 DEOPT UNPACKING pc=0x000001a9da724bc2 sp=0x00000058e2af4450 mode 0
Event: 28.436 Thread 0x000001a9ecb97690 DEOPT PACKING pc=0x000001a9d42bbca3 sp=0x00000058e2af4d40
Event: 28.436 Thread 0x000001a9ecb97690 DEOPT UNPACKING pc=0x000001a9da724bc2 sp=0x00000058e2af4450 mode 0
Event: 28.513 Thread 0x000001a9ecb97690 DEOPT PACKING pc=0x000001a9d42bbbfe sp=0x00000058e2af4d40
Event: 28.513 Thread 0x000001a9ecb97690 DEOPT UNPACKING pc=0x000001a9da724bc2 sp=0x00000058e2af4450 mode 0

Classes loaded (20 events):
Event: 15.755 Loading class java/util/Collections$SynchronizedRandomAccessList
Event: 15.756 Loading class java/util/Collections$SynchronizedList
Event: 15.756 Loading class java/util/Collections$SynchronizedList done
Event: 15.756 Loading class java/util/Collections$SynchronizedRandomAccessList done
Event: 16.187 Loading class java/nio/charset/UnsupportedCharsetException
Event: 16.187 Loading class java/nio/charset/UnsupportedCharsetException done
Event: 16.190 Loading class java/util/Collections$UnmodifiableSortedMap
Event: 16.191 Loading class java/util/Collections$UnmodifiableSortedMap done
Event: 16.194 Loading class java/util/zip/Deflater
Event: 16.194 Loading class java/util/zip/Deflater done
Event: 16.195 Loading class java/util/zip/Deflater$DeflaterZStreamRef
Event: 16.195 Loading class java/util/zip/Deflater$DeflaterZStreamRef done
Event: 16.201 Loading class java/util/zip/ZipFile$ZipEntryIterator
Event: 16.202 Loading class java/util/zip/ZipFile$ZipEntryIterator done
Event: 16.244 Loading class java/nio/StringCharBuffer
Event: 16.244 Loading class java/nio/StringCharBuffer done
Event: 16.680 Loading class java/lang/foreign/MemorySegment
Event: 16.680 Loading class java/lang/foreign/MemorySegment done
Event: 21.601 Loading class java/util/regex/Pattern$Caret
Event: 21.601 Loading class java/util/regex/Pattern$Caret done

Classes unloaded (0 events):
No events

Classes redefined (0 events):
No events

Internal exceptions (20 events):
Event: 15.211 Thread 0x000001a9ecb97690 Exception <a 'java/lang/NoSuchMethodError'{0x0000000089045f58}: 'java.lang.Object java.lang.invoke.DirectMethodHandle$Holder.invokeStatic(java.lang.Object, java.lang.Object, java.lang.Object, java.lang.Object, java.lang.Object, java.lang.Object, java.lang.Object, java.lang.Object, java.lang.Object, java.lang.Object, java.lang.Object, java.lang.Object, java.lang.Object, java.lang.Object, java.lang.Object, java.lang.Object, java.lang.Object, java.lang.Object, java.lang.Object, java.lang.Object, java.lang.Obj
Event: 15.215 Thread 0x000001a9ecb97690 Exception <a 'java/lang/NoSuchMethodError'{0x0000000089083050}: 'java.lang.Object java.lang.invoke.DirectMethodHandle$Holder.invokeStatic(java.lang.Object, java.lang.Object, java.lang.Object, java.lang.Object, java.lang.Object, java.lang.Object, java.lang.Object, java.lang.Object, java.lang.Object, java.lang.Object, java.lang.Object, java.lang.Object, java.lang.Object, java.lang.Object, java.lang.Object, java.lang.Object, java.lang.Object, java.lang.Object, java.lang.Object, java.lang.Object, java.lang.Obj
Event: 15.218 Thread 0x000001a9ecb97690 Exception <a 'java/lang/NoSuchMethodError'{0x00000000890c05d8}: 'java.lang.Object java.lang.invoke.DirectMethodHandle$Holder.invokeStatic(java.lang.Object, java.lang.Object, java.lang.Object, java.lang.Object, java.lang.Object, java.lang.Object, java.lang.Object, java.lang.Object, java.lang.Object, java.lang.Object, java.lang.Object, java.lang.Object, java.lang.Object, java.lang.Object, java.lang.Object, java.lang.Object, java.lang.Object, java.lang.Object, java.lang.Object, java.lang.Object, java.lang.Obj
Event: 15.222 Thread 0x000001a9ecb97690 Exception <a 'java/lang/NoSuchMethodError'{0x00000000890fef20}: 'java.lang.Object java.lang.invoke.DirectMethodHandle$Holder.invokeStatic(java.lang.Object, java.lang.Object, java.lang.Object, java.lang.Object, java.lang.Object, java.lang.Object, java.lang.Object, java.lang.Object, java.lang.Object, java.lang.Object, java.lang.Object, java.lang.Object, java.lang.Object, java.lang.Object, java.lang.Object, java.lang.Object, java.lang.Object, java.lang.Object, java.lang.Object, java.lang.Object, java.lang.Obj
Event: 15.227 Thread 0x000001a9ecb97690 Exception <a 'java/lang/NoSuchMethodError'{0x0000000088f3f988}: 'java.lang.Object java.lang.invoke.DirectMethodHandle$Holder.invokeStatic(java.lang.Object, java.lang.Object, java.lang.Object, java.lang.Object, java.lang.Object, java.lang.Object, java.lang.Object, java.lang.Object, java.lang.Object, java.lang.Object, java.lang.Object, java.lang.Object, java.lang.Object, java.lang.Object, java.lang.Object, java.lang.Object, java.lang.Object, java.lang.Object, java.lang.Object, java.lang.Object, java.lang.Obj
Event: 15.265 Thread 0x000001a9ecb97690 Exception <a 'java/lang/NoSuchMethodError'{0x0000000088e19318}: 'java.lang.Object java.lang.invoke.DirectMethodHandle$Holder.newInvokeSpecial(java.lang.Object, java.lang.Object, java.lang.Object, java.lang.Object, java.lang.Object, java.lang.Object, java.lang.Object, java.lang.Object, java.lang.Object, java.lang.Object, java.lang.Object, java.lang.Object, java.lang.Object, java.lang.Object, java.lang.Object, java.lang.Object, java.lang.Object, java.lang.Object, java.lang.Object)'> (0x0000000088e19318) 
thr
Event: 15.266 Thread 0x000001a9ecb97690 Exception <a 'java/lang/NoSuchMethodError'{0x0000000088e20358}: 'java.lang.Object java.lang.invoke.DirectMethodHandle$Holder.invokeSpecial(java.lang.Object, java.lang.Object, java.lang.Object, java.lang.Object, java.lang.Object, java.lang.Object, java.lang.Object, java.lang.Object, java.lang.Object, java.lang.Object, java.lang.Object, java.lang.Object, java.lang.Object, java.lang.Object, java.lang.Object, java.lang.Object, java.lang.Object, java.lang.Object, java.lang.Object, java.lang.Object)'> (0x0000000
Event: 15.266 Thread 0x000001a9ecb97690 Exception <a 'java/lang/NoSuchMethodError'{0x0000000088e25ed8}: 'java.lang.Object java.lang.invoke.DelegatingMethodHandle$Holder.reinvoke_L(java.lang.Object, java.lang.Object, java.lang.Object, java.lang.Object, java.lang.Object, java.lang.Object, java.lang.Object, java.lang.Object, java.lang.Object, java.lang.Object, java.lang.Object, java.lang.Object, java.lang.Object, java.lang.Object, java.lang.Object, java.lang.Object, java.lang.Object, java.lang.Object, java.lang.Object)'> (0x0000000088e25ed8) 
throw
Event: 15.673 Thread 0x000001a9ecb97690 Exception <a 'sun/nio/fs/WindowsException'{0x00000000885e4f90}> (0x00000000885e4f90) 
thrown [s\src\hotspot\share\prims\jni.cpp, line 520]
Event: 15.673 Thread 0x000001a9ecb97690 Exception <a 'sun/nio/fs/WindowsException'{0x00000000885e6ce8}> (0x00000000885e6ce8) 
thrown [s\src\hotspot\share\prims\jni.cpp, line 520]
Event: 15.673 Thread 0x000001a9ecb97690 Exception <a 'sun/nio/fs/WindowsException'{0x00000000885e8a30}> (0x00000000885e8a30) 
thrown [s\src\hotspot\share\prims\jni.cpp, line 520]
Event: 15.674 Thread 0x000001a9ecb97690 Exception <a 'sun/nio/fs/WindowsException'{0x00000000885ea350}> (0x00000000885ea350) 
thrown [s\src\hotspot\share\prims\jni.cpp, line 520]
Event: 15.736 Thread 0x000001a9ecb97690 Exception <a 'java/lang/NoSuchMethodError'{0x0000000088329378}: 'java.lang.Object java.lang.invoke.Invokers$Holder.invoker(java.lang.Object, java.lang.Object, java.lang.Object, java.lang.Object, java.lang.Object, java.lang.Object)'> (0x0000000088329378) 
thrown [s\src\hotspot\share\interpreter\linkResolver.cpp, line 773]
Event: 15.780 Thread 0x000001a9ecb97690 Exception <a 'java/lang/NoSuchMethodError'{0x0000000088275b50}: 'java.lang.Object java.lang.invoke.DirectMethodHandle$Holder.invokeSpecial(java.lang.Object, java.lang.Object, java.lang.Object, java.lang.Object, java.lang.Object, java.lang.Object, java.lang.Object, java.lang.Object, java.lang.Object, java.lang.Object, java.lang.Object, java.lang.Object, java.lang.Object, java.lang.Object, java.lang.Object, java.lang.Object, java.lang.Object, java.lang.Object, java.lang.Object, java.lang.Object, java.lang.Ob
Event: 15.780 Thread 0x000001a9ecb97690 Exception <a 'java/lang/NoSuchMethodError'{0x000000008827c438}: 'java.lang.Object java.lang.invoke.DelegatingMethodHandle$Holder.reinvoke_L(java.lang.Object, java.lang.Object, java.lang.Object, java.lang.Object, java.lang.Object, java.lang.Object, java.lang.Object, java.lang.Object, java.lang.Object, java.lang.Object, java.lang.Object, java.lang.Object, java.lang.Object, java.lang.Object, java.lang.Object, java.lang.Object, java.lang.Object, java.lang.Object, java.lang.Object, java.lang.Object, java.lang.O
Event: 15.781 Thread 0x000001a9ecb97690 Exception <a 'java/lang/NoSuchMethodError'{0x00000000882885a8}: 'java.lang.Object java.lang.invoke.Invokers$Holder.invoker(java.lang.Object, java.lang.Object, java.lang.Object, java.lang.Object, java.lang.Object, java.lang.Object, java.lang.Object, java.lang.Object, java.lang.Object, java.lang.Object, java.lang.Object, java.lang.Object, java.lang.Object, java.lang.Object, java.lang.Object, java.lang.Object, java.lang.Object, java.lang.Object, java.lang.Object, java.lang.Object, java.lang.Object, java.lang.
Event: 15.782 Thread 0x000001a9ecb97690 Exception <a 'java/lang/NoSuchMethodError'{0x000000008828f740}: 'java.lang.Object java.lang.invoke.DelegatingMethodHandle$Holder.delegate(java.lang.Object, java.lang.Object, java.lang.Object, java.lang.Object, java.lang.Object, java.lang.Object, java.lang.Object, java.lang.Object, java.lang.Object, java.lang.Object, java.lang.Object, java.lang.Object, java.lang.Object, java.lang.Object, java.lang.Object, java.lang.Object, java.lang.Object, java.lang.Object, java.lang.Object, java.lang.Object, java.lang.Obj
Event: 16.170 Thread 0x000001a9ecb97690 Exception <a 'sun/nio/fs/WindowsException'{0x00000000861c0dd8}> (0x00000000861c0dd8) 
thrown [s\src\hotspot\share\prims\jni.cpp, line 520]
Event: 16.171 Thread 0x000001a9ecb97690 Exception <a 'sun/nio/fs/WindowsException'{0x00000000861c2c10}> (0x00000000861c2c10) 
thrown [s\src\hotspot\share\prims\jni.cpp, line 520]
Event: 16.203 Thread 0x000001a9ecb97690 Implicit null exception at 0x000001a9dad398ef to 0x000001a9dad3a4e4

ZGC Phase Switch (0 events):
No events

VM Operations (20 events):
Event: 23.755 Executing safepoint VM operation: Cleanup
Event: 23.755 Executing safepoint VM operation: Cleanup done
Event: 23.865 Executing safepoint VM operation: G1CollectForAllocation (G1 Evacuation Pause)
Event: 23.876 Executing safepoint VM operation: G1CollectForAllocation (G1 Evacuation Pause) done
Event: 24.766 Executing safepoint VM operation: G1CollectForAllocation (G1 Evacuation Pause)
Event: 24.779 Executing safepoint VM operation: G1CollectForAllocation (G1 Evacuation Pause) done
Event: 25.228 Executing safepoint VM operation: G1CollectForAllocation (G1 Evacuation Pause)
Event: 25.238 Executing safepoint VM operation: G1CollectForAllocation (G1 Evacuation Pause) done
Event: 25.608 Executing safepoint VM operation: G1CollectForAllocation (G1 Evacuation Pause)
Event: 25.622 Executing safepoint VM operation: G1CollectForAllocation (G1 Evacuation Pause) done
Event: 26.049 Executing safepoint VM operation: G1CollectForAllocation (G1 Evacuation Pause)
Event: 26.060 Executing safepoint VM operation: G1CollectForAllocation (G1 Evacuation Pause) done
Event: 26.574 Executing safepoint VM operation: G1CollectForAllocation (G1 Evacuation Pause)
Event: 26.585 Executing safepoint VM operation: G1CollectForAllocation (G1 Evacuation Pause) done
Event: 27.001 Executing safepoint VM operation: G1CollectForAllocation (G1 Evacuation Pause)
Event: 27.011 Executing safepoint VM operation: G1CollectForAllocation (G1 Evacuation Pause) done
Event: 27.434 Executing safepoint VM operation: G1CollectForAllocation (G1 Evacuation Pause)
Event: 27.445 Executing safepoint VM operation: G1CollectForAllocation (G1 Evacuation Pause) done
Event: 27.840 Executing safepoint VM operation: G1CollectForAllocation (G1 Evacuation Pause)
Event: 27.853 Executing safepoint VM operation: G1CollectForAllocation (G1 Evacuation Pause) done

Memory protections (0 events):
No events

Nmethod flushes (20 events):
Event: 9.110 Thread 0x000001a9e6e32c70 flushing  nmethod 0x000001a9d356b590
Event: 9.110 Thread 0x000001a9e6e32c70 flushing  nmethod 0x000001a9d356d310
Event: 9.110 Thread 0x000001a9e6e32c70 flushing  nmethod 0x000001a9d3572690
Event: 9.110 Thread 0x000001a9e6e32c70 flushing  nmethod 0x000001a9d3572a90
Event: 9.110 Thread 0x000001a9e6e32c70 flushing  nmethod 0x000001a9d3574190
Event: 9.110 Thread 0x000001a9e6e32c70 flushing  nmethod 0x000001a9d3574a10
Event: 9.110 Thread 0x000001a9e6e32c70 flushing  nmethod 0x000001a9d358d290
Event: 9.110 Thread 0x000001a9e6e32c70 flushing  nmethod 0x000001a9d359e910
Event: 9.110 Thread 0x000001a9e6e32c70 flushing  nmethod 0x000001a9d35df810
Event: 9.110 Thread 0x000001a9e6e32c70 flushing  nmethod 0x000001a9d3600490
Event: 9.110 Thread 0x000001a9e6e32c70 flushing  nmethod 0x000001a9d3600e90
Event: 9.110 Thread 0x000001a9e6e32c70 flushing  nmethod 0x000001a9d3601710
Event: 9.110 Thread 0x000001a9e6e32c70 flushing  nmethod 0x000001a9d3604510
Event: 9.110 Thread 0x000001a9e6e32c70 flushing  nmethod 0x000001a9d3624290
Event: 9.110 Thread 0x000001a9e6e32c70 flushing  nmethod 0x000001a9d3624710
Event: 9.110 Thread 0x000001a9e6e32c70 flushing  nmethod 0x000001a9d3628190
Event: 9.110 Thread 0x000001a9e6e32c70 flushing  nmethod 0x000001a9d3693010
Event: 9.110 Thread 0x000001a9e6e32c70 flushing  nmethod 0x000001a9d35f6110
Event: 9.110 Thread 0x000001a9e6e32c70 flushing  nmethod 0x000001a9d3684d90
Event: 9.110 Thread 0x000001a9e6e32c70 flushing  nmethod 0x000001a9d368b610

Events (20 events):
Event: 7.146 Thread 0x000001a9ecb97690 Thread added: 0x000001a9ecb9c550
Event: 7.288 Thread 0x000001a9ecb97690 Thread added: 0x000001a9ecb9ecb0
Event: 7.288 Thread 0x000001a9ecb97690 Thread added: 0x000001a9ecb9cbe0
Event: 7.288 Thread 0x000001a9ecb97690 Thread added: 0x000001a9ecb990d0
Event: 9.296 Thread 0x000001a9ecb97690 Thread added: 0x000001a9eb51e710
Event: 10.317 Thread 0x000001a9ecb97690 Thread added: 0x000001a9eb521b90
Event: 10.346 Thread 0x000001a9ecb97690 Thread added: 0x000001a9eb522220
Event: 14.109 Thread 0x000001a9ecb97690 Thread added: 0x000001a9eb521500
Event: 14.145 Thread 0x000001a9eb521500 Thread added: 0x000001a9eb51fac0
Event: 14.145 Thread 0x000001a9eb521500 Thread added: 0x000001a9eb51b290
Event: 14.461 Thread 0x000001a9eb3fe330 Thread exited: 0x000001a9eb3fe330
Event: 14.480 Thread 0x000001a9e6e68ac0 Thread added: 0x000001a9edb37ee0
Event: 15.071 Thread 0x000001a9ecb97690 Thread added: 0x000001a9eb520150
Event: 15.146 Thread 0x000001a9ecb97690 Thread added: 0x000001a9eb5228b0
Event: 15.566 Thread 0x000001a9ecb97690 Thread added: 0x000001a9eb51b920
Event: 22.828 Thread 0x000001a9edb37ee0 Thread exited: 0x000001a9edb37ee0
Event: 23.556 Thread 0x000001a9e6e68ac0 Thread added: 0x000001a9edb37ee0
Event: 25.708 Thread 0x000001a9edb37ee0 Thread exited: 0x000001a9edb37ee0
Event: 27.204 Thread 0x000001a9e6e67750 Thread added: 0x000001a9edb37ee0
Event: 27.569 Thread 0x000001a9edb37ee0 Thread exited: 0x000001a9edb37ee0


Dynamic libraries:
0x00007ff6e6cc0000 - 0x00007ff6e6cce000 	C:\Users\phoenixSwan69\.vscode\extensions\redhat.java-1.53.0-win32-x64\jre\21.0.10-win32-x86_64\bin\java.exe
0x00007ffe3fbe0000 - 0x00007ffe3fde7000 	C:\Windows\SYSTEM32\ntdll.dll
0x00007ffe3e880000 - 0x00007ffe3e93d000 	C:\Windows\System32\KERNEL32.DLL
0x00007ffe3d5d0000 - 0x00007ffe3d942000 	C:\Windows\System32\KERNELBASE.dll
0x00007ffe3d1a0000 - 0x00007ffe3d2b1000 	C:\Windows\System32\ucrtbase.dll
0x00007ffe2e760000 - 0x00007ffe2e778000 	C:\Users\phoenixSwan69\.vscode\extensions\redhat.java-1.53.0-win32-x64\jre\21.0.10-win32-x86_64\bin\jli.dll
0x00007ffe3e1e0000 - 0x00007ffe3e38c000 	C:\Windows\System32\USER32.dll
0x00007ffe3d100000 - 0x00007ffe3d126000 	C:\Windows\System32\win32u.dll
0x00007ffe3e390000 - 0x00007ffe3e3b9000 	C:\Windows\System32\GDI32.dll
0x00007ffe3d4b0000 - 0x00007ffe3d5c2000 	C:\Windows\System32\gdi32full.dll
0x00007ffe3d950000 - 0x00007ffe3d9ed000 	C:\Windows\System32\msvcp_win.dll
0x00007ffe2ce60000 - 0x00007ffe2ce7e000 	C:\Users\phoenixSwan69\.vscode\extensions\redhat.java-1.53.0-win32-x64\jre\21.0.10-win32-x86_64\bin\VCRUNTIME140.dll
0x00007ffe24190000 - 0x00007ffe24435000 	C:\Windows\WinSxS\amd64_microsoft.windows.common-controls_6595b64144ccf1df_6.0.21996.1_none_7d6b053978bcd706\COMCTL32.dll
0x00007ffe3dc20000 - 0x00007ffe3dcc3000 	C:\Windows\System32\msvcrt.dll
0x00007ffe3f280000 - 0x00007ffe3f2b1000 	C:\Windows\System32\IMM32.DLL
0x00007ffe2e750000 - 0x00007ffe2e75c000 	C:\Users\phoenixSwan69\.vscode\extensions\redhat.java-1.53.0-win32-x64\jre\21.0.10-win32-x86_64\bin\vcruntime140_1.dll
0x00007ffe2cdd0000 - 0x00007ffe2ce5d000 	C:\Users\phoenixSwan69\.vscode\extensions\redhat.java-1.53.0-win32-x64\jre\21.0.10-win32-x86_64\bin\msvcp140.dll
0x00007ffdae160000 - 0x00007ffdaef01000 	C:\Users\phoenixSwan69\.vscode\extensions\redhat.java-1.53.0-win32-x64\jre\21.0.10-win32-x86_64\bin\server\jvm.dll
0x00007ffe3f680000 - 0x00007ffe3f72c000 	C:\Windows\System32\ADVAPI32.dll
0x00007ffe3e580000 - 0x00007ffe3e61d000 	C:\Windows\System32\sechost.dll
0x00007ffe3e620000 - 0x00007ffe3e741000 	C:\Windows\System32\RPCRT4.dll
0x00007ffe3e3d0000 - 0x00007ffe3e43f000 	C:\Windows\System32\WS2_32.dll
0x00007ffe3ce30000 - 0x00007ffe3ce7d000 	C:\Windows\SYSTEM32\POWRPROF.dll
0x00007ffe2f550000 - 0x00007ffe2f583000 	C:\Windows\SYSTEM32\WINMM.dll
0x00007ffe36c90000 - 0x00007ffe36c9a000 	C:\Windows\SYSTEM32\VERSION.dll
0x00007ffe3ce10000 - 0x00007ffe3ce23000 	C:\Windows\SYSTEM32\UMPDC.dll
0x00007ffe3c2a0000 - 0x00007ffe3c2b7000 	C:\Windows\SYSTEM32\kernel.appcore.dll
0x00007ffe2df70000 - 0x00007ffe2df7a000 	C:\Users\phoenixSwan69\.vscode\extensions\redhat.java-1.53.0-win32-x64\jre\21.0.10-win32-x86_64\bin\jimage.dll
0x00007ffe285e0000 - 0x00007ffe28801000 	C:\Windows\SYSTEM32\DBGHELP.DLL
0x00007ffe1aaf0000 - 0x00007ffe1ab21000 	C:\Windows\SYSTEM32\dbgcore.DLL
0x00007ffe3d430000 - 0x00007ffe3d4b0000 	C:\Windows\System32\bcryptPrimitives.dll
0x00007ffe2de60000 - 0x00007ffe2de6f000 	C:\Users\phoenixSwan69\.vscode\extensions\redhat.java-1.53.0-win32-x64\jre\21.0.10-win32-x86_64\bin\instrument.dll
0x00007ffe2cdb0000 - 0x00007ffe2cdd0000 	C:\Users\phoenixSwan69\.vscode\extensions\redhat.java-1.53.0-win32-x64\jre\21.0.10-win32-x86_64\bin\java.dll
0x00007ffe3e9c0000 - 0x00007ffe3f129000 	C:\Windows\System32\SHELL32.dll
0x00007ffe3b2c0000 - 0x00007ffe3bb18000 	C:\Windows\SYSTEM32\windows.storage.dll
0x00007ffe3de60000 - 0x00007ffe3e1d5000 	C:\Windows\System32\combase.dll
0x00007ffe3b150000 - 0x00007ffe3b2b6000 	C:\Windows\SYSTEM32\wintypes.dll
0x00007ffe3dd70000 - 0x00007ffe3de5a000 	C:\Windows\System32\SHCORE.dll
0x00007ffe3e440000 - 0x00007ffe3e49d000 	C:\Windows\System32\shlwapi.dll
0x00007ffe3d030000 - 0x00007ffe3d051000 	C:\Windows\SYSTEM32\profapi.dll
0x00007ffe27cf0000 - 0x00007ffe27d08000 	C:\Users\phoenixSwan69\.vscode\extensions\redhat.java-1.53.0-win32-x64\jre\21.0.10-win32-x86_64\bin\zip.dll
0x00007ffe2dce0000 - 0x00007ffe2dcf0000 	C:\Users\phoenixSwan69\.vscode\extensions\redhat.java-1.53.0-win32-x64\jre\21.0.10-win32-x86_64\bin\net.dll
0x00007ffe383d0000 - 0x00007ffe384dc000 	C:\Windows\SYSTEM32\WINHTTP.dll
0x00007ffe3c6b0000 - 0x00007ffe3c717000 	C:\Windows\system32\mswsock.dll
0x00007ffe27cd0000 - 0x00007ffe27ce6000 	C:\Users\phoenixSwan69\.vscode\extensions\redhat.java-1.53.0-win32-x64\jre\21.0.10-win32-x86_64\bin\nio.dll
0x00007ffe2cfb0000 - 0x00007ffe2cfc0000 	C:\Users\phoenixSwan69\.vscode\extensions\redhat.java-1.53.0-win32-x64\jre\21.0.10-win32-x86_64\bin\verify.dll
0x00007ffe2df80000 - 0x00007ffe2dfa7000 	C:\Users\phoenixSwan69\.gradle\native\1def1411415f61bf3af743bc5b6707747c0891f09f0c88961ee8f79bc544acac\windows-amd64\native-platform.dll
0x00007ffe2ded0000 - 0x00007ffe2df48000 	C:\Users\phoenixSwan69\.gradle\native\0.2.7\x86_64-windows-gnu\gradle-fileevents.dll
0x00007ffe27cb0000 - 0x00007ffe27cba000 	C:\Users\phoenixSwan69\.vscode\extensions\redhat.java-1.53.0-win32-x64\jre\21.0.10-win32-x86_64\bin\management.dll
0x00007ffe27a00000 - 0x00007ffe27a0c000 	C:\Users\phoenixSwan69\.vscode\extensions\redhat.java-1.53.0-win32-x64\jre\21.0.10-win32-x86_64\bin\management_ext.dll
0x00007ffe3e3c0000 - 0x00007ffe3e3c8000 	C:\Windows\System32\PSAPI.DLL
0x00007ffe3bde0000 - 0x00007ffe3be0d000 	C:\Windows\SYSTEM32\IPHLPAPI.DLL
0x00007ffe3dcd0000 - 0x00007ffe3dcd9000 	C:\Windows\System32\NSI.dll
0x00007ffe27cc0000 - 0x00007ffe27cc9000 	C:\Users\phoenixSwan69\.vscode\extensions\redhat.java-1.53.0-win32-x64\jre\21.0.10-win32-x86_64\bin\extnet.dll
0x00007ffe3c8f0000 - 0x00007ffe3c908000 	C:\Windows\SYSTEM32\CRYPTSP.dll
0x00007ffe3c200000 - 0x00007ffe3c235000 	C:\Windows\system32\rsaenh.dll
0x00007ffe3c7a0000 - 0x00007ffe3c7c9000 	C:\Windows\SYSTEM32\USERENV.dll
0x00007ffe3ca70000 - 0x00007ffe3ca97000 	C:\Windows\SYSTEM32\bcrypt.dll
0x00007ffe3c910000 - 0x00007ffe3c91c000 	C:\Windows\SYSTEM32\CRYPTBASE.dll
0x00007ffe2cca0000 - 0x00007ffe2ccae000 	C:\Users\phoenixSwan69\.vscode\extensions\redhat.java-1.53.0-win32-x64\jre\21.0.10-win32-x86_64\bin\sunmscapi.dll
0x00007ffe3d2c0000 - 0x00007ffe3d425000 	C:\Windows\System32\CRYPT32.dll
0x00007ffe3ca40000 - 0x00007ffe3ca68000 	C:\Windows\SYSTEM32\ncrypt.dll
0x00007ffe3ca00000 - 0x00007ffe3ca37000 	C:\Windows\SYSTEM32\NTASN1.dll
0x00007ffe2deb0000 - 0x00007ffe2deb8000 	C:\Windows\system32\wshunix.dll
0x00007ffe3ab00000 - 0x00007ffe3ab34000 	C:\Windows\SYSTEM32\ntmarta.dll

JVMTI agents:
C:\Users\phoenixSwan69\.gradle\wrapper\dists\gradle-8.14.3-bin\cv11ve7ro1n3o1j4so8xd9n66\gradle-8.14.3\lib\agents\gradle-instrumentation-agent-8.14.3.jar path:C:\Users\phoenixSwan69\.vscode\extensions\redhat.java-1.53.0-win32-x64\jre\21.0.10-win32-x86_64\bin\instrument.dll, loaded, initialized, instrumentlib options:none

dbghelp: loaded successfully - version: 4.0.5 - missing functions: none
symbol engine: initialized successfully - sym options: 0x614 - pdb path: .;C:\Users\phoenixSwan69\.vscode\extensions\redhat.java-1.53.0-win32-x64\jre\21.0.10-win32-x86_64\bin;C:\Windows\SYSTEM32;C:\Windows\WinSxS\amd64_microsoft.windows.common-controls_6595b64144ccf1df_6.0.21996.1_none_7d6b053978bcd706;C:\Users\phoenixSwan69\.vscode\extensions\redhat.java-1.53.0-win32-x64\jre\21.0.10-win32-x86_64\bin\server;C:\Users\phoenixSwan69\.gradle\native\1def1411415f61bf3af743bc5b6707747c0891f09f0c88961ee8f79bc544acac\windows-amd64;C:\Users\phoenixSwan69\.gradle\native\0.2.7\x86_64-windows-gnu

VM Arguments:
jvm_args: --add-opens=java.base/java.lang=ALL-UNNAMED --add-opens=java.base/java.lang.invoke=ALL-UNNAMED --add-opens=java.base/java.util=ALL-UNNAMED --add-opens=java.prefs/java.util.prefs=ALL-UNNAMED --add-exports=jdk.compiler/com.sun.tools.javac.api=ALL-UNNAMED --add-exports=jdk.compiler/com.sun.tools.javac.util=ALL-UNNAMED --add-opens=java.base/java.util=ALL-UNNAMED --add-opens=java.prefs/java.util.prefs=ALL-UNNAMED --add-opens=java.base/java.nio.charset=ALL-UNNAMED --add-opens=java.base/java.net=ALL-UNNAMED --add-opens=java.base/java.util.concurrent.atomic=ALL-UNNAMED --add-opens=java.xml/javax.xml.namespace=ALL-UNNAMED -XX:MaxMetaspaceSize=512m -Xmx2048m -Dfile.encoding=UTF-8 -Duser.country=ZW -Duser.language=en -Duser.variant -javaagent:C:\Users\phoenixSwan69\.gradle\wrapper\dists\gradle-8.14.3-bin\cv11ve7ro1n3o1j4so8xd9n66\gradle-8.14.3\lib\agents\gradle-instrumentation-agent-8.14.3.jar 
java_command: org.gradle.launcher.daemon.bootstrap.GradleDaemon 8.14.3
java_class_path (initial): C:\Users\phoenixSwan69\.gradle\wrapper\dists\gradle-8.14.3-bin\cv11ve7ro1n3o1j4so8xd9n66\gradle-8.14.3\lib\gradle-daemon-main-8.14.3.jar
Launcher Type: SUN_STANDARD

[Global flags]
     intx CICompilerCount                          = 3                                         {product} {ergonomic}
   size_t CompressedClassSpaceSize                 = 436207616                                 {product} {ergonomic}
     uint ConcGCThreads                            = 1                                         {product} {ergonomic}
     uint G1ConcRefinementThreads                  = 4                                         {product} {ergonomic}
   size_t G1HeapRegionSize                         = 1048576                                   {product} {ergonomic}
    uintx GCDrainStackTargetSize                   = 64                                        {product} {ergonomic}
   size_t InitialHeapSize                          = 132120576                                 {product} {ergonomic}
   size_t MarkStackSize                            = 4194304                                   {product} {ergonomic}
   size_t MaxHeapSize                              = 2147483648                                {product} {command line}
   size_t MaxMetaspaceSize                         = 536870912                                 {product} {command line}
   size_t MaxNewSize                               = 1287651328                                {product} {ergonomic}
   size_t MinHeapDeltaBytes                        = 1048576                                   {product} {ergonomic}
   size_t MinHeapSize                              = 8388608                                   {product} {ergonomic}
    uintx NonNMethodCodeHeapSize                   = 5832780                                {pd product} {ergonomic}
    uintx NonProfiledCodeHeapSize                  = 122912730                              {pd product} {ergonomic}
    uintx ProfiledCodeHeapSize                     = 122912730                              {pd product} {ergonomic}
    uintx ReservedCodeCacheSize                    = 251658240                              {pd product} {ergonomic}
     bool SegmentedCodeCache                       = true                                      {product} {ergonomic}
   size_t SoftMaxHeapSize                          = 2147483648                             {manageable} {ergonomic}
     bool UseCompressedOops                        = true                           {product lp64_product} {ergonomic}
     bool UseG1GC                                  = true                                      {product} {ergonomic}
     bool UseLargePagesIndividualAllocation        = false                                  {pd product} {ergonomic}

Logging:
Log output configuration:
 #0: stdout all=warning uptime,level,tags foldmultilines=false
 #1: stderr all=off uptime,level,tags foldmultilines=false

Release file:
JAVA_VERSION="21.0.10" 
MODULES="java.base java.compiler java.datatransfer java.xml java.prefs java.desktop java.instrument java.logging java.management java.security.sasl java.naming java.rmi java.management.rmi java.net.http java.scripting java.security.jgss java.transaction.xa java.sql java.sql.rowset java.xml.crypto java.se java.smartcardio jdk.accessibility jdk.internal.jvmstat jdk.attach jdk.charsets jdk.internal.opt jdk.zipfs jdk.compiler jdk.crypto.ec jdk.crypto.cryptoki jdk.crypto.mscapi jdk.dynalink jdk.internal.ed jdk.editpad jdk.hotspot.agent jdk.httpserver jdk.internal.le jdk.internal.vm.ci jdk.internal.vm.compiler jdk.internal.vm.compiler.management jdk.jartool jdk.javadoc jdk.jcmd jdk.management jdk.management.agent jdk.jconsole jdk.jdeps jdk.jdwp.agent jdk.jdi jdk.jfr jdk.jshell jdk.jsobject jdk.jstatd jdk.localedata jdk.management.jfr jdk.naming.dns jdk.naming.rmi jdk.net jdk.nio.mapmode jdk.random jdk.sctp jdk.security.auth jdk.security.jgss jdk.unsupported jdk.unsupported.desktop jdk.xml.dom" 

Environment Variables:
PATH=C:\Program Files\Common Files\Oracle\Java\javapath;C:\Program Files (x86)\Common Files\Oracle\Java\java8path;C:\Program Files (x86)\Common Files\Oracle\Java\javapath;C:\Program Files (x86)\NVIDIA Corporation\PhysX\Common;C:\Windows\system32;C:\Windows;C:\Windows\System32\Wbem;C:\Windows\System32\WindowsPowerShell\v1.0\;C:\Windows\System32\OpenSSH\;C:\Program Files\nodejs;C:\Program Files\nodejs\;C:\Program Files\Microsoft SQL Server\170\Tools\Binn\;C:\Program Files\Microsoft SQL Server\Client SDK\ODBC\170\Tools\Binn\;C:\Program Files (x86)\Windows Kits\10\Windows Performance Toolkit\;C:\Program Files\dotnet\;C:\Users\phoenixSwan69\AppData\Local\Microsoft\WindowsApps;C:\Users\phoenixSwan69\AppData\Local\Programs\Microsoft VS Code\bin;C:\Users\phoenixSwan69\AppData\Roaming\npm;C:\Program Files\nodejs;C:\Git\cmd;C:\Program Files\JetBrains\IntelliJ IDEA 2025.3.3\bin;C:\Users\phoenixSwan69\.dotnet\tools
USERNAME=phoenixSwan69
OS=Windows_NT
PROCESSOR_IDENTIFIER=Intel64 Family 6 Model 142 Stepping 9, GenuineIntel
TMP=C:\Users\PHOENI~1\AppData\Local\Temp
TEMP=C:\Users\PHOENI~1\AppData\Local\Temp




Periodic native trim disabled

---------------  S Y S T E M  ---------------

OS:
 Windows 10 , 64 bit Build 21996 (10.0.21996.1)
OS uptime: 0 days 0:49 hours

CPU: total 4 (initial active 4) (2 cores per cpu, 2 threads per core) family 6 model 142 stepping 9 microcode 0xde, cx8, cmov, fxsr, ht, mmx, 3dnowpref, sse, sse2, sse3, ssse3, sse4.1, sse4.2, popcnt, lzcnt, tsc, tscinvbit, avx, avx2, aes, erms, clmul, bmi1, bmi2, rtm, adx, fma, vzeroupper, clflush, clflushopt, rdtscp, f16c
Processor Information for the first 4 processors :
  Max Mhz: 2904, Current Mhz: 2803, Mhz Limit: 2787

Memory: 4k page, system-wide physical 7971M (746M free)
TotalPageFile size 7971M (AvailPageFile size 81M)
current process WorkingSet (physical memory assigned to process): 494M, peak: 494M
current process commit charge ("private bytes"): 527M, peak: 530M

vm_info: OpenJDK 64-Bit Server VM (21.0.10+7-LTS) for windows-amd64 JRE (21.0.10+7-LTS), built on 2026-01-20T00:00:00Z by "admin" with MS VC++ 17.12 (VS2022)

END.
